<?xml version="1.0" encoding="UTF-8"?>
<testsuite xmlns:xsi="http://www.w3.org/2001/XMLSchema-instance" xsi:schemaLocation="https://maven.apache.org/surefire/maven-surefire-plugin/xsd/surefire-test-report.xsd" name="TestSuite" time="255.16" tests="16" errors="0" skipped="0" failures="2">
  <properties>
[...]
</properties>
  <testcase name="findStorePage" classname="findastore.FindAStore" time="2.857"/>
  <testcase name="signingin" classname="signin.SignIn" time="2.74">
    <failure message="Element is not enabled&#10;Build info: version: &apos;3.4.0&apos;, revision: &apos;unknown&apos;, time: &apos;unknown&apos;&#10;System info: host: &apos;KANGSTA&apos;, ip: &apos;192.168.45.1&apos;, os.name: &apos;Windows 10&apos;, os.arch: &apos;amd64&apos;, os.version: &apos;10.0&apos;, java.version: &apos;1.8.0_121&apos;&#10;Driver info: org.openqa.selenium.firefox.FirefoxDriver&#10;Capabilities [{moz:profile=C:\Users\saadi\AppData\Local\Temp\rust_mozprofile.0syZY1nHygFq, rotatable=false, timeouts={implicit=0.0, pageLoad=300000.0, script=30000.0}, pageLoadStrategy=normal, platform=ANY, specificationLevel=0.0, moz:accessibilityChecks=false, acceptInsecureCerts=false, browserVersion=53.0.3, platformVersion=10.0, moz:processID=13936.0, browserName=firefox, javascriptEnabled=true, platformName=windows_nt}]&#10;Session ID: 2eaba174-0ae1-4ad4-8e75-1c4b4d36047b" type="org.openqa.selenium.InvalidElementStateException">org.openqa.selenium.InvalidElementStateException: 
Element is not enabled
Build info: version: '3.4.0', revision: 'unknown', time: 'unknown'
System info: host: 'KANGSTA', ip: '192.168.45.1', os.name: 'Windows 10', os.arch: 'amd64', os.version: '10.0', java.version: '1.8.0_121'
Driver info: org.openqa.selenium.firefox.FirefoxDriver
Capabilities [{moz:profile=C:\Users\saadi\AppData\Local\Temp\rust_mozprofile.0syZY1nHygFq, rotatable=false, timeouts={implicit=0.0, pageLoad=300000.0, script=30000.0}, pageLoadStrategy=normal, platform=ANY, specificationLevel=0.0, moz:accessibilityChecks=false, acceptInsecureCerts=false, browserVersion=53.0.3, platformVersion=10.0, moz:processID=13936.0, browserName=firefox, javascriptEnabled=true, platformName=windows_nt}]
Session ID: 2eaba174-0ae1-4ad4-8e75-1c4b4d36047b
	at signin.SignIn.signingin(SignIn.java:25)
</failure>
    <system-out><![CDATA[It has been called
Epic: SignIn AC:1,2 <a https://peoplentch.atlassian.net/browse/GREEN-7> GREEN-7 </a>
Launch local browser Instance
SignInPage: click On Sign In
]]></system-out>
    <system-err><![CDATA[1495912511955	Marionette	INFO	New connections will no longer be accepted
1495912513511	geckodriver	INFO	Listening on 127.0.0.1:47735
1495912514079	geckodriver::marionette	INFO	Starting browser \\?\C:\Program Files (x86)\Mozilla Firefox\firefox.exe with args ["-marionette"]
1495912514531	addons.manaJger	ERROR	startup faavaScript error: resource://gre/iled: m[Exception... "Component returned failure code: 0x80070057 (NS_ERROR_ILLEGAL_VALUE) [onsIFile.create]"  nsresult: "0x80070057 (NS_ERROR_ILLEGAL_VALdUules/AddoEn)"  locatManager.jsm, line 1657: NS_ERion: "JS frame :: resource://gre/modules/FileUtils.jsROR_NOT_INITIALIZED: AddonManager is not initialized
m :: FileUtils_getDir :: line 70"  data: no] Stack trace: FileUtils_getDir()@resource://gre/modules/FileUtils.jsm:70 < FileUtils_getFile()@resource://gre/modules/FileUtils.jsm:42 < validateBlocklist()@resource://gre/modules/AddonManager.jsm:671 < startup()@resource://gre/modules/AddonManager.jsm:834 < startup()@resource://gre/modules/AddonManager.jsm:3129 < observe()@resource://gre/components/addonManager.js:65
1495912518554	Marionette	INFO	Listening on port 61735
JavaScript error: resource://gre/modules/AddonManager.jsm, line 2570: NS_ERROR_NOT_INITIALIZED: AddonManager is not initialized
May 27, 2017 3:15:19 PM org.openqa.selenium.remote.ProtocolHandshake createSession
INFO: Detected dialect: W3C
]]></system-err>
  </testcase>
  <testcase name="coffee" classname="clickontabs.CoffeeTab" time="2.771"/>
  <testcase name="latte" classname="moreoptions.Coffee" time="4.554"/>
  <testcase name="tea" classname="clickontabs.TeaTab" time="2.425"/>
  <testcase name="chai" classname="moreoptions.Tea" time="5.31"/>
  <testcase name="menu" classname="clickontabs.MenuTab" time="2.379"/>
  <testcase name="menu" classname="moreoptions.Menu" time="4.014"/>
  <testcase name="coffeeHouse" classname="clickontabs.CoffeeHouseTab" time="2.465"/>
  <testcase name="coffeeHouse" classname="moreoptions.CoffeeHouse" time="4.103"/>
  <testcase name="socialImpact" classname="clickontabs.SocialImpactTab" time="2.426"/>
  <testcase name="social" classname="moreoptions.SocialImpact" time="4.202"/>
  <testcase name="card" classname="clickontabs.CardTab" time="2.469"/>
  <testcase name="card" classname="moreoptions.Card" time="5.921">
    <failure message="Element is not enabled&#10;Build info: version: &apos;3.4.0&apos;, revision: &apos;unknown&apos;, time: &apos;unknown&apos;&#10;System info: host: &apos;KANGSTA&apos;, ip: &apos;192.168.45.1&apos;, os.name: &apos;Windows 10&apos;, os.arch: &apos;amd64&apos;, os.version: &apos;10.0&apos;, java.version: &apos;1.8.0_121&apos;&#10;Driver info: org.openqa.selenium.firefox.FirefoxDriver&#10;Capabilities [{moz:profile=C:\Users\saadi\AppData\Local\Temp\rust_mozprofile.NOZBZD4H4Rwt, rotatable=false, timeouts={implicit=0.0, pageLoad=300000.0, script=30000.0}, pageLoadStrategy=normal, platform=ANY, specificationLevel=0.0, moz:accessibilityChecks=false, acceptInsecureCerts=false, browserVersion=53.0.3, platformVersion=10.0, moz:processID=10560.0, browserName=firefox, javascriptEnabled=true, platformName=windows_nt}]&#10;Session ID: a89d6d32-afb4-465d-b886-993c25337aca" type="org.openqa.selenium.InvalidElementStateException">org.openqa.selenium.InvalidElementStateException: 
Element is not enabled
Build info: version: '3.4.0', revision: 'unknown', time: 'unknown'
System info: host: 'KANGSTA', ip: '192.168.45.1', os.name: 'Windows 10', os.arch: 'amd64', os.version: '10.0', java.version: '1.8.0_121'
Driver info: org.openqa.selenium.firefox.FirefoxDriver
Capabilities [{moz:profile=C:\Users\saadi\AppData\Local\Temp\rust_mozprofile.NOZBZD4H4Rwt, rotatable=false, timeouts={implicit=0.0, pageLoad=300000.0, script=30000.0}, pageLoadStrategy=normal, platform=ANY, specificationLevel=0.0, moz:accessibilityChecks=false, acceptInsecureCerts=false, browserVersion=53.0.3, platformVersion=10.0, moz:processID=10560.0, browserName=firefox, javascriptEnabled=true, platformName=windows_nt}]
Session ID: a89d6d32-afb4-465d-b886-993c25337aca
	at moreoptions.Card.card(Card.java:28)
</failure>
    <system-out><![CDATA[It has been called
Epic: ReloadCard AC:1,2 <a https://peoplentch.atlassian.net/browse/GREEN-7> GREEN-7 </a>
Launch local browser Instance
Epic: CardTab AC:1,2 <a https://peoplentch.atlassian.net/browse/GREEN-7> GREEN-7 </a>
Launch local browser Instance
ClickOnTabs: click On Card Tab
ClickOnTabs: see Card Options
ReloadCard: go To Reload Card
ReloadCard: click On Reload Card
]]></system-out>
    <system-err><![CDATA[1495912697050	Marionette	INFO	New connections will no longer be accepted
1495912698203	geckodriver	INFO	Listening on 127.0.0.1:4829
1495912698736	geckodriver::marionette	INFO	Starting browser \\?\C:\Program Files (x86)\Mozilla Firefox\firefox.exe with args ["-marionette"]
1495912699193	addons.manager	ERROR	startup failed: [Exception... "Component returned failure cJavaScript error: resource://gre/modules/AddonManager.jsm, line 1657: NS_ERROR_NOT_INITIALIZED: AddonManager is not initialized
ode: 0x80070057 (NS_ERROR_ILLEGAL_VALUE) [nsIFile.create]"  nsresult: "0x80070057 (NS_ERROR_ILLEGAL_VALUE)"  location: "JS frame :: resource://gre/modules/FileUtils.jsm :: FileUtils_getDir :: line 70"  data: no] Stack trace: FileUtils_getDir()@resource://gre/modules/FileUtils.jsm:70 < FileUtils_getFile()@resource://gre/modules/FileUtils.jsm:42 < validateBlocklist()@resource://gre/modules/AddonManager.jsm:671 < startup()@resource://gre/modules/AddonManager.jsm:834 < startup()@resource://gre/modules/AddonManager.jsm:3129 < observe()@resource://gre/components/addonManager.js:65
1495912703744	Marionette	INFO	Listening on port 63829
JavaScript error: resource://gre/modules/AddonManager.jsm, line 2570: NS_ERROR_NOT_INITIALIZED: AddonManager is not initialized
May 27, 2017 3:18:24 PM org.openqa.selenium.remote.ProtocolHandshake createSession
INFO: Detected dialect: W3C
]]></system-err>
  </testcase>
  <testcase name="blog" classname="clickontabs.BlogTab" time="2.726"/>
  <testcase name="shop" classname="clickontabs.ShopTab" time="2.455"/>
</testsuite>