<?xml version="1.0" encoding="UTF-8"?>
<testng-results skipped="0" failed="2" ignored="30" total="46" passed="14">
  <reporter-output>
    <line>
      <![CDATA[Extent Report directory: C:\Users\saadi\workspace\FromGitHub\Git-Saved-For-Later\WebAutomation\Starbucks\target\surefire-reports\html]]>
    </line>
    <line>
      <![CDATA[Epic: FindAStore AC:1,2 <a https://peoplentch.atlassian.net/browse/GREEN-7> GREEN-7 </a>]]>
    </line>
    <line>
      <![CDATA[Launch local browser Instance]]>
    </line>
    <line>
      <![CDATA[FindingStarbucks: go To Find Store]]>
    </line>
    <line>
      <![CDATA[FindingStarbucks: click On Find Store]]>
    </line>
    <line>
      <![CDATA[FindingStarbucks: type Zip Code]]>
    </line>
    <line>
      <![CDATA[Epic: SignIn AC:1,2 <a https://peoplentch.atlassian.net/browse/GREEN-7> GREEN-7 </a>]]>
    </line>
    <line>
      <![CDATA[Launch local browser Instance]]>
    </line>
    <line>
      <![CDATA[SignInPage: click On Sign In]]>
    </line>
    <line>
      <![CDATA[Epic: CoffeeTab AC:1,2 <a https://peoplentch.atlassian.net/browse/GREEN-7> GREEN-7 </a>]]>
    </line>
    <line>
      <![CDATA[Launch local browser Instance]]>
    </line>
    <line>
      <![CDATA[ClickOnTabs: click On Coffee Tab]]>
    </line>
    <line>
      <![CDATA[ClickOnTabs: see Coffee Options]]>
    </line>
    <line>
      <![CDATA[Epic: Latte AC:1,2 <a https://peoplentch.atlassian.net/browse/GREEN-7> GREEN-7 </a>]]>
    </line>
    <line>
      <![CDATA[Launch local browser Instance]]>
    </line>
    <line>
      <![CDATA[Epic: CoffeeTab AC:1,2 <a https://peoplentch.atlassian.net/browse/GREEN-7> GREEN-7 </a>]]>
    </line>
    <line>
      <![CDATA[Launch local browser Instance]]>
    </line>
    <line>
      <![CDATA[ClickOnTabs: click On Coffee Tab]]>
    </line>
    <line>
      <![CDATA[ClickOnTabs: see Coffee Options]]>
    </line>
    <line>
      <![CDATA[Latte: go To Coffee Latte]]>
    </line>
    <line>
      <![CDATA[Latte: click On Coffee Latte]]>
    </line>
    <line>
      <![CDATA[Latte: go To Skinny Latte]]>
    </line>
    <line>
      <![CDATA[Latte: click On Skinny Latte]]>
    </line>
    <line>
      <![CDATA[Epic: TeaTab AC:1,2 <a https://peoplentch.atlassian.net/browse/GREEN-7> GREEN-7 </a>]]>
    </line>
    <line>
      <![CDATA[Launch local browser Instance]]>
    </line>
    <line>
      <![CDATA[ClickOnTabs: click On Tea Tab]]>
    </line>
    <line>
      <![CDATA[ClickOnTabs: see Tea Options]]>
    </line>
    <line>
      <![CDATA[Epic: ChaiTea AC:1,2 <a https://peoplentch.atlassian.net/browse/GREEN-7> GREEN-7 </a>]]>
    </line>
    <line>
      <![CDATA[Launch local browser Instance]]>
    </line>
    <line>
      <![CDATA[Epic: TeaTab AC:1,2 <a https://peoplentch.atlassian.net/browse/GREEN-7> GREEN-7 </a>]]>
    </line>
    <line>
      <![CDATA[Launch local browser Instance]]>
    </line>
    <line>
      <![CDATA[ClickOnTabs: click On Tea Tab]]>
    </line>
    <line>
      <![CDATA[ClickOnTabs: see Tea Options]]>
    </line>
    <line>
      <![CDATA[Chai: click On Chai Tea]]>
    </line>
    <line>
      <![CDATA[Chai: click On Maharaja Chai]]>
    </line>
    <line>
      <![CDATA[Epic: MenuTab AC:1,2 <a https://peoplentch.atlassian.net/browse/GREEN-7> GREEN-7 </a>]]>
    </line>
    <line>
      <![CDATA[Launch local browser Instance]]>
    </line>
    <line>
      <![CDATA[ClickOnTabs: click On Menu Tab]]>
    </line>
    <line>
      <![CDATA[ClickOnTabs: see Menu Options]]>
    </line>
    <line>
      <![CDATA[Epic: MenuTab AC:1,2 <a https://peoplentch.atlassian.net/browse/GREEN-7> GREEN-7 </a>]]>
    </line>
    <line>
      <![CDATA[Launch local browser Instance]]>
    </line>
    <line>
      <![CDATA[ClickOnTabs: click On Menu Tab]]>
    </line>
    <line>
      <![CDATA[ClickOnTabs: see Menu Options]]>
    </line>
    <line>
      <![CDATA[Frapp: go To Frapp Blend]]>
    </line>
    <line>
      <![CDATA[Frapp: click On Frapp Blend]]>
    </line>
    <line>
      <![CDATA[Frapp: go To Smore Frapp]]>
    </line>
    <line>
      <![CDATA[Frapp: click On Smore Frapp]]>
    </line>
    <line>
      <![CDATA[Epic: CoffeeHouseTab AC:1,2 <a https://peoplentch.atlassian.net/browse/GREEN-7> GREEN-7 </a>]]>
    </line>
    <line>
      <![CDATA[Launch local browser Instance]]>
    </line>
    <line>
      <![CDATA[ClickOnTabs: click On Coffee House Tab]]>
    </line>
    <line>
      <![CDATA[ClickOnTabs: see Coffe House Options]]>
    </line>
    <line>
      <![CDATA[Epic: Metro AC:1,2 <a https://peoplentch.atlassian.net/browse/GREEN-7> GREEN-7 </a>]]>
    </line>
    <line>
      <![CDATA[Launch local browser Instance]]>
    </line>
    <line>
      <![CDATA[Epic: CoffeeHouseTab AC:1,2 <a https://peoplentch.atlassian.net/browse/GREEN-7> GREEN-7 </a>]]>
    </line>
    <line>
      <![CDATA[Launch local browser Instance]]>
    </line>
    <line>
      <![CDATA[ClickOnTabs: click On Coffee House Tab]]>
    </line>
    <line>
      <![CDATA[ClickOnTabs: see Coffe House Options]]>
    </line>
    <line>
      <![CDATA[Design: go To Store Design]]>
    </line>
    <line>
      <![CDATA[Design: click On Store Design]]>
    </line>
    <line>
      <![CDATA[Design: go To Design Location]]>
    </line>
    <line>
      <![CDATA[Design: click On Design Location]]>
    </line>
    <line>
      <![CDATA[Epic: SocialImpactTab AC:1,2 <a https://peoplentch.atlassian.net/browse/GREEN-7> GREEN-7 </a>]]>
    </line>
    <line>
      <![CDATA[Launch local browser Instance]]>
    </line>
    <line>
      <![CDATA[ClickOnTabs: click On Social Impact Tab]]>
    </line>
    <line>
      <![CDATA[ClickOnTabs: see Social Impact Options]]>
    </line>
    <line>
      <![CDATA[Epic: Metro AC:1,2 <a https://peoplentch.atlassian.net/browse/GREEN-7> GREEN-7 </a>]]>
    </line>
    <line>
      <![CDATA[Launch local browser Instance]]>
    </line>
    <line>
      <![CDATA[Epic: SocialImpactTab AC:1,2 <a https://peoplentch.atlassian.net/browse/GREEN-7> GREEN-7 </a>]]>
    </line>
    <line>
      <![CDATA[Launch local browser Instance]]>
    </line>
    <line>
      <![CDATA[ClickOnTabs: click On Social Impact Tab]]>
    </line>
    <line>
      <![CDATA[ClickOnTabs: see Social Impact Options]]>
    </line>
    <line>
      <![CDATA[MenuGoods: click On Menu Goodiess]]>
    </line>
    <line>
      <![CDATA[MenuGoods: click On Their Goal]]>
    </line>
    <line>
      <![CDATA[Epic: CardTab AC:1,2 <a https://peoplentch.atlassian.net/browse/GREEN-7> GREEN-7 </a>]]>
    </line>
    <line>
      <![CDATA[Launch local browser Instance]]>
    </line>
    <line>
      <![CDATA[ClickOnTabs: click On Card Tab]]>
    </line>
    <line>
      <![CDATA[ClickOnTabs: see Card Options]]>
    </line>
    <line>
      <![CDATA[Epic: ReloadCard AC:1,2 <a https://peoplentch.atlassian.net/browse/GREEN-7> GREEN-7 </a>]]>
    </line>
    <line>
      <![CDATA[Launch local browser Instance]]>
    </line>
    <line>
      <![CDATA[Epic: CardTab AC:1,2 <a https://peoplentch.atlassian.net/browse/GREEN-7> GREEN-7 </a>]]>
    </line>
    <line>
      <![CDATA[Launch local browser Instance]]>
    </line>
    <line>
      <![CDATA[ClickOnTabs: click On Card Tab]]>
    </line>
    <line>
      <![CDATA[ClickOnTabs: see Card Options]]>
    </line>
    <line>
      <![CDATA[ReloadCard: go To Reload Card]]>
    </line>
    <line>
      <![CDATA[ReloadCard: click On Reload Card]]>
    </line>
    <line>
      <![CDATA[Epic: BlogTab AC:1,2 <a https://peoplentch.atlassian.net/browse/GREEN-7> GREEN-7 </a>]]>
    </line>
    <line>
      <![CDATA[Launch local browser Instance]]>
    </line>
    <line>
      <![CDATA[ClickOnTabs: click On Blog Tab]]>
    </line>
    <line>
      <![CDATA[ClickOnTabs: see Blog Options]]>
    </line>
    <line>
      <![CDATA[Epic: ShopTab AC:1,2 <a https://peoplentch.atlassian.net/browse/GREEN-7> GREEN-7 </a>]]>
    </line>
    <line>
      <![CDATA[Launch local browser Instance]]>
    </line>
    <line>
      <![CDATA[ClickOnTabs: click On Shop Tab]]>
    </line>
    <line>
      <![CDATA[ClickOnTabs: see Shop Options]]>
    </line>
  </reporter-output>
  <suite name="Starbucks" duration-ms="252407" started-at="2017-05-27T19:14:53Z" finished-at="2017-05-27T19:19:05Z">
    <groups>
    </groups>
    <test name="Starbucks Home" duration-ms="252407" started-at="2017-05-27T19:14:53Z" finished-at="2017-05-27T19:19:05Z">
      <class name="clickontabs.ShopTab">
        <test-method status="PASS" signature="setUp(boolean, java.lang.String, java.lang.String, java.lang.String, java.lang.String, java.lang.String, java.lang.String)[pri:0, instance:clickontabs.ShopTab@12843fce]" name="setUp" is-config="true" duration-ms="10733" started-at="2017-05-27T15:18:50Z" finished-at="2017-05-27T15:19:01Z">
          <params>
            <param index="0">
              <value>
                <![CDATA[false]]>
              </value>
            </param>
            <param index="1">
              <value>
                <![CDATA[browserstack]]>
              </value>
            </param>
            <param index="2">
              <value>
                <![CDATA[Windows]]>
              </value>
            </param>
            <param index="3">
              <value>
                <![CDATA[10]]>
              </value>
            </param>
            <param index="4">
              <value>
                <![CDATA[firefox]]>
              </value>
            </param>
            <param index="5">
              <value>
                <![CDATA[53.0]]>
              </value>
            </param>
            <param index="6">
              <value>
                <![CDATA[https://www.starbucks.com]]>
              </value>
            </param>
          </params>
          <reporter-output>
          </reporter-output>
        </test-method> <!-- setUp -->
        <test-method status="PASS" signature="startExtent(java.lang.reflect.Method)[pri:0, instance:clickontabs.ShopTab@12843fce]" name="startExtent" is-config="true" duration-ms="1" started-at="2017-05-27T15:19:01Z" finished-at="2017-05-27T15:19:01Z">
          <params>
            <param index="0">
              <value>
                <![CDATA[public void clickontabs.ShopTab.shop() throws java.lang.InterruptedException]]>
              </value>
            </param>
          </params>
          <reporter-output>
          </reporter-output>
        </test-method> <!-- startExtent -->
        <test-method status="PASS" signature="shop()[pri:0, instance:clickontabs.ShopTab@12843fce]" name="shop" duration-ms="2455" started-at="2017-05-27T15:19:01Z" finished-at="2017-05-27T15:19:04Z">
          <reporter-output>
            <line>
              <![CDATA[Epic: ShopTab AC:1,2 <a https://peoplentch.atlassian.net/browse/GREEN-7> GREEN-7 </a>]]>
            </line>
            <line>
              <![CDATA[Launch local browser Instance]]>
            </line>
            <line>
              <![CDATA[ClickOnTabs: click On Shop Tab]]>
            </line>
            <line>
              <![CDATA[ClickOnTabs: see Shop Options]]>
            </line>
          </reporter-output>
        </test-method> <!-- shop -->
        <test-method status="PASS" signature="afterEachTestMethod(org.testng.ITestResult)[pri:0, instance:clickontabs.ShopTab@12843fce]" name="afterEachTestMethod" is-config="true" duration-ms="1694" started-at="2017-05-27T15:19:04Z" finished-at="2017-05-27T15:19:05Z">
          <params>
            <param index="0">
              <value>
                <![CDATA[[TestResult name=shop status=SUCCESS method=ShopTab.shop()[pri:0, instance:clickontabs.ShopTab@12843fce] output=Epic: ShopTab AC:1,2 <a https://peoplentch.atlassian.net/browse/GREEN-7> GREEN-7 </a>]]]>
              </value>
            </param>
          </params>
          <reporter-output>
          </reporter-output>
        </test-method> <!-- afterEachTestMethod -->
        <test-method status="PASS" signature="cleanUp()[pri:0, instance:clickontabs.ShopTab@12843fce]" name="cleanUp" is-config="true" duration-ms="0" started-at="2017-05-27T15:19:05Z" finished-at="2017-05-27T15:19:05Z">
          <reporter-output>
          </reporter-output>
        </test-method> <!-- cleanUp -->
      </class> <!-- clickontabs.ShopTab -->
      <class name="moreoptions.Card">
        <test-method status="PASS" signature="setUp(boolean, java.lang.String, java.lang.String, java.lang.String, java.lang.String, java.lang.String, java.lang.String)[pri:0, instance:moreoptions.Card@2cb4c3ab]" name="setUp" is-config="true" duration-ms="10310" started-at="2017-05-27T15:18:18Z" finished-at="2017-05-27T15:18:28Z">
          <params>
            <param index="0">
              <value>
                <![CDATA[false]]>
              </value>
            </param>
            <param index="1">
              <value>
                <![CDATA[browserstack]]>
              </value>
            </param>
            <param index="2">
              <value>
                <![CDATA[Windows]]>
              </value>
            </param>
            <param index="3">
              <value>
                <![CDATA[10]]>
              </value>
            </param>
            <param index="4">
              <value>
                <![CDATA[firefox]]>
              </value>
            </param>
            <param index="5">
              <value>
                <![CDATA[53.0]]>
              </value>
            </param>
            <param index="6">
              <value>
                <![CDATA[https://www.starbucks.com]]>
              </value>
            </param>
          </params>
          <reporter-output>
          </reporter-output>
        </test-method> <!-- setUp -->
        <test-method status="FAIL" signature="card()[pri:0, instance:moreoptions.Card@2cb4c3ab]" name="card" duration-ms="5912" started-at="2017-05-27T15:18:28Z" finished-at="2017-05-27T15:18:34Z">
          <exception class="org.openqa.selenium.InvalidElementStateException">
            <message>
              <![CDATA[Element is not enabled
Build info: version: '3.4.0', revision: 'unknown', time: 'unknown'
System info: host: 'KANGSTA', ip: '192.168.45.1', os.name: 'Windows 10', os.arch: 'amd64', os.version: '10.0', java.version: '1.8.0_121'
Driver info: org.openqa.selenium.firefox.FirefoxDriver
Capabilities [{moz:profile=C:\Users\saadi\AppData\Local\Temp\rust_mozprofile.NOZBZD4H4Rwt, rotatable=false, timeouts={implicit=0.0, pageLoad=300000.0, script=30000.0}, pageLoadStrategy=normal, platform=ANY, specificationLevel=0.0, moz:accessibilityChecks=false, acceptInsecureCerts=false, browserVersion=53.0.3, platformVersion=10.0, moz:processID=10560.0, browserName=firefox, javascriptEnabled=true, platformName=windows_nt}]
Session ID: a89d6d32-afb4-465d-b886-993c25337aca]]>
            </message>
            <full-stacktrace>
              <![CDATA[org.openqa.selenium.InvalidElementStateException: Element is not enabled
Build info: version: '3.4.0', revision: 'unknown', time: 'unknown'
System info: host: 'KANGSTA', ip: '192.168.45.1', os.name: 'Windows 10', os.arch: 'amd64', os.version: '10.0', java.version: '1.8.0_121'
Driver info: org.openqa.selenium.firefox.FirefoxDriver
Capabilities [{moz:profile=C:\Users\saadi\AppData\Local\Temp\rust_mozprofile.NOZBZD4H4Rwt, rotatable=false, timeouts={implicit=0.0, pageLoad=300000.0, script=30000.0}, pageLoadStrategy=normal, platform=ANY, specificationLevel=0.0, moz:accessibilityChecks=false, acceptInsecureCerts=false, browserVersion=53.0.3, platformVersion=10.0, moz:processID=10560.0, browserName=firefox, javascriptEnabled=true, platformName=windows_nt}]
Session ID: a89d6d32-afb4-465d-b886-993c25337aca
	at sun.reflect.NativeConstructorAccessorImpl.newInstance0(Native Method)
	at sun.reflect.NativeConstructorAccessorImpl.newInstance(NativeConstructorAccessorImpl.java:62)
	at sun.reflect.DelegatingConstructorAccessorImpl.newInstance(DelegatingConstructorAccessorImpl.java:45)
	at java.lang.reflect.Constructor.newInstance(Constructor.java:423)
	at org.openqa.selenium.remote.http.W3CHttpResponseCodec.createException(W3CHttpResponseCodec.java:150)
	at org.openqa.selenium.remote.http.W3CHttpResponseCodec.decode(W3CHttpResponseCodec.java:115)
	at org.openqa.selenium.remote.http.W3CHttpResponseCodec.decode(W3CHttpResponseCodec.java:45)
	at org.openqa.selenium.remote.HttpCommandExecutor.execute(HttpCommandExecutor.java:164)
	at org.openqa.selenium.remote.service.DriverCommandExecutor.execute(DriverCommandExecutor.java:82)
	at org.openqa.selenium.remote.RemoteWebDriver.execute(RemoteWebDriver.java:637)
	at org.openqa.selenium.remote.RemoteWebElement.execute(RemoteWebElement.java:272)
	at org.openqa.selenium.remote.RemoteWebElement.click(RemoteWebElement.java:82)
	at base.CommonAPI.clickByCss(CommonAPI.java:190)
	at moreoptions.Card.card(Card.java:28)
	at sun.reflect.NativeMethodAccessorImpl.invoke0(Native Method)
	at sun.reflect.NativeMethodAccessorImpl.invoke(NativeMethodAccessorImpl.java:62)
	at sun.reflect.DelegatingMethodAccessorImpl.invoke(DelegatingMethodAccessorImpl.java:43)
	at java.lang.reflect.Method.invoke(Method.java:498)
	at org.testng.internal.MethodInvocationHelper.invokeMethod(MethodInvocationHelper.java:108)
	at org.testng.internal.Invoker.invokeMethod(Invoker.java:661)
	at org.testng.internal.Invoker.invokeTestMethod(Invoker.java:869)
	at org.testng.internal.Invoker.invokeTestMethods(Invoker.java:1193)
	at org.testng.internal.TestMethodWorker.invokeTestMethods(TestMethodWorker.java:126)
	at org.testng.internal.TestMethodWorker.run(TestMethodWorker.java:109)
	at org.testng.TestRunner.privateRun(TestRunner.java:744)
	at org.testng.TestRunner.run(TestRunner.java:602)
	at org.testng.SuiteRunner.runTest(SuiteRunner.java:380)
	at org.testng.SuiteRunner.access$000(SuiteRunner.java:39)
	at org.testng.SuiteRunner$SuiteWorker.run(SuiteRunner.java:414)
	at org.testng.internal.thread.ThreadUtil$1.call(ThreadUtil.java:52)
	at java.util.concurrent.FutureTask.run(FutureTask.java:266)
	at java.util.concurrent.ThreadPoolExecutor.runWorker(ThreadPoolExecutor.java:1142)
	at java.util.concurrent.ThreadPoolExecutor$Worker.run(ThreadPoolExecutor.java:617)
	at java.lang.Thread.run(Thread.java:745)
]]>
            </full-stacktrace>
          </exception> <!-- org.openqa.selenium.InvalidElementStateException -->
          <reporter-output>
            <line>
              <![CDATA[Epic: ReloadCard AC:1,2 <a https://peoplentch.atlassian.net/browse/GREEN-7> GREEN-7 </a>]]>
            </line>
            <line>
              <![CDATA[Launch local browser Instance]]>
            </line>
            <line>
              <![CDATA[Epic: CardTab AC:1,2 <a https://peoplentch.atlassian.net/browse/GREEN-7> GREEN-7 </a>]]>
            </line>
            <line>
              <![CDATA[Launch local browser Instance]]>
            </line>
            <line>
              <![CDATA[ClickOnTabs: click On Card Tab]]>
            </line>
            <line>
              <![CDATA[ClickOnTabs: see Card Options]]>
            </line>
            <line>
              <![CDATA[ReloadCard: go To Reload Card]]>
            </line>
            <line>
              <![CDATA[ReloadCard: click On Reload Card]]>
            </line>
          </reporter-output>
        </test-method> <!-- card -->
        <test-method status="PASS" signature="startExtent(java.lang.reflect.Method)[pri:0, instance:moreoptions.Card@2cb4c3ab]" name="startExtent" is-config="true" duration-ms="0" started-at="2017-05-27T15:18:28Z" finished-at="2017-05-27T15:18:28Z">
          <params>
            <param index="0">
              <value>
                <![CDATA[public void moreoptions.Card.card() throws java.lang.InterruptedException]]>
              </value>
            </param>
          </params>
          <reporter-output>
          </reporter-output>
        </test-method> <!-- startExtent -->
        <test-method status="PASS" signature="afterEachTestMethod(org.testng.ITestResult)[pri:0, instance:moreoptions.Card@2cb4c3ab]" name="afterEachTestMethod" is-config="true" duration-ms="1552" started-at="2017-05-27T15:18:34Z" finished-at="2017-05-27T15:18:35Z">
          <params>
            <param index="0">
              <value>
                <![CDATA[[TestResult name=card status=FAILURE method=Card.card()[pri:0, instance:moreoptions.Card@2cb4c3ab] output=Epic: ReloadCard AC:1,2 <a https://peoplentch.atlassian.net/browse/GREEN-7> GREEN-7 </a>]]]>
              </value>
            </param>
          </params>
          <reporter-output>
          </reporter-output>
        </test-method> <!-- afterEachTestMethod -->
        <test-method status="PASS" signature="cleanUp()[pri:0, instance:moreoptions.Card@2cb4c3ab]" name="cleanUp" is-config="true" duration-ms="1" started-at="2017-05-27T15:18:35Z" finished-at="2017-05-27T15:18:35Z">
          <reporter-output>
          </reporter-output>
        </test-method> <!-- cleanUp -->
      </class> <!-- moreoptions.Card -->
      <class name="moreoptions.Tea">
        <test-method status="PASS" signature="setUp(boolean, java.lang.String, java.lang.String, java.lang.String, java.lang.String, java.lang.String, java.lang.String)[pri:0, instance:moreoptions.Tea@735b478]" name="setUp" is-config="true" duration-ms="10420" started-at="2017-05-27T15:16:16Z" finished-at="2017-05-27T15:16:27Z">
          <params>
            <param index="0">
              <value>
                <![CDATA[false]]>
              </value>
            </param>
            <param index="1">
              <value>
                <![CDATA[browserstack]]>
              </value>
            </param>
            <param index="2">
              <value>
                <![CDATA[Windows]]>
              </value>
            </param>
            <param index="3">
              <value>
                <![CDATA[10]]>
              </value>
            </param>
            <param index="4">
              <value>
                <![CDATA[firefox]]>
              </value>
            </param>
            <param index="5">
              <value>
                <![CDATA[53.0]]>
              </value>
            </param>
            <param index="6">
              <value>
                <![CDATA[https://www.starbucks.com]]>
              </value>
            </param>
          </params>
          <reporter-output>
          </reporter-output>
        </test-method> <!-- setUp -->
        <test-method status="PASS" signature="startExtent(java.lang.reflect.Method)[pri:0, instance:moreoptions.Tea@735b478]" name="startExtent" is-config="true" duration-ms="1" started-at="2017-05-27T15:16:27Z" finished-at="2017-05-27T15:16:27Z">
          <params>
            <param index="0">
              <value>
                <![CDATA[public void moreoptions.Tea.chai() throws java.lang.InterruptedException]]>
              </value>
            </param>
          </params>
          <reporter-output>
          </reporter-output>
        </test-method> <!-- startExtent -->
        <test-method status="PASS" signature="chai()[pri:0, instance:moreoptions.Tea@735b478]" name="chai" duration-ms="5307" started-at="2017-05-27T15:16:27Z" finished-at="2017-05-27T15:16:32Z">
          <reporter-output>
            <line>
              <![CDATA[Epic: ChaiTea AC:1,2 <a https://peoplentch.atlassian.net/browse/GREEN-7> GREEN-7 </a>]]>
            </line>
            <line>
              <![CDATA[Launch local browser Instance]]>
            </line>
            <line>
              <![CDATA[Epic: TeaTab AC:1,2 <a https://peoplentch.atlassian.net/browse/GREEN-7> GREEN-7 </a>]]>
            </line>
            <line>
              <![CDATA[Launch local browser Instance]]>
            </line>
            <line>
              <![CDATA[ClickOnTabs: click On Tea Tab]]>
            </line>
            <line>
              <![CDATA[ClickOnTabs: see Tea Options]]>
            </line>
            <line>
              <![CDATA[Chai: click On Chai Tea]]>
            </line>
            <line>
              <![CDATA[Chai: click On Maharaja Chai]]>
            </line>
          </reporter-output>
        </test-method> <!-- chai -->
        <test-method status="PASS" signature="afterEachTestMethod(org.testng.ITestResult)[pri:0, instance:moreoptions.Tea@735b478]" name="afterEachTestMethod" is-config="true" duration-ms="2550" started-at="2017-05-27T15:16:32Z" finished-at="2017-05-27T15:16:35Z">
          <params>
            <param index="0">
              <value>
                <![CDATA[[TestResult name=chai status=SUCCESS method=Tea.chai()[pri:0, instance:moreoptions.Tea@735b478] output=Epic: ChaiTea AC:1,2 <a https://peoplentch.atlassian.net/browse/GREEN-7> GREEN-7 </a>]]]>
              </value>
            </param>
          </params>
          <reporter-output>
          </reporter-output>
        </test-method> <!-- afterEachTestMethod -->
        <test-method status="PASS" signature="cleanUp()[pri:0, instance:moreoptions.Tea@735b478]" name="cleanUp" is-config="true" duration-ms="1" started-at="2017-05-27T15:16:35Z" finished-at="2017-05-27T15:16:35Z">
          <reporter-output>
          </reporter-output>
        </test-method> <!-- cleanUp -->
      </class> <!-- moreoptions.Tea -->
      <class name="clickontabs.CoffeeHouseTab">
        <test-method status="PASS" signature="setUp(boolean, java.lang.String, java.lang.String, java.lang.String, java.lang.String, java.lang.String, java.lang.String)[pri:0, instance:clickontabs.CoffeeHouseTab@9f70c54]" name="setUp" is-config="true" duration-ms="10134" started-at="2017-05-27T15:17:04Z" finished-at="2017-05-27T15:17:14Z">
          <params>
            <param index="0">
              <value>
                <![CDATA[false]]>
              </value>
            </param>
            <param index="1">
              <value>
                <![CDATA[browserstack]]>
              </value>
            </param>
            <param index="2">
              <value>
                <![CDATA[Windows]]>
              </value>
            </param>
            <param index="3">
              <value>
                <![CDATA[10]]>
              </value>
            </param>
            <param index="4">
              <value>
                <![CDATA[firefox]]>
              </value>
            </param>
            <param index="5">
              <value>
                <![CDATA[53.0]]>
              </value>
            </param>
            <param index="6">
              <value>
                <![CDATA[https://www.starbucks.com]]>
              </value>
            </param>
          </params>
          <reporter-output>
          </reporter-output>
        </test-method> <!-- setUp -->
        <test-method status="PASS" signature="startExtent(java.lang.reflect.Method)[pri:0, instance:clickontabs.CoffeeHouseTab@9f70c54]" name="startExtent" is-config="true" duration-ms="1" started-at="2017-05-27T15:17:14Z" finished-at="2017-05-27T15:17:14Z">
          <params>
            <param index="0">
              <value>
                <![CDATA[public void clickontabs.CoffeeHouseTab.coffeeHouse() throws java.lang.InterruptedException]]>
              </value>
            </param>
          </params>
          <reporter-output>
          </reporter-output>
        </test-method> <!-- startExtent -->
        <test-method status="PASS" signature="coffeeHouse()[pri:0, instance:clickontabs.CoffeeHouseTab@9f70c54]" name="coffeeHouse" duration-ms="2465" started-at="2017-05-27T15:17:14Z" finished-at="2017-05-27T15:17:17Z">
          <reporter-output>
            <line>
              <![CDATA[Epic: CoffeeHouseTab AC:1,2 <a https://peoplentch.atlassian.net/browse/GREEN-7> GREEN-7 </a>]]>
            </line>
            <line>
              <![CDATA[Launch local browser Instance]]>
            </line>
            <line>
              <![CDATA[ClickOnTabs: click On Coffee House Tab]]>
            </line>
            <line>
              <![CDATA[ClickOnTabs: see Coffe House Options]]>
            </line>
          </reporter-output>
        </test-method> <!-- coffeeHouse -->
        <test-method status="PASS" signature="afterEachTestMethod(org.testng.ITestResult)[pri:0, instance:clickontabs.CoffeeHouseTab@9f70c54]" name="afterEachTestMethod" is-config="true" duration-ms="949" started-at="2017-05-27T15:17:17Z" finished-at="2017-05-27T15:17:18Z">
          <params>
            <param index="0">
              <value>
                <![CDATA[[TestResult name=coffeeHouse status=SUCCESS method=CoffeeHouseTab.coffeeHouse()[pri:0, instance:clickontabs.CoffeeHouseTab@9f70c54] output=Epic: CoffeeHouseTab AC:1,2 <a https://peoplentch.atlassian.net/browse/GREEN-7> GREEN-7 </a>]]]>
              </value>
            </param>
          </params>
          <reporter-output>
          </reporter-output>
        </test-method> <!-- afterEachTestMethod -->
        <test-method status="PASS" signature="cleanUp()[pri:0, instance:clickontabs.CoffeeHouseTab@9f70c54]" name="cleanUp" is-config="true" duration-ms="1" started-at="2017-05-27T15:17:18Z" finished-at="2017-05-27T15:17:18Z">
          <reporter-output>
          </reporter-output>
        </test-method> <!-- cleanUp -->
      </class> <!-- clickontabs.CoffeeHouseTab -->
      <class name="clickontabs.CoffeeTab">
        <test-method status="PASS" signature="setUp(boolean, java.lang.String, java.lang.String, java.lang.String, java.lang.String, java.lang.String, java.lang.String)[pri:0, instance:clickontabs.CoffeeTab@3551a94]" name="setUp" is-config="true" duration-ms="11561" started-at="2017-05-27T15:15:27Z" finished-at="2017-05-27T15:15:39Z">
          <params>
            <param index="0">
              <value>
                <![CDATA[false]]>
              </value>
            </param>
            <param index="1">
              <value>
                <![CDATA[browserstack]]>
              </value>
            </param>
            <param index="2">
              <value>
                <![CDATA[Windows]]>
              </value>
            </param>
            <param index="3">
              <value>
                <![CDATA[10]]>
              </value>
            </param>
            <param index="4">
              <value>
                <![CDATA[firefox]]>
              </value>
            </param>
            <param index="5">
              <value>
                <![CDATA[53.0]]>
              </value>
            </param>
            <param index="6">
              <value>
                <![CDATA[https://www.starbucks.com]]>
              </value>
            </param>
          </params>
          <reporter-output>
          </reporter-output>
        </test-method> <!-- setUp -->
        <test-method status="PASS" signature="startExtent(java.lang.reflect.Method)[pri:0, instance:clickontabs.CoffeeTab@3551a94]" name="startExtent" is-config="true" duration-ms="0" started-at="2017-05-27T15:15:39Z" finished-at="2017-05-27T15:15:39Z">
          <params>
            <param index="0">
              <value>
                <![CDATA[public void clickontabs.CoffeeTab.coffee() throws java.lang.InterruptedException]]>
              </value>
            </param>
          </params>
          <reporter-output>
          </reporter-output>
        </test-method> <!-- startExtent -->
        <test-method status="PASS" signature="coffee()[pri:0, instance:clickontabs.CoffeeTab@3551a94]" name="coffee" duration-ms="2773" started-at="2017-05-27T15:15:39Z" finished-at="2017-05-27T15:15:41Z">
          <reporter-output>
            <line>
              <![CDATA[Epic: CoffeeTab AC:1,2 <a https://peoplentch.atlassian.net/browse/GREEN-7> GREEN-7 </a>]]>
            </line>
            <line>
              <![CDATA[Launch local browser Instance]]>
            </line>
            <line>
              <![CDATA[ClickOnTabs: click On Coffee Tab]]>
            </line>
            <line>
              <![CDATA[ClickOnTabs: see Coffee Options]]>
            </line>
          </reporter-output>
        </test-method> <!-- coffee -->
        <test-method status="PASS" signature="afterEachTestMethod(org.testng.ITestResult)[pri:0, instance:clickontabs.CoffeeTab@3551a94]" name="afterEachTestMethod" is-config="true" duration-ms="1954" started-at="2017-05-27T15:15:41Z" finished-at="2017-05-27T15:15:43Z">
          <params>
            <param index="0">
              <value>
                <![CDATA[[TestResult name=coffee status=SUCCESS method=CoffeeTab.coffee()[pri:0, instance:clickontabs.CoffeeTab@3551a94] output=Epic: CoffeeTab AC:1,2 <a https://peoplentch.atlassian.net/browse/GREEN-7> GREEN-7 </a>]]]>
              </value>
            </param>
          </params>
          <reporter-output>
          </reporter-output>
        </test-method> <!-- afterEachTestMethod -->
        <test-method status="PASS" signature="cleanUp()[pri:0, instance:clickontabs.CoffeeTab@3551a94]" name="cleanUp" is-config="true" duration-ms="1" started-at="2017-05-27T15:15:43Z" finished-at="2017-05-27T15:15:43Z">
          <reporter-output>
          </reporter-output>
        </test-method> <!-- cleanUp -->
      </class> <!-- clickontabs.CoffeeTab -->
      <class name="moreoptions.Coffee">
        <test-method status="PASS" signature="setUp(boolean, java.lang.String, java.lang.String, java.lang.String, java.lang.String, java.lang.String, java.lang.String)[pri:0, instance:moreoptions.Coffee@531be3c5]" name="setUp" is-config="true" duration-ms="10143" started-at="2017-05-27T15:15:43Z" finished-at="2017-05-27T15:15:53Z">
          <params>
            <param index="0">
              <value>
                <![CDATA[false]]>
              </value>
            </param>
            <param index="1">
              <value>
                <![CDATA[browserstack]]>
              </value>
            </param>
            <param index="2">
              <value>
                <![CDATA[Windows]]>
              </value>
            </param>
            <param index="3">
              <value>
                <![CDATA[10]]>
              </value>
            </param>
            <param index="4">
              <value>
                <![CDATA[firefox]]>
              </value>
            </param>
            <param index="5">
              <value>
                <![CDATA[53.0]]>
              </value>
            </param>
            <param index="6">
              <value>
                <![CDATA[https://www.starbucks.com]]>
              </value>
            </param>
          </params>
          <reporter-output>
          </reporter-output>
        </test-method> <!-- setUp -->
        <test-method status="PASS" signature="startExtent(java.lang.reflect.Method)[pri:0, instance:moreoptions.Coffee@531be3c5]" name="startExtent" is-config="true" duration-ms="0" started-at="2017-05-27T15:15:53Z" finished-at="2017-05-27T15:15:53Z">
          <params>
            <param index="0">
              <value>
                <![CDATA[public void moreoptions.Coffee.latte() throws java.lang.InterruptedException]]>
              </value>
            </param>
          </params>
          <reporter-output>
          </reporter-output>
        </test-method> <!-- startExtent -->
        <test-method status="PASS" signature="latte()[pri:0, instance:moreoptions.Coffee@531be3c5]" name="latte" duration-ms="4554" started-at="2017-05-27T15:15:53Z" finished-at="2017-05-27T15:15:58Z">
          <reporter-output>
            <line>
              <![CDATA[Epic: Latte AC:1,2 <a https://peoplentch.atlassian.net/browse/GREEN-7> GREEN-7 </a>]]>
            </line>
            <line>
              <![CDATA[Launch local browser Instance]]>
            </line>
            <line>
              <![CDATA[Epic: CoffeeTab AC:1,2 <a https://peoplentch.atlassian.net/browse/GREEN-7> GREEN-7 </a>]]>
            </line>
            <line>
              <![CDATA[Launch local browser Instance]]>
            </line>
            <line>
              <![CDATA[ClickOnTabs: click On Coffee Tab]]>
            </line>
            <line>
              <![CDATA[ClickOnTabs: see Coffee Options]]>
            </line>
            <line>
              <![CDATA[Latte: go To Coffee Latte]]>
            </line>
            <line>
              <![CDATA[Latte: click On Coffee Latte]]>
            </line>
            <line>
              <![CDATA[Latte: go To Skinny Latte]]>
            </line>
            <line>
              <![CDATA[Latte: click On Skinny Latte]]>
            </line>
          </reporter-output>
        </test-method> <!-- latte -->
        <test-method status="PASS" signature="afterEachTestMethod(org.testng.ITestResult)[pri:0, instance:moreoptions.Coffee@531be3c5]" name="afterEachTestMethod" is-config="true" duration-ms="2992" started-at="2017-05-27T15:15:58Z" finished-at="2017-05-27T15:16:01Z">
          <params>
            <param index="0">
              <value>
                <![CDATA[[TestResult name=latte status=SUCCESS method=Coffee.latte()[pri:0, instance:moreoptions.Coffee@531be3c5] output=Epic: Latte AC:1,2 <a https://peoplentch.atlassian.net/browse/GREEN-7> GREEN-7 </a>]]]>
              </value>
            </param>
          </params>
          <reporter-output>
          </reporter-output>
        </test-method> <!-- afterEachTestMethod -->
        <test-method status="PASS" signature="cleanUp()[pri:0, instance:moreoptions.Coffee@531be3c5]" name="cleanUp" is-config="true" duration-ms="1" started-at="2017-05-27T15:16:01Z" finished-at="2017-05-27T15:16:01Z">
          <reporter-output>
          </reporter-output>
        </test-method> <!-- cleanUp -->
      </class> <!-- moreoptions.Coffee -->
      <class name="clickontabs.MenuTab">
        <test-method status="PASS" signature="setUp(boolean, java.lang.String, java.lang.String, java.lang.String, java.lang.String, java.lang.String, java.lang.String)[pri:0, instance:clickontabs.MenuTab@2c9f9fb0]" name="setUp" is-config="true" duration-ms="10419" started-at="2017-05-27T15:16:35Z" finished-at="2017-05-27T15:16:45Z">
          <params>
            <param index="0">
              <value>
                <![CDATA[false]]>
              </value>
            </param>
            <param index="1">
              <value>
                <![CDATA[browserstack]]>
              </value>
            </param>
            <param index="2">
              <value>
                <![CDATA[Windows]]>
              </value>
            </param>
            <param index="3">
              <value>
                <![CDATA[10]]>
              </value>
            </param>
            <param index="4">
              <value>
                <![CDATA[firefox]]>
              </value>
            </param>
            <param index="5">
              <value>
                <![CDATA[53.0]]>
              </value>
            </param>
            <param index="6">
              <value>
                <![CDATA[https://www.starbucks.com]]>
              </value>
            </param>
          </params>
          <reporter-output>
          </reporter-output>
        </test-method> <!-- setUp -->
        <test-method status="PASS" signature="startExtent(java.lang.reflect.Method)[pri:0, instance:clickontabs.MenuTab@2c9f9fb0]" name="startExtent" is-config="true" duration-ms="1" started-at="2017-05-27T15:16:45Z" finished-at="2017-05-27T15:16:45Z">
          <params>
            <param index="0">
              <value>
                <![CDATA[public void clickontabs.MenuTab.menu() throws java.lang.InterruptedException]]>
              </value>
            </param>
          </params>
          <reporter-output>
          </reporter-output>
        </test-method> <!-- startExtent -->
        <test-method status="PASS" signature="menu()[pri:0, instance:clickontabs.MenuTab@2c9f9fb0]" name="menu" duration-ms="2379" started-at="2017-05-27T15:16:45Z" finished-at="2017-05-27T15:16:47Z">
          <reporter-output>
            <line>
              <![CDATA[Epic: MenuTab AC:1,2 <a https://peoplentch.atlassian.net/browse/GREEN-7> GREEN-7 </a>]]>
            </line>
            <line>
              <![CDATA[Launch local browser Instance]]>
            </line>
            <line>
              <![CDATA[ClickOnTabs: click On Menu Tab]]>
            </line>
            <line>
              <![CDATA[ClickOnTabs: see Menu Options]]>
            </line>
          </reporter-output>
        </test-method> <!-- menu -->
        <test-method status="PASS" signature="afterEachTestMethod(org.testng.ITestResult)[pri:0, instance:clickontabs.MenuTab@2c9f9fb0]" name="afterEachTestMethod" is-config="true" duration-ms="1024" started-at="2017-05-27T15:16:47Z" finished-at="2017-05-27T15:16:48Z">
          <params>
            <param index="0">
              <value>
                <![CDATA[[TestResult name=menu status=SUCCESS method=MenuTab.menu()[pri:0, instance:clickontabs.MenuTab@2c9f9fb0] output=Epic: MenuTab AC:1,2 <a https://peoplentch.atlassian.net/browse/GREEN-7> GREEN-7 </a>]]]>
              </value>
            </param>
          </params>
          <reporter-output>
          </reporter-output>
        </test-method> <!-- afterEachTestMethod -->
        <test-method status="PASS" signature="cleanUp()[pri:0, instance:clickontabs.MenuTab@2c9f9fb0]" name="cleanUp" is-config="true" duration-ms="1" started-at="2017-05-27T15:16:48Z" finished-at="2017-05-27T15:16:48Z">
          <reporter-output>
          </reporter-output>
        </test-method> <!-- cleanUp -->
      </class> <!-- clickontabs.MenuTab -->
      <class name="moreoptions.SocialImpact">
        <test-method status="PASS" signature="setUp(boolean, java.lang.String, java.lang.String, java.lang.String, java.lang.String, java.lang.String, java.lang.String)[pri:0, instance:moreoptions.SocialImpact@61dc03ce]" name="setUp" is-config="true" duration-ms="9954" started-at="2017-05-27T15:17:48Z" finished-at="2017-05-27T15:17:58Z">
          <params>
            <param index="0">
              <value>
                <![CDATA[false]]>
              </value>
            </param>
            <param index="1">
              <value>
                <![CDATA[browserstack]]>
              </value>
            </param>
            <param index="2">
              <value>
                <![CDATA[Windows]]>
              </value>
            </param>
            <param index="3">
              <value>
                <![CDATA[10]]>
              </value>
            </param>
            <param index="4">
              <value>
                <![CDATA[firefox]]>
              </value>
            </param>
            <param index="5">
              <value>
                <![CDATA[53.0]]>
              </value>
            </param>
            <param index="6">
              <value>
                <![CDATA[https://www.starbucks.com]]>
              </value>
            </param>
          </params>
          <reporter-output>
          </reporter-output>
        </test-method> <!-- setUp -->
        <test-method status="PASS" signature="startExtent(java.lang.reflect.Method)[pri:0, instance:moreoptions.SocialImpact@61dc03ce]" name="startExtent" is-config="true" duration-ms="1" started-at="2017-05-27T15:17:58Z" finished-at="2017-05-27T15:17:58Z">
          <params>
            <param index="0">
              <value>
                <![CDATA[public void moreoptions.SocialImpact.social() throws java.lang.InterruptedException]]>
              </value>
            </param>
          </params>
          <reporter-output>
          </reporter-output>
        </test-method> <!-- startExtent -->
        <test-method status="PASS" signature="social()[pri:0, instance:moreoptions.SocialImpact@61dc03ce]" name="social" duration-ms="4201" started-at="2017-05-27T15:17:58Z" finished-at="2017-05-27T15:18:03Z">
          <reporter-output>
            <line>
              <![CDATA[Epic: Metro AC:1,2 <a https://peoplentch.atlassian.net/browse/GREEN-7> GREEN-7 </a>]]>
            </line>
            <line>
              <![CDATA[Launch local browser Instance]]>
            </line>
            <line>
              <![CDATA[Epic: SocialImpactTab AC:1,2 <a https://peoplentch.atlassian.net/browse/GREEN-7> GREEN-7 </a>]]>
            </line>
            <line>
              <![CDATA[Launch local browser Instance]]>
            </line>
            <line>
              <![CDATA[ClickOnTabs: click On Social Impact Tab]]>
            </line>
            <line>
              <![CDATA[ClickOnTabs: see Social Impact Options]]>
            </line>
            <line>
              <![CDATA[MenuGoods: click On Menu Goodiess]]>
            </line>
            <line>
              <![CDATA[MenuGoods: click On Their Goal]]>
            </line>
          </reporter-output>
        </test-method> <!-- social -->
        <test-method status="PASS" signature="afterEachTestMethod(org.testng.ITestResult)[pri:0, instance:moreoptions.SocialImpact@61dc03ce]" name="afterEachTestMethod" is-config="true" duration-ms="1571" started-at="2017-05-27T15:18:03Z" finished-at="2017-05-27T15:18:04Z">
          <params>
            <param index="0">
              <value>
                <![CDATA[[TestResult name=social status=SUCCESS method=SocialImpact.social()[pri:0, instance:moreoptions.SocialImpact@61dc03ce] output=Epic: Metro AC:1,2 <a https://peoplentch.atlassian.net/browse/GREEN-7> GREEN-7 </a>]]]>
              </value>
            </param>
          </params>
          <reporter-output>
          </reporter-output>
        </test-method> <!-- afterEachTestMethod -->
        <test-method status="PASS" signature="cleanUp()[pri:0, instance:moreoptions.SocialImpact@61dc03ce]" name="cleanUp" is-config="true" duration-ms="0" started-at="2017-05-27T15:18:04Z" finished-at="2017-05-27T15:18:04Z">
          <reporter-output>
          </reporter-output>
        </test-method> <!-- cleanUp -->
      </class> <!-- moreoptions.SocialImpact -->
      <class name="clickontabs.BlogTab">
        <test-method status="PASS" signature="setUp(boolean, java.lang.String, java.lang.String, java.lang.String, java.lang.String, java.lang.String, java.lang.String)[pri:0, instance:clickontabs.BlogTab@13c78c0b]" name="setUp" is-config="true" duration-ms="10479" started-at="2017-05-27T15:18:35Z" finished-at="2017-05-27T15:18:46Z">
          <params>
            <param index="0">
              <value>
                <![CDATA[false]]>
              </value>
            </param>
            <param index="1">
              <value>
                <![CDATA[browserstack]]>
              </value>
            </param>
            <param index="2">
              <value>
                <![CDATA[Windows]]>
              </value>
            </param>
            <param index="3">
              <value>
                <![CDATA[10]]>
              </value>
            </param>
            <param index="4">
              <value>
                <![CDATA[firefox]]>
              </value>
            </param>
            <param index="5">
              <value>
                <![CDATA[53.0]]>
              </value>
            </param>
            <param index="6">
              <value>
                <![CDATA[https://www.starbucks.com]]>
              </value>
            </param>
          </params>
          <reporter-output>
          </reporter-output>
        </test-method> <!-- setUp -->
        <test-method status="PASS" signature="startExtent(java.lang.reflect.Method)[pri:0, instance:clickontabs.BlogTab@13c78c0b]" name="startExtent" is-config="true" duration-ms="0" started-at="2017-05-27T15:18:46Z" finished-at="2017-05-27T15:18:46Z">
          <params>
            <param index="0">
              <value>
                <![CDATA[public void clickontabs.BlogTab.blog() throws java.lang.InterruptedException]]>
              </value>
            </param>
          </params>
          <reporter-output>
          </reporter-output>
        </test-method> <!-- startExtent -->
        <test-method status="PASS" signature="blog()[pri:0, instance:clickontabs.BlogTab@13c78c0b]" name="blog" duration-ms="2726" started-at="2017-05-27T15:18:46Z" finished-at="2017-05-27T15:18:49Z">
          <reporter-output>
            <line>
              <![CDATA[Epic: BlogTab AC:1,2 <a https://peoplentch.atlassian.net/browse/GREEN-7> GREEN-7 </a>]]>
            </line>
            <line>
              <![CDATA[Launch local browser Instance]]>
            </line>
            <line>
              <![CDATA[ClickOnTabs: click On Blog Tab]]>
            </line>
            <line>
              <![CDATA[ClickOnTabs: see Blog Options]]>
            </line>
          </reporter-output>
        </test-method> <!-- blog -->
        <test-method status="PASS" signature="afterEachTestMethod(org.testng.ITestResult)[pri:0, instance:clickontabs.BlogTab@13c78c0b]" name="afterEachTestMethod" is-config="true" duration-ms="1798" started-at="2017-05-27T15:18:49Z" finished-at="2017-05-27T15:18:50Z">
          <params>
            <param index="0">
              <value>
                <![CDATA[[TestResult name=blog status=SUCCESS method=BlogTab.blog()[pri:0, instance:clickontabs.BlogTab@13c78c0b] output=Epic: BlogTab AC:1,2 <a https://peoplentch.atlassian.net/browse/GREEN-7> GREEN-7 </a>]]]>
              </value>
            </param>
          </params>
          <reporter-output>
          </reporter-output>
        </test-method> <!-- afterEachTestMethod -->
        <test-method status="PASS" signature="cleanUp()[pri:0, instance:clickontabs.BlogTab@13c78c0b]" name="cleanUp" is-config="true" duration-ms="0" started-at="2017-05-27T15:18:50Z" finished-at="2017-05-27T15:18:50Z">
          <reporter-output>
          </reporter-output>
        </test-method> <!-- cleanUp -->
      </class> <!-- clickontabs.BlogTab -->
      <class name="clickontabs.SocialImpactTab">
        <test-method status="PASS" signature="setUp(boolean, java.lang.String, java.lang.String, java.lang.String, java.lang.String, java.lang.String, java.lang.String)[pri:0, instance:clickontabs.SocialImpactTab@737996a0]" name="setUp" is-config="true" duration-ms="10158" started-at="2017-05-27T15:17:34Z" finished-at="2017-05-27T15:17:44Z">
          <params>
            <param index="0">
              <value>
                <![CDATA[false]]>
              </value>
            </param>
            <param index="1">
              <value>
                <![CDATA[browserstack]]>
              </value>
            </param>
            <param index="2">
              <value>
                <![CDATA[Windows]]>
              </value>
            </param>
            <param index="3">
              <value>
                <![CDATA[10]]>
              </value>
            </param>
            <param index="4">
              <value>
                <![CDATA[firefox]]>
              </value>
            </param>
            <param index="5">
              <value>
                <![CDATA[53.0]]>
              </value>
            </param>
            <param index="6">
              <value>
                <![CDATA[https://www.starbucks.com]]>
              </value>
            </param>
          </params>
          <reporter-output>
          </reporter-output>
        </test-method> <!-- setUp -->
        <test-method status="PASS" signature="startExtent(java.lang.reflect.Method)[pri:0, instance:clickontabs.SocialImpactTab@737996a0]" name="startExtent" is-config="true" duration-ms="1" started-at="2017-05-27T15:17:44Z" finished-at="2017-05-27T15:17:44Z">
          <params>
            <param index="0">
              <value>
                <![CDATA[public void clickontabs.SocialImpactTab.socialImpact() throws java.lang.InterruptedException]]>
              </value>
            </param>
          </params>
          <reporter-output>
          </reporter-output>
        </test-method> <!-- startExtent -->
        <test-method status="PASS" signature="socialImpact()[pri:0, instance:clickontabs.SocialImpactTab@737996a0]" name="socialImpact" duration-ms="2425" started-at="2017-05-27T15:17:44Z" finished-at="2017-05-27T15:17:47Z">
          <reporter-output>
            <line>
              <![CDATA[Epic: SocialImpactTab AC:1,2 <a https://peoplentch.atlassian.net/browse/GREEN-7> GREEN-7 </a>]]>
            </line>
            <line>
              <![CDATA[Launch local browser Instance]]>
            </line>
            <line>
              <![CDATA[ClickOnTabs: click On Social Impact Tab]]>
            </line>
            <line>
              <![CDATA[ClickOnTabs: see Social Impact Options]]>
            </line>
          </reporter-output>
        </test-method> <!-- socialImpact -->
        <test-method status="PASS" signature="afterEachTestMethod(org.testng.ITestResult)[pri:0, instance:clickontabs.SocialImpactTab@737996a0]" name="afterEachTestMethod" is-config="true" duration-ms="1758" started-at="2017-05-27T15:17:47Z" finished-at="2017-05-27T15:17:48Z">
          <params>
            <param index="0">
              <value>
                <![CDATA[[TestResult name=socialImpact status=SUCCESS method=SocialImpactTab.socialImpact()[pri:0, instance:clickontabs.SocialImpactTab@737996a0] output=Epic: SocialImpactTab AC:1,2 <a https://peoplentch.atlassian.net/browse/GREEN-7> GREEN-7 </a>]]]>
              </value>
            </param>
          </params>
          <reporter-output>
          </reporter-output>
        </test-method> <!-- afterEachTestMethod -->
        <test-method status="PASS" signature="cleanUp()[pri:0, instance:clickontabs.SocialImpactTab@737996a0]" name="cleanUp" is-config="true" duration-ms="0" started-at="2017-05-27T15:17:48Z" finished-at="2017-05-27T15:17:48Z">
          <reporter-output>
          </reporter-output>
        </test-method> <!-- cleanUp -->
      </class> <!-- clickontabs.SocialImpactTab -->
      <class name="clickontabs.TeaTab">
        <test-method status="PASS" signature="setUp(boolean, java.lang.String, java.lang.String, java.lang.String, java.lang.String, java.lang.String, java.lang.String)[pri:0, instance:clickontabs.TeaTab@52af6cff]" name="setUp" is-config="true" duration-ms="11379" started-at="2017-05-27T15:16:01Z" finished-at="2017-05-27T15:16:12Z">
          <params>
            <param index="0">
              <value>
                <![CDATA[false]]>
              </value>
            </param>
            <param index="1">
              <value>
                <![CDATA[browserstack]]>
              </value>
            </param>
            <param index="2">
              <value>
                <![CDATA[Windows]]>
              </value>
            </param>
            <param index="3">
              <value>
                <![CDATA[10]]>
              </value>
            </param>
            <param index="4">
              <value>
                <![CDATA[firefox]]>
              </value>
            </param>
            <param index="5">
              <value>
                <![CDATA[53.0]]>
              </value>
            </param>
            <param index="6">
              <value>
                <![CDATA[https://www.starbucks.com]]>
              </value>
            </param>
          </params>
          <reporter-output>
          </reporter-output>
        </test-method> <!-- setUp -->
        <test-method status="PASS" signature="startExtent(java.lang.reflect.Method)[pri:0, instance:clickontabs.TeaTab@52af6cff]" name="startExtent" is-config="true" duration-ms="1" started-at="2017-05-27T15:16:12Z" finished-at="2017-05-27T15:16:12Z">
          <params>
            <param index="0">
              <value>
                <![CDATA[public void clickontabs.TeaTab.tea() throws java.lang.InterruptedException]]>
              </value>
            </param>
          </params>
          <reporter-output>
          </reporter-output>
        </test-method> <!-- startExtent -->
        <test-method status="PASS" signature="tea()[pri:0, instance:clickontabs.TeaTab@52af6cff]" name="tea" duration-ms="2425" started-at="2017-05-27T15:16:12Z" finished-at="2017-05-27T15:16:15Z">
          <reporter-output>
            <line>
              <![CDATA[Epic: TeaTab AC:1,2 <a https://peoplentch.atlassian.net/browse/GREEN-7> GREEN-7 </a>]]>
            </line>
            <line>
              <![CDATA[Launch local browser Instance]]>
            </line>
            <line>
              <![CDATA[ClickOnTabs: click On Tea Tab]]>
            </line>
            <line>
              <![CDATA[ClickOnTabs: see Tea Options]]>
            </line>
          </reporter-output>
        </test-method> <!-- tea -->
        <test-method status="PASS" signature="afterEachTestMethod(org.testng.ITestResult)[pri:0, instance:clickontabs.TeaTab@52af6cff]" name="afterEachTestMethod" is-config="true" duration-ms="1508" started-at="2017-05-27T15:16:15Z" finished-at="2017-05-27T15:16:16Z">
          <params>
            <param index="0">
              <value>
                <![CDATA[[TestResult name=tea status=SUCCESS method=TeaTab.tea()[pri:0, instance:clickontabs.TeaTab@52af6cff] output=Epic: TeaTab AC:1,2 <a https://peoplentch.atlassian.net/browse/GREEN-7> GREEN-7 </a>]]]>
              </value>
            </param>
          </params>
          <reporter-output>
          </reporter-output>
        </test-method> <!-- afterEachTestMethod -->
        <test-method status="PASS" signature="cleanUp()[pri:0, instance:clickontabs.TeaTab@52af6cff]" name="cleanUp" is-config="true" duration-ms="0" started-at="2017-05-27T15:16:16Z" finished-at="2017-05-27T15:16:16Z">
          <reporter-output>
          </reporter-output>
        </test-method> <!-- cleanUp -->
      </class> <!-- clickontabs.TeaTab -->
      <class name="signin.SignIn">
        <test-method status="PASS" signature="setUp(boolean, java.lang.String, java.lang.String, java.lang.String, java.lang.String, java.lang.String, java.lang.String)[pri:0, instance:signin.SignIn@5a61f5df]" name="setUp" is-config="true" duration-ms="9918" started-at="2017-05-27T15:15:13Z" finished-at="2017-05-27T15:15:23Z">
          <params>
            <param index="0">
              <value>
                <![CDATA[false]]>
              </value>
            </param>
            <param index="1">
              <value>
                <![CDATA[browserstack]]>
              </value>
            </param>
            <param index="2">
              <value>
                <![CDATA[Windows]]>
              </value>
            </param>
            <param index="3">
              <value>
                <![CDATA[10]]>
              </value>
            </param>
            <param index="4">
              <value>
                <![CDATA[firefox]]>
              </value>
            </param>
            <param index="5">
              <value>
                <![CDATA[53.0]]>
              </value>
            </param>
            <param index="6">
              <value>
                <![CDATA[https://www.starbucks.com]]>
              </value>
            </param>
          </params>
          <reporter-output>
          </reporter-output>
        </test-method> <!-- setUp -->
        <test-method status="FAIL" signature="signingin()[pri:0, instance:signin.SignIn@5a61f5df]" name="signingin" duration-ms="2720" started-at="2017-05-27T15:15:23Z" finished-at="2017-05-27T15:15:26Z">
          <exception class="org.openqa.selenium.InvalidElementStateException">
            <message>
              <![CDATA[Element is not enabled
Build info: version: '3.4.0', revision: 'unknown', time: 'unknown'
System info: host: 'KANGSTA', ip: '192.168.45.1', os.name: 'Windows 10', os.arch: 'amd64', os.version: '10.0', java.version: '1.8.0_121'
Driver info: org.openqa.selenium.firefox.FirefoxDriver
Capabilities [{moz:profile=C:\Users\saadi\AppData\Local\Temp\rust_mozprofile.0syZY1nHygFq, rotatable=false, timeouts={implicit=0.0, pageLoad=300000.0, script=30000.0}, pageLoadStrategy=normal, platform=ANY, specificationLevel=0.0, moz:accessibilityChecks=false, acceptInsecureCerts=false, browserVersion=53.0.3, platformVersion=10.0, moz:processID=13936.0, browserName=firefox, javascriptEnabled=true, platformName=windows_nt}]
Session ID: 2eaba174-0ae1-4ad4-8e75-1c4b4d36047b]]>
            </message>
            <full-stacktrace>
              <![CDATA[org.openqa.selenium.InvalidElementStateException: Element is not enabled
Build info: version: '3.4.0', revision: 'unknown', time: 'unknown'
System info: host: 'KANGSTA', ip: '192.168.45.1', os.name: 'Windows 10', os.arch: 'amd64', os.version: '10.0', java.version: '1.8.0_121'
Driver info: org.openqa.selenium.firefox.FirefoxDriver
Capabilities [{moz:profile=C:\Users\saadi\AppData\Local\Temp\rust_mozprofile.0syZY1nHygFq, rotatable=false, timeouts={implicit=0.0, pageLoad=300000.0, script=30000.0}, pageLoadStrategy=normal, platform=ANY, specificationLevel=0.0, moz:accessibilityChecks=false, acceptInsecureCerts=false, browserVersion=53.0.3, platformVersion=10.0, moz:processID=13936.0, browserName=firefox, javascriptEnabled=true, platformName=windows_nt}]
Session ID: 2eaba174-0ae1-4ad4-8e75-1c4b4d36047b
	at sun.reflect.NativeConstructorAccessorImpl.newInstance0(Native Method)
	at sun.reflect.NativeConstructorAccessorImpl.newInstance(NativeConstructorAccessorImpl.java:62)
	at sun.reflect.DelegatingConstructorAccessorImpl.newInstance(DelegatingConstructorAccessorImpl.java:45)
	at java.lang.reflect.Constructor.newInstance(Constructor.java:423)
	at org.openqa.selenium.remote.http.W3CHttpResponseCodec.createException(W3CHttpResponseCodec.java:150)
	at org.openqa.selenium.remote.http.W3CHttpResponseCodec.decode(W3CHttpResponseCodec.java:115)
	at org.openqa.selenium.remote.http.W3CHttpResponseCodec.decode(W3CHttpResponseCodec.java:45)
	at org.openqa.selenium.remote.HttpCommandExecutor.execute(HttpCommandExecutor.java:164)
	at org.openqa.selenium.remote.service.DriverCommandExecutor.execute(DriverCommandExecutor.java:82)
	at org.openqa.selenium.remote.RemoteWebDriver.execute(RemoteWebDriver.java:637)
	at org.openqa.selenium.remote.RemoteWebElement.execute(RemoteWebElement.java:272)
	at org.openqa.selenium.remote.RemoteWebElement.click(RemoteWebElement.java:82)
	at base.CommonAPI.clickByCss(CommonAPI.java:190)
	at signin.SignIn.signingin(SignIn.java:25)
	at sun.reflect.NativeMethodAccessorImpl.invoke0(Native Method)
	at sun.reflect.NativeMethodAccessorImpl.invoke(NativeMethodAccessorImpl.java:62)
	at sun.reflect.DelegatingMethodAccessorImpl.invoke(DelegatingMethodAccessorImpl.java:43)
	at java.lang.reflect.Method.invoke(Method.java:498)
	at org.testng.internal.MethodInvocationHelper.invokeMethod(MethodInvocationHelper.java:108)
	at org.testng.internal.Invoker.invokeMethod(Invoker.java:661)
	at org.testng.internal.Invoker.invokeTestMethod(Invoker.java:869)
	at org.testng.internal.Invoker.invokeTestMethods(Invoker.java:1193)
	at org.testng.internal.TestMethodWorker.invokeTestMethods(TestMethodWorker.java:126)
	at org.testng.internal.TestMethodWorker.run(TestMethodWorker.java:109)
	at org.testng.TestRunner.privateRun(TestRunner.java:744)
	at org.testng.TestRunner.run(TestRunner.java:602)
	at org.testng.SuiteRunner.runTest(SuiteRunner.java:380)
	at org.testng.SuiteRunner.access$000(SuiteRunner.java:39)
	at org.testng.SuiteRunner$SuiteWorker.run(SuiteRunner.java:414)
	at org.testng.internal.thread.ThreadUtil$1.call(ThreadUtil.java:52)
	at java.util.concurrent.FutureTask.run(FutureTask.java:266)
	at java.util.concurrent.ThreadPoolExecutor.runWorker(ThreadPoolExecutor.java:1142)
	at java.util.concurrent.ThreadPoolExecutor$Worker.run(ThreadPoolExecutor.java:617)
	at java.lang.Thread.run(Thread.java:745)
]]>
            </full-stacktrace>
          </exception> <!-- org.openqa.selenium.InvalidElementStateException -->
          <reporter-output>
            <line>
              <![CDATA[Epic: SignIn AC:1,2 <a https://peoplentch.atlassian.net/browse/GREEN-7> GREEN-7 </a>]]>
            </line>
            <line>
              <![CDATA[Launch local browser Instance]]>
            </line>
            <line>
              <![CDATA[SignInPage: click On Sign In]]>
            </line>
          </reporter-output>
        </test-method> <!-- signingin -->
        <test-method status="PASS" signature="startExtent(java.lang.reflect.Method)[pri:0, instance:signin.SignIn@5a61f5df]" name="startExtent" is-config="true" duration-ms="0" started-at="2017-05-27T15:15:23Z" finished-at="2017-05-27T15:15:23Z">
          <params>
            <param index="0">
              <value>
                <![CDATA[public void signin.SignIn.signingin()]]>
              </value>
            </param>
          </params>
          <reporter-output>
          </reporter-output>
        </test-method> <!-- startExtent -->
        <test-method status="PASS" signature="afterEachTestMethod(org.testng.ITestResult)[pri:0, instance:signin.SignIn@5a61f5df]" name="afterEachTestMethod" is-config="true" duration-ms="1347" started-at="2017-05-27T15:15:26Z" finished-at="2017-05-27T15:15:27Z">
          <params>
            <param index="0">
              <value>
                <![CDATA[[TestResult name=signingin status=FAILURE method=SignIn.signingin()[pri:0, instance:signin.SignIn@5a61f5df] output=Epic: SignIn AC:1,2 <a https://peoplentch.atlassian.net/browse/GREEN-7> GREEN-7 </a>]]]>
              </value>
            </param>
          </params>
          <reporter-output>
          </reporter-output>
        </test-method> <!-- afterEachTestMethod -->
        <test-method status="PASS" signature="cleanUp()[pri:0, instance:signin.SignIn@5a61f5df]" name="cleanUp" is-config="true" duration-ms="1" started-at="2017-05-27T15:15:27Z" finished-at="2017-05-27T15:15:27Z">
          <reporter-output>
          </reporter-output>
        </test-method> <!-- cleanUp -->
      </class> <!-- signin.SignIn -->
      <class name="clickontabs.CardTab">
        <test-method status="PASS" signature="setUp(boolean, java.lang.String, java.lang.String, java.lang.String, java.lang.String, java.lang.String, java.lang.String)[pri:0, instance:clickontabs.CardTab@50f8360d]" name="setUp" is-config="true" duration-ms="9829" started-at="2017-05-27T15:18:04Z" finished-at="2017-05-27T15:18:14Z">
          <params>
            <param index="0">
              <value>
                <![CDATA[false]]>
              </value>
            </param>
            <param index="1">
              <value>
                <![CDATA[browserstack]]>
              </value>
            </param>
            <param index="2">
              <value>
                <![CDATA[Windows]]>
              </value>
            </param>
            <param index="3">
              <value>
                <![CDATA[10]]>
              </value>
            </param>
            <param index="4">
              <value>
                <![CDATA[firefox]]>
              </value>
            </param>
            <param index="5">
              <value>
                <![CDATA[53.0]]>
              </value>
            </param>
            <param index="6">
              <value>
                <![CDATA[https://www.starbucks.com]]>
              </value>
            </param>
          </params>
          <reporter-output>
          </reporter-output>
        </test-method> <!-- setUp -->
        <test-method status="PASS" signature="card()[pri:0, instance:clickontabs.CardTab@50f8360d]" name="card" duration-ms="2469" started-at="2017-05-27T15:18:14Z" finished-at="2017-05-27T15:18:16Z">
          <reporter-output>
            <line>
              <![CDATA[Epic: CardTab AC:1,2 <a https://peoplentch.atlassian.net/browse/GREEN-7> GREEN-7 </a>]]>
            </line>
            <line>
              <![CDATA[Launch local browser Instance]]>
            </line>
            <line>
              <![CDATA[ClickOnTabs: click On Card Tab]]>
            </line>
            <line>
              <![CDATA[ClickOnTabs: see Card Options]]>
            </line>
          </reporter-output>
        </test-method> <!-- card -->
        <test-method status="PASS" signature="startExtent(java.lang.reflect.Method)[pri:0, instance:clickontabs.CardTab@50f8360d]" name="startExtent" is-config="true" duration-ms="0" started-at="2017-05-27T15:18:14Z" finished-at="2017-05-27T15:18:14Z">
          <params>
            <param index="0">
              <value>
                <![CDATA[public void clickontabs.CardTab.card() throws java.lang.InterruptedException]]>
              </value>
            </param>
          </params>
          <reporter-output>
          </reporter-output>
        </test-method> <!-- startExtent -->
        <test-method status="PASS" signature="afterEachTestMethod(org.testng.ITestResult)[pri:0, instance:clickontabs.CardTab@50f8360d]" name="afterEachTestMethod" is-config="true" duration-ms="1151" started-at="2017-05-27T15:18:16Z" finished-at="2017-05-27T15:18:18Z">
          <params>
            <param index="0">
              <value>
                <![CDATA[[TestResult name=card status=SUCCESS method=CardTab.card()[pri:0, instance:clickontabs.CardTab@50f8360d] output=Epic: CardTab AC:1,2 <a https://peoplentch.atlassian.net/browse/GREEN-7> GREEN-7 </a>]]]>
              </value>
            </param>
          </params>
          <reporter-output>
          </reporter-output>
        </test-method> <!-- afterEachTestMethod -->
        <test-method status="PASS" signature="cleanUp()[pri:0, instance:clickontabs.CardTab@50f8360d]" name="cleanUp" is-config="true" duration-ms="0" started-at="2017-05-27T15:18:18Z" finished-at="2017-05-27T15:18:18Z">
          <reporter-output>
          </reporter-output>
        </test-method> <!-- cleanUp -->
      </class> <!-- clickontabs.CardTab -->
      <class name="findastore.FindAStore">
        <test-method status="PASS" signature="extentSetup(org.testng.ITestContext)[pri:0, instance:findastore.FindAStore@36f6e879]" name="extentSetup" is-config="true" duration-ms="471" started-at="2017-05-27T15:14:52Z" finished-at="2017-05-27T15:14:53Z">
          <params>
            <param index="0">
              <value>
                <![CDATA[org.testng.TestRunner@3c0a50da]]>
              </value>
            </param>
          </params>
          <reporter-output>
            <line>
              <![CDATA[Extent Report directory: C:\Users\saadi\workspace\FromGitHub\Git-Saved-For-Later\WebAutomation\Starbucks\target\surefire-reports\html]]>
            </line>
          </reporter-output>
        </test-method> <!-- extentSetup -->
        <test-method status="PASS" signature="setUp(boolean, java.lang.String, java.lang.String, java.lang.String, java.lang.String, java.lang.String, java.lang.String)[pri:0, instance:findastore.FindAStore@36f6e879]" name="setUp" is-config="true" duration-ms="14993" started-at="2017-05-27T15:14:53Z" finished-at="2017-05-27T15:15:08Z">
          <params>
            <param index="0">
              <value>
                <![CDATA[false]]>
              </value>
            </param>
            <param index="1">
              <value>
                <![CDATA[browserstack]]>
              </value>
            </param>
            <param index="2">
              <value>
                <![CDATA[Windows]]>
              </value>
            </param>
            <param index="3">
              <value>
                <![CDATA[10]]>
              </value>
            </param>
            <param index="4">
              <value>
                <![CDATA[firefox]]>
              </value>
            </param>
            <param index="5">
              <value>
                <![CDATA[53.0]]>
              </value>
            </param>
            <param index="6">
              <value>
                <![CDATA[https://www.starbucks.com]]>
              </value>
            </param>
          </params>
          <reporter-output>
          </reporter-output>
        </test-method> <!-- setUp -->
        <test-method status="PASS" signature="startExtent(java.lang.reflect.Method)[pri:0, instance:findastore.FindAStore@36f6e879]" name="startExtent" is-config="true" duration-ms="11" started-at="2017-05-27T15:15:08Z" finished-at="2017-05-27T15:15:08Z">
          <params>
            <param index="0">
              <value>
                <![CDATA[public void findastore.FindAStore.findStorePage()]]>
              </value>
            </param>
          </params>
          <reporter-output>
          </reporter-output>
        </test-method> <!-- startExtent -->
        <test-method status="PASS" signature="findStorePage()[pri:0, instance:findastore.FindAStore@36f6e879]" name="findStorePage" duration-ms="2855" started-at="2017-05-27T15:15:08Z" finished-at="2017-05-27T15:15:11Z">
          <reporter-output>
            <line>
              <![CDATA[Epic: FindAStore AC:1,2 <a https://peoplentch.atlassian.net/browse/GREEN-7> GREEN-7 </a>]]>
            </line>
            <line>
              <![CDATA[Launch local browser Instance]]>
            </line>
            <line>
              <![CDATA[FindingStarbucks: go To Find Store]]>
            </line>
            <line>
              <![CDATA[FindingStarbucks: click On Find Store]]>
            </line>
            <line>
              <![CDATA[FindingStarbucks: type Zip Code]]>
            </line>
          </reporter-output>
        </test-method> <!-- findStorePage -->
        <test-method status="PASS" signature="afterEachTestMethod(org.testng.ITestResult)[pri:0, instance:findastore.FindAStore@36f6e879]" name="afterEachTestMethod" is-config="true" duration-ms="2278" started-at="2017-05-27T15:15:11Z" finished-at="2017-05-27T15:15:13Z">
          <params>
            <param index="0">
              <value>
                <![CDATA[[TestResult name=findStorePage status=SUCCESS method=FindAStore.findStorePage()[pri:0, instance:findastore.FindAStore@36f6e879] output=Epic: FindAStore AC:1,2 <a https://peoplentch.atlassian.net/browse/GREEN-7> GREEN-7 </a>]]]>
              </value>
            </param>
          </params>
          <reporter-output>
          </reporter-output>
        </test-method> <!-- afterEachTestMethod -->
        <test-method status="PASS" signature="cleanUp()[pri:0, instance:findastore.FindAStore@36f6e879]" name="cleanUp" is-config="true" duration-ms="1" started-at="2017-05-27T15:15:13Z" finished-at="2017-05-27T15:15:13Z">
          <reporter-output>
          </reporter-output>
        </test-method> <!-- cleanUp -->
        <test-method status="PASS" signature="generateReport()[pri:0, instance:findastore.FindAStore@36f6e879]" name="generateReport" is-config="true" duration-ms="112" started-at="2017-05-27T15:19:05Z" finished-at="2017-05-27T15:19:05Z">
          <reporter-output>
          </reporter-output>
        </test-method> <!-- generateReport -->
      </class> <!-- findastore.FindAStore -->
      <class name="moreoptions.Menu">
        <test-method status="PASS" signature="setUp(boolean, java.lang.String, java.lang.String, java.lang.String, java.lang.String, java.lang.String, java.lang.String)[pri:0, instance:moreoptions.Menu@2096442d]" name="setUp" is-config="true" duration-ms="10045" started-at="2017-05-27T15:16:48Z" finished-at="2017-05-27T15:16:58Z">
          <params>
            <param index="0">
              <value>
                <![CDATA[false]]>
              </value>
            </param>
            <param index="1">
              <value>
                <![CDATA[browserstack]]>
              </value>
            </param>
            <param index="2">
              <value>
                <![CDATA[Windows]]>
              </value>
            </param>
            <param index="3">
              <value>
                <![CDATA[10]]>
              </value>
            </param>
            <param index="4">
              <value>
                <![CDATA[firefox]]>
              </value>
            </param>
            <param index="5">
              <value>
                <![CDATA[53.0]]>
              </value>
            </param>
            <param index="6">
              <value>
                <![CDATA[https://www.starbucks.com]]>
              </value>
            </param>
          </params>
          <reporter-output>
          </reporter-output>
        </test-method> <!-- setUp -->
        <test-method status="PASS" signature="startExtent(java.lang.reflect.Method)[pri:0, instance:moreoptions.Menu@2096442d]" name="startExtent" is-config="true" duration-ms="1" started-at="2017-05-27T15:16:58Z" finished-at="2017-05-27T15:16:58Z">
          <params>
            <param index="0">
              <value>
                <![CDATA[public void moreoptions.Menu.menu() throws java.lang.InterruptedException]]>
              </value>
            </param>
          </params>
          <reporter-output>
          </reporter-output>
        </test-method> <!-- startExtent -->
        <test-method status="PASS" signature="menu()[pri:0, instance:moreoptions.Menu@2096442d]" name="menu" duration-ms="4015" started-at="2017-05-27T15:16:58Z" finished-at="2017-05-27T15:17:02Z">
          <reporter-output>
            <line>
              <![CDATA[Epic: MenuTab AC:1,2 <a https://peoplentch.atlassian.net/browse/GREEN-7> GREEN-7 </a>]]>
            </line>
            <line>
              <![CDATA[Launch local browser Instance]]>
            </line>
            <line>
              <![CDATA[ClickOnTabs: click On Menu Tab]]>
            </line>
            <line>
              <![CDATA[ClickOnTabs: see Menu Options]]>
            </line>
            <line>
              <![CDATA[Frapp: go To Frapp Blend]]>
            </line>
            <line>
              <![CDATA[Frapp: click On Frapp Blend]]>
            </line>
            <line>
              <![CDATA[Frapp: go To Smore Frapp]]>
            </line>
            <line>
              <![CDATA[Frapp: click On Smore Frapp]]>
            </line>
          </reporter-output>
        </test-method> <!-- menu -->
        <test-method status="PASS" signature="afterEachTestMethod(org.testng.ITestResult)[pri:0, instance:moreoptions.Menu@2096442d]" name="afterEachTestMethod" is-config="true" duration-ms="1864" started-at="2017-05-27T15:17:02Z" finished-at="2017-05-27T15:17:04Z">
          <params>
            <param index="0">
              <value>
                <![CDATA[[TestResult name=menu status=SUCCESS method=Menu.menu()[pri:0, instance:moreoptions.Menu@2096442d] output=Epic: MenuTab AC:1,2 <a https://peoplentch.atlassian.net/browse/GREEN-7> GREEN-7 </a>]]]>
              </value>
            </param>
          </params>
          <reporter-output>
          </reporter-output>
        </test-method> <!-- afterEachTestMethod -->
        <test-method status="PASS" signature="cleanUp()[pri:0, instance:moreoptions.Menu@2096442d]" name="cleanUp" is-config="true" duration-ms="1" started-at="2017-05-27T15:17:04Z" finished-at="2017-05-27T15:17:04Z">
          <reporter-output>
          </reporter-output>
        </test-method> <!-- cleanUp -->
      </class> <!-- moreoptions.Menu -->
      <class name="moreoptions.CoffeeHouse">
        <test-method status="PASS" signature="setUp(boolean, java.lang.String, java.lang.String, java.lang.String, java.lang.String, java.lang.String, java.lang.String)[pri:0, instance:moreoptions.CoffeeHouse@234bef66]" name="setUp" is-config="true" duration-ms="10119" started-at="2017-05-27T15:17:18Z" finished-at="2017-05-27T15:17:28Z">
          <params>
            <param index="0">
              <value>
                <![CDATA[false]]>
              </value>
            </param>
            <param index="1">
              <value>
                <![CDATA[browserstack]]>
              </value>
            </param>
            <param index="2">
              <value>
                <![CDATA[Windows]]>
              </value>
            </param>
            <param index="3">
              <value>
                <![CDATA[10]]>
              </value>
            </param>
            <param index="4">
              <value>
                <![CDATA[firefox]]>
              </value>
            </param>
            <param index="5">
              <value>
                <![CDATA[53.0]]>
              </value>
            </param>
            <param index="6">
              <value>
                <![CDATA[https://www.starbucks.com]]>
              </value>
            </param>
          </params>
          <reporter-output>
          </reporter-output>
        </test-method> <!-- setUp -->
        <test-method status="PASS" signature="startExtent(java.lang.reflect.Method)[pri:0, instance:moreoptions.CoffeeHouse@234bef66]" name="startExtent" is-config="true" duration-ms="1" started-at="2017-05-27T15:17:28Z" finished-at="2017-05-27T15:17:28Z">
          <params>
            <param index="0">
              <value>
                <![CDATA[public void moreoptions.CoffeeHouse.coffeeHouse() throws java.lang.InterruptedException]]>
              </value>
            </param>
          </params>
          <reporter-output>
          </reporter-output>
        </test-method> <!-- startExtent -->
        <test-method status="PASS" signature="coffeeHouse()[pri:0, instance:moreoptions.CoffeeHouse@234bef66]" name="coffeeHouse" duration-ms="4102" started-at="2017-05-27T15:17:28Z" finished-at="2017-05-27T15:17:32Z">
          <reporter-output>
            <line>
              <![CDATA[Epic: Metro AC:1,2 <a https://peoplentch.atlassian.net/browse/GREEN-7> GREEN-7 </a>]]>
            </line>
            <line>
              <![CDATA[Launch local browser Instance]]>
            </line>
            <line>
              <![CDATA[Epic: CoffeeHouseTab AC:1,2 <a https://peoplentch.atlassian.net/browse/GREEN-7> GREEN-7 </a>]]>
            </line>
            <line>
              <![CDATA[Launch local browser Instance]]>
            </line>
            <line>
              <![CDATA[ClickOnTabs: click On Coffee House Tab]]>
            </line>
            <line>
              <![CDATA[ClickOnTabs: see Coffe House Options]]>
            </line>
            <line>
              <![CDATA[Design: go To Store Design]]>
            </line>
            <line>
              <![CDATA[Design: click On Store Design]]>
            </line>
            <line>
              <![CDATA[Design: go To Design Location]]>
            </line>
            <line>
              <![CDATA[Design: click On Design Location]]>
            </line>
          </reporter-output>
        </test-method> <!-- coffeeHouse -->
        <test-method status="PASS" signature="afterEachTestMethod(org.testng.ITestResult)[pri:0, instance:moreoptions.CoffeeHouse@234bef66]" name="afterEachTestMethod" is-config="true" duration-ms="1952" started-at="2017-05-27T15:17:32Z" finished-at="2017-05-27T15:17:34Z">
          <params>
            <param index="0">
              <value>
                <![CDATA[[TestResult name=coffeeHouse status=SUCCESS method=CoffeeHouse.coffeeHouse()[pri:0, instance:moreoptions.CoffeeHouse@234bef66] output=Epic: Metro AC:1,2 <a https://peoplentch.atlassian.net/browse/GREEN-7> GREEN-7 </a>]]]>
              </value>
            </param>
          </params>
          <reporter-output>
          </reporter-output>
        </test-method> <!-- afterEachTestMethod -->
        <test-method status="PASS" signature="cleanUp()[pri:0, instance:moreoptions.CoffeeHouse@234bef66]" name="cleanUp" is-config="true" duration-ms="1" started-at="2017-05-27T15:17:34Z" finished-at="2017-05-27T15:17:34Z">
          <reporter-output>
          </reporter-output>
        </test-method> <!-- cleanUp -->
      </class> <!-- moreoptions.CoffeeHouse -->
    </test> <!-- Starbucks Home -->
  </suite> <!-- Starbucks -->
</testng-results>
