<?xml version="1.0" encoding="UTF-8"?>
<testsuite xmlns:xsi="http://www.w3.org/2001/XMLSchema-instance" xsi:schemaLocation="https://maven.apache.org/surefire/maven-surefire-plugin/xsd/surefire-test-report.xsd" name="TestSuite" time="10.611" tests="4" errors="0" skipped="3" failures="1">
  <properties>
[...]
</properties>
  <testcase name="setUp" classname="searchitems.SearchItems" time="10.137">
    <failure message="Reached error page: about:neterror?e=dnsNotFound&amp;u=http%3A//amazon.com/&amp;c=UTF-8&amp;f=regular&amp;d=Firefox%20can%E2%80%99t%20find%20the%20server%20at%20amazon.com.&#10;Build info: version: &apos;3.4.0&apos;, revision: &apos;unknown&apos;, time: &apos;unknown&apos;&#10;System info: host: &apos;KANGSTA&apos;, ip: &apos;192.168.45.1&apos;, os.name: &apos;Windows 10&apos;, os.arch: &apos;amd64&apos;, os.version: &apos;10.0&apos;, java.version: &apos;1.8.0_121&apos;&#10;Driver info: org.openqa.selenium.firefox.FirefoxDriver&#10;Capabilities [{moz:profile=C:\Users\saadi\AppData\Local\Temp\rust_mozprofile.3JubajUUhK47, rotatable=false, timeouts={implicit=0.0, pageLoad=300000.0, script=30000.0}, pageLoadStrategy=normal, platform=ANY, specificationLevel=0.0, moz:accessibilityChecks=false, acceptInsecureCerts=false, browserVersion=53.0.3, platformVersion=10.0, moz:processID=13232.0, browserName=firefox, javascriptEnabled=true, platformName=windows_nt}]&#10;Session ID: 2fd28f4e-cb2f-465d-b374-eb089bc551f6" type="org.openqa.selenium.WebDriverException"><![CDATA[org.openqa.selenium.WebDriverException: 
Reached error page: about:neterror?e=dnsNotFound&u=http%3A//amazon.com/&c=UTF-8&f=regular&d=Firefox%20can%E2%80%99t%20find%20the%20server%20at%20amazon.com.
Build info: version: '3.4.0', revision: 'unknown', time: 'unknown'
System info: host: 'KANGSTA', ip: '192.168.45.1', os.name: 'Windows 10', os.arch: 'amd64', os.version: '10.0', java.version: '1.8.0_121'
Driver info: org.openqa.selenium.firefox.FirefoxDriver
Capabilities [{moz:profile=C:\Users\saadi\AppData\Local\Temp\rust_mozprofile.3JubajUUhK47, rotatable=false, timeouts={implicit=0.0, pageLoad=300000.0, script=30000.0}, pageLoadStrategy=normal, platform=ANY, specificationLevel=0.0, moz:accessibilityChecks=false, acceptInsecureCerts=false, browserVersion=53.0.3, platformVersion=10.0, moz:processID=13232.0, browserName=firefox, javascriptEnabled=true, platformName=windows_nt}]
Session ID: 2fd28f4e-cb2f-465d-b374-eb089bc551f6
]]></failure>
    <system-out><![CDATA[Extent Report directory: C:\Users\saadi\workspace\FromGitHub\Git-Saved-For-Later\WebAutomation\Amazon\target\surefire-reports\html
]]></system-out>
    <system-err><![CDATA[May 27, 2017 6:25:32 PM com.relevantcodes.extentreports.ExtentReports loadConfig
WARNING: Unable to perform report configuration. The file C:\Users\saadi\workspace\FromGitHub\Git-Saved-For-Later\WebAutomation\Amazon\report-config.xml was not found.
1495923933638	geckodriver	INFO	Listening on 127.0.0.1:1962
1495923934481	geckodriver::marionette	INFO	Starting browser \\?\C:\Program Files (x86)\Mozilla Firefox\firefox.exe with args ["-marionette"]
1495JavaScri9p2t3 9error3:5 471r	easdoduorncse.:m//garen/amgoedru	lEeRsR/OARd	dsotnaMratnuapg efra.ijlsemd,:  l[iEnxec eption1.6.5.7 :" CNoS_EmponentR RrOeRt_uNrOnTe_dI NfIaTiIALIZEDlure code: 0x80070057 (NS_ERROR_ILLEGAL_VALU: AddonManager is not initialized
E) [nsIFile.create]"  nsresult: "0x80070057 (NS_ERROR_ILLEGAL_VALUE)"  location: "JS frame :: resource://gre/modules/FileUtils.jsm :: FileUtils_getDir :: line 70"  data: no] Stack trace: FileUtils_getDir()@resource://gre/modules/FileUtils.jsm:70 < FileUtils_getFile()@resource://gre/modules/FileUtils.jsm:42 < validateBlocklist()@resource://gre/modules/AddonManager.jsm:671 < startup()@resource://gre/modules/AddonManager.jsm:834 < startup()@resource://gre/modules/AddonManager.jsm:3129 < observe()@resource://gre/components/addonManager.js:65
1495923940511	Marionette	INFO	Listening on port 57834
JavaScript error: resource://gre/modules/AddonManager.jsm, line 2570: NS_ERROR_NOT_INITIALIZED: AddonManager is not initialized
May 27, 2017 6:25:41 PM org.openqa.selenium.remote.ProtocolHandshake createSession
INFO: Detected dialect: W3C
]]></system-err>
  </testcase>
  <testcase name="startExtent" classname="searchitems.SearchItems" time="0">
    <skipped/>
  </testcase>
  <testcase name="search" classname="searchitems.SearchItems" time="0">
    <skipped message="Reached error page: about:neterror?e=dnsNotFound&amp;u=http%3A//amazon.com/&amp;c=UTF-8&amp;f=regular&amp;d=Firefox%20can%E2%80%99t%20find%20the%20server%20at%20amazon.com.&#10;Build info: version: &apos;3.4.0&apos;, revision: &apos;unknown&apos;, time: &apos;unknown&apos;&#10;System info: host: &apos;KANGSTA&apos;, ip: &apos;192.168.45.1&apos;, os.name: &apos;Windows 10&apos;, os.arch: &apos;amd64&apos;, os.version: &apos;10.0&apos;, java.version: &apos;1.8.0_121&apos;&#10;Driver info: org.openqa.selenium.firefox.FirefoxDriver&#10;Capabilities [{moz:profile=C:\Users\saadi\AppData\Local\Temp\rust_mozprofile.3JubajUUhK47, rotatable=false, timeouts={implicit=0.0, pageLoad=300000.0, script=30000.0}, pageLoadStrategy=normal, platform=ANY, specificationLevel=0.0, moz:accessibilityChecks=false, acceptInsecureCerts=false, browserVersion=53.0.3, platformVersion=10.0, moz:processID=13232.0, browserName=firefox, javascriptEnabled=true, platformName=windows_nt}]&#10;Session ID: 2fd28f4e-cb2f-465d-b374-eb089bc551f6"/>
  </testcase>
  <testcase name="generateReport" classname="searchitems.SearchItems" time="0">
    <skipped/>
  </testcase>
</testsuite>