<?xml version="1.0" encoding="UTF-8"?>
<testng-results skipped="0" failed="0" ignored="0" total="2" passed="2">
  <reporter-output>
  </reporter-output>
  <suite name="Amazon" duration-ms="11256" started-at="2017-05-07T18:57:14Z" finished-at="2017-05-07T18:57:25Z">
    <groups>
    </groups>
    <test name="Amazon Home" duration-ms="11256" started-at="2017-05-07T18:57:14Z" finished-at="2017-05-07T18:57:25Z">
      <class name="home.SearchItems">
        <test-method status="PASS" signature="setUp(boolean, java.lang.String, java.lang.String, java.lang.String, java.lang.String, java.lang.String, java.lang.String)[pri:0, instance:home.SearchItems@1324409e]" name="setUp" is-config="true" duration-ms="10399" started-at="2017-05-07T14:57:14Z" finished-at="2017-05-07T14:57:24Z">
          <params>
            <param index="0">
              <value>
                <![CDATA[false]]>
              </value>
            </param>
            <param index="1">
              <value>
                <![CDATA[browserstack]]>
              </value>
            </param>
            <param index="2">
              <value>
                <![CDATA[Windows]]>
              </value>
            </param>
            <param index="3">
              <value>
                <![CDATA[10]]>
              </value>
            </param>
            <param index="4">
              <value>
                <![CDATA[firefox]]>
              </value>
            </param>
            <param index="5">
              <value>
                <![CDATA[53.0]]>
              </value>
            </param>
            <param index="6">
              <value>
                <![CDATA[http://amazon.com]]>
              </value>
            </param>
          </params>
          <reporter-output>
          </reporter-output>
        </test-method> <!-- setUp -->
        <test-method status="PASS" signature="serach()[pri:0, instance:home.SearchItems@1324409e]" name="serach" duration-ms="356" started-at="2017-05-07T14:57:24Z" finished-at="2017-05-07T14:57:25Z">
          <reporter-output>
          </reporter-output>
        </test-method> <!-- serach -->
        <test-method status="PASS" signature="cleanUp()[pri:0, instance:home.SearchItems@1324409e]" name="cleanUp" is-config="true" duration-ms="485" started-at="2017-05-07T14:57:25Z" finished-at="2017-05-07T14:57:25Z">
          <reporter-output>
          </reporter-output>
        </test-method> <!-- cleanUp -->
      </class> <!-- home.SearchItems -->
    </test> <!-- Amazon Home -->
  </suite> <!-- Amazon -->
  <suite name="Amazon (0)" duration-ms="24426" started-at="2017-05-07T18:57:25Z" finished-at="2017-05-07T18:57:50Z">
    <groups>
    </groups>
    <test name="Amazon Home" duration-ms="24426" started-at="2017-05-07T18:57:25Z" finished-at="2017-05-07T18:57:50Z">
      <class name="home.SearchItems">
        <test-method status="PASS" signature="setUp(boolean, java.lang.String, java.lang.String, java.lang.String, java.lang.String, java.lang.String, java.lang.String)[pri:0, instance:home.SearchItems@2d3fcdbd]" name="setUp" is-config="true" duration-ms="10083" started-at="2017-05-07T14:57:25Z" finished-at="2017-05-07T14:57:35Z">
          <params>
            <param index="0">
              <value>
                <![CDATA[true]]>
              </value>
            </param>
            <param index="1">
              <value>
                <![CDATA[browserstack]]>
              </value>
            </param>
            <param index="2">
              <value>
                <![CDATA[OS X]]>
              </value>
            </param>
            <param index="3">
              <value>
                <![CDATA[Sierra]]>
              </value>
            </param>
            <param index="4">
              <value>
                <![CDATA[firefox]]>
              </value>
            </param>
            <param index="5">
              <value>
                <![CDATA[53.0]]>
              </value>
            </param>
            <param index="6">
              <value>
                <![CDATA[http://amazon.com]]>
              </value>
            </param>
          </params>
          <reporter-output>
          </reporter-output>
        </test-method> <!-- setUp -->
        <test-method status="PASS" signature="serach()[pri:0, instance:home.SearchItems@2d3fcdbd]" name="serach" duration-ms="726" started-at="2017-05-07T14:57:35Z" finished-at="2017-05-07T14:57:36Z">
          <reporter-output>
          </reporter-output>
        </test-method> <!-- serach -->
        <test-method status="PASS" signature="cleanUp()[pri:0, instance:home.SearchItems@2d3fcdbd]" name="cleanUp" is-config="true" duration-ms="13616" started-at="2017-05-07T14:57:36Z" finished-at="2017-05-07T14:57:50Z">
          <reporter-output>
          </reporter-output>
        </test-method> <!-- cleanUp -->
      </class> <!-- home.SearchItems -->
    </test> <!-- Amazon Home -->
  </suite> <!-- Amazon (0) -->
</testng-results>
