<?xml version="1.0" encoding="UTF-8"?>
<testng-results skipped="0" failed="3" ignored="68" total="103" passed="32">
  <reporter-output>
    <line>
      <![CDATA[Extent Report directory: C:\Users\saadi\workspace\FromGitHub\Git-Saved-For-Later\WebAutomation\AliBaba\target\surefire-reports\html]]>
    </line>
    <line>
      <![CDATA[Epic: Categories AC:1,2 <a https://peoplentch.atlassian.net/browse/GREEN-7> GREEN-7 </a>]]>
    </line>
    <line>
      <![CDATA[Launch local browser Instance]]>
    </line>
    <line>
      <![CDATA[HomePage: click On Categories Tab]]>
    </line>
    <line>
      <![CDATA[HomePage: see Categories Options]]>
    </line>
    <line>
      <![CDATA[Epic: Machinery AC:1,2 <a https://peoplentch.atlassian.net/browse/GREEN-7> GREEN-7 </a>]]>
    </line>
    <line>
      <![CDATA[Launch local browser Instance]]>
    </line>
    <line>
      <![CDATA[Epic: Categories AC:1,2 <a https://peoplentch.atlassian.net/browse/GREEN-7> GREEN-7 </a>]]>
    </line>
    <line>
      <![CDATA[Launch local browser Instance]]>
    </line>
    <line>
      <![CDATA[HomePage: click On Categories Tab]]>
    </line>
    <line>
      <![CDATA[HomePage: see Categories Options]]>
    </line>
    <line>
      <![CDATA[MachineryPage: machinery Page Categories]]>
    </line>
    <line>
      <![CDATA[HomePage: click On Categories Machinery Tab]]>
    </line>
    <line>
      <![CDATA[HomePage: see Categories Machinery Options]]>
    </line>
    <line>
      <![CDATA[Epic: Mechanical Parts AC:1,2 <a https://peoplentch.atlassian.net/browse/GREEN-7> GREEN-7 </a>]]>
    </line>
    <line>
      <![CDATA[Launch local browser Instance]]>
    </line>
    <line>
      <![CDATA[Epic: Categories AC:1,2 <a https://peoplentch.atlassian.net/browse/GREEN-7> GREEN-7 </a>]]>
    </line>
    <line>
      <![CDATA[Launch local browser Instance]]>
    </line>
    <line>
      <![CDATA[HomePage: click On Categories Tab]]>
    </line>
    <line>
      <![CDATA[HomePage: see Categories Options]]>
    </line>
    <line>
      <![CDATA[MechanicalPartsPage: mechanical Parts Page Categories]]>
    </line>
    <line>
      <![CDATA[HomePage: click On Categories Mechanical Parts Tab]]>
    </line>
    <line>
      <![CDATA[HomePage: see Categories Mechanical Parts Options]]>
    </line>
    <line>
      <![CDATA[Epic: Tools AC:1,2 <a https://peoplentch.atlassian.net/browse/GREEN-7> GREEN-7 </a>]]>
    </line>
    <line>
      <![CDATA[Launch local browser Instance]]>
    </line>
    <line>
      <![CDATA[Epic: Categories AC:1,2 <a https://peoplentch.atlassian.net/browse/GREEN-7> GREEN-7 </a>]]>
    </line>
    <line>
      <![CDATA[Launch local browser Instance]]>
    </line>
    <line>
      <![CDATA[HomePage: click On Categories Tab]]>
    </line>
    <line>
      <![CDATA[HomePage: see Categories Options]]>
    </line>
    <line>
      <![CDATA[ToolsPage: tools Page Categories]]>
    </line>
    <line>
      <![CDATA[HomePage: click On Categories Tools Tab]]>
    </line>
    <line>
      <![CDATA[HomePage: see Categories Tools Options]]>
    </line>
    <line>
      <![CDATA[Epic: Hardware AC:1,2 <a https://peoplentch.atlassian.net/browse/GREEN-7> GREEN-7 </a>]]>
    </line>
    <line>
      <![CDATA[Launch local browser Instance]]>
    </line>
    <line>
      <![CDATA[Epic: Categories AC:1,2 <a https://peoplentch.atlassian.net/browse/GREEN-7> GREEN-7 </a>]]>
    </line>
    <line>
      <![CDATA[Launch local browser Instance]]>
    </line>
    <line>
      <![CDATA[HomePage: click On Categories Tab]]>
    </line>
    <line>
      <![CDATA[HomePage: see Categories Options]]>
    </line>
    <line>
      <![CDATA[HardwarePage: hardware Page Categories]]>
    </line>
    <line>
      <![CDATA[HomePage: click On Categories Hardware Tab]]>
    </line>
    <line>
      <![CDATA[HomePage: see Categories Hardware Options]]>
    </line>
    <line>
      <![CDATA[Epic: Consumer Electronics AC:1,2 <a https://peoplentch.atlassian.net/browse/GREEN-7> GREEN-7 </a>]]>
    </line>
    <line>
      <![CDATA[Launch local browser Instance]]>
    </line>
    <line>
      <![CDATA[Epic: Categories AC:1,2 <a https://peoplentch.atlassian.net/browse/GREEN-7> GREEN-7 </a>]]>
    </line>
    <line>
      <![CDATA[Launch local browser Instance]]>
    </line>
    <line>
      <![CDATA[HomePage: click On Categories Tab]]>
    </line>
    <line>
      <![CDATA[HomePage: see Categories Options]]>
    </line>
    <line>
      <![CDATA[ConsumerElectronicsPage: consumer Electronics Page Categories]]>
    </line>
    <line>
      <![CDATA[HomePage: click On Categories Consumer Electronics Tab]]>
    </line>
    <line>
      <![CDATA[HomePage: see Categories Consumer Electronics Options]]>
    </line>
    <line>
      <![CDATA[Epic: HomeAppliance AC:1,2 <a https://peoplentch.atlassian.net/browse/GREEN-7> GREEN-7 </a>]]>
    </line>
    <line>
      <![CDATA[Launch local browser Instance]]>
    </line>
    <line>
      <![CDATA[Epic: Categories AC:1,2 <a https://peoplentch.atlassian.net/browse/GREEN-7> GREEN-7 </a>]]>
    </line>
    <line>
      <![CDATA[Launch local browser Instance]]>
    </line>
    <line>
      <![CDATA[HomePage: click On Categories Tab]]>
    </line>
    <line>
      <![CDATA[HomePage: see Categories Options]]>
    </line>
    <line>
      <![CDATA[HomeAppliancesPage: home Appliances Page Categories]]>
    </line>
    <line>
      <![CDATA[HomePage: click On Categories Home Appliances Tab]]>
    </line>
    <line>
      <![CDATA[HomePage: see Categories Home Appliances Options]]>
    </line>
    <line>
      <![CDATA[Epic: Metro AC:1,2 <a https://peoplentch.atlassian.net/browse/GREEN-7> GREEN-7 </a>]]>
    </line>
    <line>
      <![CDATA[Launch local browser Instance]]>
    </line>
    <line>
      <![CDATA[Epic: Categories AC:1,2 <a https://peoplentch.atlassian.net/browse/GREEN-7> GREEN-7 </a>]]>
    </line>
    <line>
      <![CDATA[Launch local browser Instance]]>
    </line>
    <line>
      <![CDATA[HomePage: click On Categories Tab]]>
    </line>
    <line>
      <![CDATA[HomePage: see Categories Options]]>
    </line>
    <line>
      <![CDATA[SecurityPage: security Page Categories]]>
    </line>
    <line>
      <![CDATA[HomePage: click On Catergories Secutity Tab]]>
    </line>
    <line>
      <![CDATA[HomePage: see Categories Security Options]]>
    </line>
    <line>
      <![CDATA[Epic: Auto AC:1,2 <a https://peoplentch.atlassian.net/browse/GREEN-7> GREEN-7 </a>]]>
    </line>
    <line>
      <![CDATA[Launch local browser Instance]]>
    </line>
    <line>
      <![CDATA[Epic: Categories AC:1,2 <a https://peoplentch.atlassian.net/browse/GREEN-7> GREEN-7 </a>]]>
    </line>
    <line>
      <![CDATA[Launch local browser Instance]]>
    </line>
    <line>
      <![CDATA[HomePage: click On Categories Tab]]>
    </line>
    <line>
      <![CDATA[HomePage: see Categories Options]]>
    </line>
    <line>
      <![CDATA[AutoPage: auto Page Categories]]>
    </line>
    <line>
      <![CDATA[HomePage: click On Categories Auto Tab]]>
    </line>
    <line>
      <![CDATA[HomePage: see Categories Auto Options]]>
    </line>
    <line>
      <![CDATA[Epic: Metro AC:1,2 <a https://peoplentch.atlassian.net/browse/GREEN-7> GREEN-7 </a>]]>
    </line>
    <line>
      <![CDATA[Launch local browser Instance]]>
    </line>
    <line>
      <![CDATA[Epic: Categories AC:1,2 <a https://peoplentch.atlassian.net/browse/GREEN-7> GREEN-7 </a>]]>
    </line>
    <line>
      <![CDATA[Launch local browser Instance]]>
    </line>
    <line>
      <![CDATA[HomePage: click On Categories Tab]]>
    </line>
    <line>
      <![CDATA[HomePage: see Categories Options]]>
    </line>
    <line>
      <![CDATA[TransportationPage: transportation Page Categories]]>
    </line>
    <line>
      <![CDATA[HomePage: click On Categories Transportation Tab]]>
    </line>
    <line>
      <![CDATA[HomePage: see Categories Transportation Options]]>
    </line>
    <line>
      <![CDATA[Epic: Apparel AC:1,2 <a https://peoplentch.atlassian.net/browse/GREEN-7> GREEN-7 </a>]]>
    </line>
    <line>
      <![CDATA[Launch local browser Instance]]>
    </line>
    <line>
      <![CDATA[Epic: Categories AC:1,2 <a https://peoplentch.atlassian.net/browse/GREEN-7> GREEN-7 </a>]]>
    </line>
    <line>
      <![CDATA[Launch local browser Instance]]>
    </line>
    <line>
      <![CDATA[HomePage: click On Categories Tab]]>
    </line>
    <line>
      <![CDATA[HomePage: see Categories Options]]>
    </line>
    <line>
      <![CDATA[ApparelPage: apparel Page Categories]]>
    </line>
    <line>
      <![CDATA[HomePage: click On Categories Apparel Tab]]>
    </line>
    <line>
      <![CDATA[HomePage: see Categories Apparel Options]]>
    </line>
    <line>
      <![CDATA[Epic: Metro AC:1,2 <a https://peoplentch.atlassian.net/browse/GREEN-7> GREEN-7 </a>]]>
    </line>
    <line>
      <![CDATA[Launch local browser Instance]]>
    </line>
    <line>
      <![CDATA[Epic: Categories AC:1,2 <a https://peoplentch.atlassian.net/browse/GREEN-7> GREEN-7 </a>]]>
    </line>
    <line>
      <![CDATA[Launch local browser Instance]]>
    </line>
    <line>
      <![CDATA[HomePage: click On Categories Tab]]>
    </line>
    <line>
      <![CDATA[HomePage: see Categories Options]]>
    </line>
    <line>
      <![CDATA[TextilePage: textile Page Categories]]>
    </line>
    <line>
      <![CDATA[HomePage: click On Categories Textile Tab]]>
    </line>
    <line>
      <![CDATA[HomePage: see Categories Textile Options]]>
    </line>
    <line>
      <![CDATA[Epic: Metro AC:1,2 <a https://peoplentch.atlassian.net/browse/GREEN-7> GREEN-7 </a>]]>
    </line>
    <line>
      <![CDATA[Launch local browser Instance]]>
    </line>
    <line>
      <![CDATA[Epic: Categories AC:1,2 <a https://peoplentch.atlassian.net/browse/GREEN-7> GREEN-7 </a>]]>
    </line>
    <line>
      <![CDATA[Launch local browser Instance]]>
    </line>
    <line>
      <![CDATA[HomePage: click On Categories Tab]]>
    </line>
    <line>
      <![CDATA[HomePage: see Categories Options]]>
    </line>
    <line>
      <![CDATA[TimepiecePage: timepiece Page Categories]]>
    </line>
    <line>
      <![CDATA[HomePage: click On Categories Timepiece Tab]]>
    </line>
    <line>
      <![CDATA[HomePage: see Categories Timepiece Options]]>
    </line>
    <line>
      <![CDATA[Epic: Accessories AC:1,2 <a https://peoplentch.atlassian.net/browse/GREEN-7> GREEN-7 </a>]]>
    </line>
    <line>
      <![CDATA[Launch local browser Instance]]>
    </line>
    <line>
      <![CDATA[Epic: Categories AC:1,2 <a https://peoplentch.atlassian.net/browse/GREEN-7> GREEN-7 </a>]]>
    </line>
    <line>
      <![CDATA[Launch local browser Instance]]>
    </line>
    <line>
      <![CDATA[HomePage: click On Categories Tab]]>
    </line>
    <line>
      <![CDATA[HomePage: see Categories Options]]>
    </line>
    <line>
      <![CDATA[AccessoriesPage: Accessories Page Categories]]>
    </line>
    <line>
      <![CDATA[HomePage: click On Categories Accessories Tab]]>
    </line>
    <line>
      <![CDATA[HomePage: see Categories Accessories Options]]>
    </line>
    <line>
      <![CDATA[Epic: HomeAndGarden AC:1,2 <a https://peoplentch.atlassian.net/browse/GREEN-7> GREEN-7 </a>]]>
    </line>
    <line>
      <![CDATA[Launch local browser Instance]]>
    </line>
    <line>
      <![CDATA[Epic: Categories AC:1,2 <a https://peoplentch.atlassian.net/browse/GREEN-7> GREEN-7 </a>]]>
    </line>
    <line>
      <![CDATA[Launch local browser Instance]]>
    </line>
    <line>
      <![CDATA[HomePage: click On Categories Tab]]>
    </line>
    <line>
      <![CDATA[HomePage: see Categories Options]]>
    </line>
    <line>
      <![CDATA[HomeAndGardenPage: home And Garden Page Categories]]>
    </line>
    <line>
      <![CDATA[HomePage: click On Categories Home And Garden Tab]]>
    </line>
    <line>
      <![CDATA[HomePage: see Categories Home And Garden Options]]>
    </line>
    <line>
      <![CDATA[Epic: Construction AC:1,2 <a https://peoplentch.atlassian.net/browse/GREEN-7> GREEN-7 </a>]]>
    </line>
    <line>
      <![CDATA[Launch local browser Instance]]>
    </line>
    <line>
      <![CDATA[Epic: Categories AC:1,2 <a https://peoplentch.atlassian.net/browse/GREEN-7> GREEN-7 </a>]]>
    </line>
    <line>
      <![CDATA[Launch local browser Instance]]>
    </line>
    <line>
      <![CDATA[HomePage: click On Categories Tab]]>
    </line>
    <line>
      <![CDATA[HomePage: see Categories Options]]>
    </line>
    <line>
      <![CDATA[ConstructionPage: construction Page Categories]]>
    </line>
    <line>
      <![CDATA[HomePage: click On Categories Construction Tab]]>
    </line>
    <line>
      <![CDATA[HomePage: see Categories Construction Options]]>
    </line>
    <line>
      <![CDATA[Epic: Metro AC:1,2 <a https://peoplentch.atlassian.net/browse/GREEN-7> GREEN-7 </a>]]>
    </line>
    <line>
      <![CDATA[Launch local browser Instance]]>
    </line>
    <line>
      <![CDATA[Epic: Categories AC:1,2 <a https://peoplentch.atlassian.net/browse/GREEN-7> GREEN-7 </a>]]>
    </line>
    <line>
      <![CDATA[Launch local browser Instance]]>
    </line>
    <line>
      <![CDATA[HomePage: click On Categories Tab]]>
    </line>
    <line>
      <![CDATA[HomePage: see Categories Options]]>
    </line>
    <line>
      <![CDATA[LightsPage: lights Page Categories]]>
    </line>
    <line>
      <![CDATA[HomePage: click On Categories Lights Tab]]>
    </line>
    <line>
      <![CDATA[HomePage: see Categories Lights Options]]>
    </line>
    <line>
      <![CDATA[Epic: Furniture AC:1,2 <a https://peoplentch.atlassian.net/browse/GREEN-7> GREEN-7 </a>]]>
    </line>
    <line>
      <![CDATA[Launch local browser Instance]]>
    </line>
    <line>
      <![CDATA[Epic: Categories AC:1,2 <a https://peoplentch.atlassian.net/browse/GREEN-7> GREEN-7 </a>]]>
    </line>
    <line>
      <![CDATA[Launch local browser Instance]]>
    </line>
    <line>
      <![CDATA[HomePage: click On Categories Tab]]>
    </line>
    <line>
      <![CDATA[HomePage: see Categories Options]]>
    </line>
    <line>
      <![CDATA[FurniturePage: furniture Page Categories]]>
    </line>
    <line>
      <![CDATA[HomePage: click On Categories Furniture Tab]]>
    </line>
    <line>
      <![CDATA[HomePage: see Categories Furniture Options]]>
    </line>
    <line>
      <![CDATA[Epic: BeautyAndPersonalCare AC:1,2 <a https://peoplentch.atlassian.net/browse/GREEN-7> GREEN-7 </a>]]>
    </line>
    <line>
      <![CDATA[Launch local browser Instance]]>
    </line>
    <line>
      <![CDATA[Epic: Categories AC:1,2 <a https://peoplentch.atlassian.net/browse/GREEN-7> GREEN-7 </a>]]>
    </line>
    <line>
      <![CDATA[Launch local browser Instance]]>
    </line>
    <line>
      <![CDATA[HomePage: click On Categories Tab]]>
    </line>
    <line>
      <![CDATA[HomePage: see Categories Options]]>
    </line>
    <line>
      <![CDATA[BeautyAndPersonalCarePage: beauty And Personal Care Page Categories]]>
    </line>
    <line>
      <![CDATA[HomePage: click On Categories Beauty And Personal Care Tab]]>
    </line>
    <line>
      <![CDATA[HomePage: see Categories Beauty And Personal Care Options]]>
    </line>
    <line>
      <![CDATA[Epic: Health AC:1,2 <a https://peoplentch.atlassian.net/browse/GREEN-7> GREEN-7 </a>]]>
    </line>
    <line>
      <![CDATA[Launch local browser Instance]]>
    </line>
    <line>
      <![CDATA[Epic: Categories AC:1,2 <a https://peoplentch.atlassian.net/browse/GREEN-7> GREEN-7 </a>]]>
    </line>
    <line>
      <![CDATA[Launch local browser Instance]]>
    </line>
    <line>
      <![CDATA[HomePage: click On Categories Tab]]>
    </line>
    <line>
      <![CDATA[HomePage: see Categories Options]]>
    </line>
    <line>
      <![CDATA[HealthPage: health Page Categories]]>
    </line>
    <line>
      <![CDATA[HomePage: click On Categories Health Tab]]>
    </line>
    <line>
      <![CDATA[HomePage: see Categories Health Options]]>
    </line>
    <line>
      <![CDATA[Epic: ServiceEquipment AC:1,2 <a https://peoplentch.atlassian.net/browse/GREEN-7> GREEN-7 </a>]]>
    </line>
    <line>
      <![CDATA[Launch local browser Instance]]>
    </line>
    <line>
      <![CDATA[Epic: Categories AC:1,2 <a https://peoplentch.atlassian.net/browse/GREEN-7> GREEN-7 </a>]]>
    </line>
    <line>
      <![CDATA[Launch local browser Instance]]>
    </line>
    <line>
      <![CDATA[HomePage: click On Categories Tab]]>
    </line>
    <line>
      <![CDATA[HomePage: see Categories Options]]>
    </line>
    <line>
      <![CDATA[ServiceEquipmentPage: service Equipment Page Categories]]>
    </line>
    <line>
      <![CDATA[HomePage: click On Categories Service Equipment Tab]]>
    </line>
    <line>
      <![CDATA[HomePage: see Categories Service Equipment Options]]>
    </line>
    <line>
      <![CDATA[Epic: Metro AC:1,2 <a https://peoplentch.atlassian.net/browse/GREEN-7> GREEN-7 </a>]]>
    </line>
    <line>
      <![CDATA[Launch local browser Instance]]>
    </line>
    <line>
      <![CDATA[Epic: Categories AC:1,2 <a https://peoplentch.atlassian.net/browse/GREEN-7> GREEN-7 </a>]]>
    </line>
    <line>
      <![CDATA[Launch local browser Instance]]>
    </line>
    <line>
      <![CDATA[HomePage: click On Categories Tab]]>
    </line>
    <line>
      <![CDATA[HomePage: see Categories Options]]>
    </line>
    <line>
      <![CDATA[ElectricalEquipmentPage: electrical Equipment Page Categories]]>
    </line>
    <line>
      <![CDATA[HomePage: click On Categories Electrical Equipment Tab]]>
    </line>
    <line>
      <![CDATA[HomePage: see Categories Electrical Equipment Options]]>
    </line>
    <line>
      <![CDATA[Epic: Metro AC:1,2 <a https://peoplentch.atlassian.net/browse/GREEN-7> GREEN-7 </a>]]>
    </line>
    <line>
      <![CDATA[Launch local browser Instance]]>
    </line>
    <line>
      <![CDATA[Epic: Categories AC:1,2 <a https://peoplentch.atlassian.net/browse/GREEN-7> GREEN-7 </a>]]>
    </line>
    <line>
      <![CDATA[Launch local browser Instance]]>
    </line>
    <line>
      <![CDATA[HomePage: click On Categories Tab]]>
    </line>
    <line>
      <![CDATA[HomePage: see Categories Options]]>
    </line>
    <line>
      <![CDATA[ComponentsPage: components Page Categories]]>
    </line>
    <line>
      <![CDATA[HomePage: click On Categories Components Tab]]>
    </line>
    <line>
      <![CDATA[HomePage: see Categories Components Options]]>
    </line>
    <line>
      <![CDATA[Epic: Telecoms AC:1,2 <a https://peoplentch.atlassian.net/browse/GREEN-7> GREEN-7 </a>]]>
    </line>
    <line>
      <![CDATA[Launch local browser Instance]]>
    </line>
    <line>
      <![CDATA[Epic: Categories AC:1,2 <a https://peoplentch.atlassian.net/browse/GREEN-7> GREEN-7 </a>]]>
    </line>
    <line>
      <![CDATA[Launch local browser Instance]]>
    </line>
    <line>
      <![CDATA[HomePage: click On Categories Tab]]>
    </line>
    <line>
      <![CDATA[HomePage: see Categories Options]]>
    </line>
    <line>
      <![CDATA[TelecomsPage: telecoms Page Categories]]>
    </line>
    <line>
      <![CDATA[HomePage: click On Categories Telecoms Tab]]>
    </line>
    <line>
      <![CDATA[HomePage: see Categories Telecoms Options]]>
    </line>
    <line>
      <![CDATA[Epic: Sports AC:1,2 <a https://peoplentch.atlassian.net/browse/GREEN-7> GREEN-7 </a>]]>
    </line>
    <line>
      <![CDATA[Launch local browser Instance]]>
    </line>
    <line>
      <![CDATA[Epic: Categories AC:1,2 <a https://peoplentch.atlassian.net/browse/GREEN-7> GREEN-7 </a>]]>
    </line>
    <line>
      <![CDATA[Launch local browser Instance]]>
    </line>
    <line>
      <![CDATA[HomePage: click On Categories Tab]]>
    </line>
    <line>
      <![CDATA[HomePage: see Categories Options]]>
    </line>
    <line>
      <![CDATA[SportsPage: sports Page Categories]]>
    </line>
    <line>
      <![CDATA[HomePage: click On Categories Sports Tab]]>
    </line>
    <line>
      <![CDATA[HomePage: see Categories Sports Options]]>
    </line>
    <line>
      <![CDATA[Epic: Metro AC:1,2 <a https://peoplentch.atlassian.net/browse/GREEN-7> GREEN-7 </a>]]>
    </line>
    <line>
      <![CDATA[Launch local browser Instance]]>
    </line>
    <line>
      <![CDATA[Epic: Categories AC:1,2 <a https://peoplentch.atlassian.net/browse/GREEN-7> GREEN-7 </a>]]>
    </line>
    <line>
      <![CDATA[Launch local browser Instance]]>
    </line>
    <line>
      <![CDATA[HomePage: click On Categories Tab]]>
    </line>
    <line>
      <![CDATA[HomePage: see Categories Options]]>
    </line>
    <line>
      <![CDATA[GiftsPage: gifts Page Categories]]>
    </line>
    <line>
      <![CDATA[HomePage: click On Categories Gifts Tab]]>
    </line>
    <line>
      <![CDATA[HomePage: see Categories Gifts Options]]>
    </line>
    <line>
      <![CDATA[Epic: Toys AC:1,2 <a https://peoplentch.atlassian.net/browse/GREEN-7> GREEN-7 </a>]]>
    </line>
    <line>
      <![CDATA[Launch local browser Instance]]>
    </line>
    <line>
      <![CDATA[Epic: Categories AC:1,2 <a https://peoplentch.atlassian.net/browse/GREEN-7> GREEN-7 </a>]]>
    </line>
    <line>
      <![CDATA[Launch local browser Instance]]>
    </line>
    <line>
      <![CDATA[HomePage: click On Categories Tab]]>
    </line>
    <line>
      <![CDATA[HomePage: see Categories Options]]>
    </line>
    <line>
      <![CDATA[ToysPage: toys Page Categories]]>
    </line>
    <line>
      <![CDATA[HomePage: click On Categories Toys Tab]]>
    </line>
    <line>
      <![CDATA[HomePage: see Categories Toys Options]]>
    </line>
    <line>
      <![CDATA[Epic: Minerals AC:1,2 <a https://peoplentch.atlassian.net/browse/GREEN-7> GREEN-7 </a>]]>
    </line>
    <line>
      <![CDATA[Launch local browser Instance]]>
    </line>
    <line>
      <![CDATA[Epic: Categories AC:1,2 <a https://peoplentch.atlassian.net/browse/GREEN-7> GREEN-7 </a>]]>
    </line>
    <line>
      <![CDATA[Launch local browser Instance]]>
    </line>
    <line>
      <![CDATA[HomePage: click On Categories Tab]]>
    </line>
    <line>
      <![CDATA[HomePage: see Categories Options]]>
    </line>
    <line>
      <![CDATA[MineralsPage: minerals Page Categories]]>
    </line>
    <line>
      <![CDATA[HomePage: click On Categories Minerals Tab]]>
    </line>
    <line>
      <![CDATA[HomePage: see Categories Minerals Options]]>
    </line>
    <line>
      <![CDATA[Epic: Metro AC:1,2 <a https://peoplentch.atlassian.net/browse/GREEN-7> GREEN-7 </a>]]>
    </line>
    <line>
      <![CDATA[Launch local browser Instance]]>
    </line>
    <line>
      <![CDATA[Epic: Categories AC:1,2 <a https://peoplentch.atlassian.net/browse/GREEN-7> GREEN-7 </a>]]>
    </line>
    <line>
      <![CDATA[Launch local browser Instance]]>
    </line>
    <line>
      <![CDATA[HomePage: click On Categories Tab]]>
    </line>
    <line>
      <![CDATA[HomePage: see Categories Options]]>
    </line>
    <line>
      <![CDATA[ChemicalsPage: chemicals Page Categories]]>
    </line>
    <line>
      <![CDATA[HomePage: click On Categories Chemicals Tab]]>
    </line>
    <line>
      <![CDATA[HomePage: see Categories Chemicals Options]]>
    </line>
    <line>
      <![CDATA[Epic: Plastics AC:1,2 <a https://peoplentch.atlassian.net/browse/GREEN-7> GREEN-7 </a>]]>
    </line>
    <line>
      <![CDATA[Launch local browser Instance]]>
    </line>
    <line>
      <![CDATA[Epic: Categories AC:1,2 <a https://peoplentch.atlassian.net/browse/GREEN-7> GREEN-7 </a>]]>
    </line>
    <line>
      <![CDATA[Launch local browser Instance]]>
    </line>
    <line>
      <![CDATA[HomePage: click On Categories Tab]]>
    </line>
    <line>
      <![CDATA[HomePage: see Categories Options]]>
    </line>
    <line>
      <![CDATA[PlasticsPage: plastics Page Categories]]>
    </line>
    <line>
      <![CDATA[HomePage: click On Categories Plastics Tab]]>
    </line>
    <line>
      <![CDATA[HomePage: see Categories Plastics Options]]>
    </line>
    <line>
      <![CDATA[Epic: Metro AC:1,2 <a https://peoplentch.atlassian.net/browse/GREEN-7> GREEN-7 </a>]]>
    </line>
    <line>
      <![CDATA[Launch local browser Instance]]>
    </line>
    <line>
      <![CDATA[Epic: Categories AC:1,2 <a https://peoplentch.atlassian.net/browse/GREEN-7> GREEN-7 </a>]]>
    </line>
    <line>
      <![CDATA[Launch local browser Instance]]>
    </line>
    <line>
      <![CDATA[HomePage: click On Categories Tab]]>
    </line>
    <line>
      <![CDATA[HomePage: see Categories Options]]>
    </line>
    <line>
      <![CDATA[EnergyPage: energy Page Categories]]>
    </line>
    <line>
      <![CDATA[HomePage: click On Categories Energy Tab]]>
    </line>
    <line>
      <![CDATA[HomePage: see Categories Energy Options]]>
    </line>
    <line>
      <![CDATA[Epic: Bags AC:1,2 <a https://peoplentch.atlassian.net/browse/GREEN-7> GREEN-7 </a>]]>
    </line>
    <line>
      <![CDATA[Launch local browser Instance]]>
    </line>
    <line>
      <![CDATA[Epic: Categories AC:1,2 <a https://peoplentch.atlassian.net/browse/GREEN-7> GREEN-7 </a>]]>
    </line>
    <line>
      <![CDATA[Launch local browser Instance]]>
    </line>
    <line>
      <![CDATA[HomePage: click On Categories Tab]]>
    </line>
    <line>
      <![CDATA[HomePage: see Categories Options]]>
    </line>
    <line>
      <![CDATA[BagsPage: bags Page Categories]]>
    </line>
    <line>
      <![CDATA[HomePage: click On Categories Bags Tab]]>
    </line>
    <line>
      <![CDATA[HomePage: see Categories Bags Options]]>
    </line>
    <line>
      <![CDATA[Epic: ShoesAndAccessories AC:1,2 <a https://peoplentch.atlassian.net/browse/GREEN-7> GREEN-7 </a>]]>
    </line>
    <line>
      <![CDATA[Launch local browser Instance]]>
    </line>
    <line>
      <![CDATA[Epic: Categories AC:1,2 <a https://peoplentch.atlassian.net/browse/GREEN-7> GREEN-7 </a>]]>
    </line>
    <line>
      <![CDATA[Launch local browser Instance]]>
    </line>
    <line>
      <![CDATA[HomePage: click On Categories Tab]]>
    </line>
    <line>
      <![CDATA[HomePage: see Categories Options]]>
    </line>
    <line>
      <![CDATA[ShoesAndAccessoriesPage: shoes And Accessories Page Categories]]>
    </line>
    <line>
      <![CDATA[HomePage: click On Categories Shoes And Accessories Tab]]>
    </line>
    <line>
      <![CDATA[HomePage: see Categories Shoes And Accessories Options]]>
    </line>
    <line>
      <![CDATA[Epic: Metro AC:1,2 <a https://peoplentch.atlassian.net/browse/GREEN-7> GREEN-7 </a>]]>
    </line>
    <line>
      <![CDATA[Launch local browser Instance]]>
    </line>
    <line>
      <![CDATA[Epic: Categories AC:1,2 <a https://peoplentch.atlassian.net/browse/GREEN-7> GREEN-7 </a>]]>
    </line>
    <line>
      <![CDATA[Launch local browser Instance]]>
    </line>
    <line>
      <![CDATA[HomePage: click On Categories Tab]]>
    </line>
    <line>
      <![CDATA[HomePage: see Categories Options]]>
    </line>
    <line>
      <![CDATA[FoodAndBeveragesPage: food And Beverages Page Categories]]>
    </line>
    <line>
      <![CDATA[HomePage: click On Categories Food And Beverages Tab]]>
    </line>
    <line>
      <![CDATA[HomePage: see Categories Food And Beverages Options]]>
    </line>
    <line>
      <![CDATA[Epic: Agriculture AC:1,2 <a https://peoplentch.atlassian.net/browse/GREEN-7> GREEN-7 </a>]]>
    </line>
    <line>
      <![CDATA[Launch local browser Instance]]>
    </line>
    <line>
      <![CDATA[Epic: Categories AC:1,2 <a https://peoplentch.atlassian.net/browse/GREEN-7> GREEN-7 </a>]]>
    </line>
    <line>
      <![CDATA[Launch local browser Instance]]>
    </line>
    <line>
      <![CDATA[HomePage: click On Categories Tab]]>
    </line>
    <line>
      <![CDATA[HomePage: see Categories Options]]>
    </line>
    <line>
      <![CDATA[AgriculturePage: agriculture Page Categories]]>
    </line>
    <line>
      <![CDATA[HomePage: click On Categories Agriculture Tab]]>
    </line>
    <line>
      <![CDATA[HomePage: see Categories Agriculture Options]]>
    </line>
  </reporter-output>
  <suite name="AliBaba" duration-ms="612960" started-at="2017-05-28T03:25:58Z" finished-at="2017-05-28T03:36:11Z">
    <groups>
    </groups>
    <test name="AliBaba Home" duration-ms="612960" started-at="2017-05-28T03:25:58Z" finished-at="2017-05-28T03:36:11Z">
      <class name="components.Components">
        <test-method status="PASS" signature="setUp(boolean, java.lang.String, java.lang.String, java.lang.String, java.lang.String, java.lang.String, java.lang.String)[pri:0, instance:components.Components@2669b199]" name="setUp" is-config="true" duration-ms="11147" started-at="2017-05-27T23:32:29Z" finished-at="2017-05-27T23:32:40Z">
          <params>
            <param index="0">
              <value>
                <![CDATA[false]]>
              </value>
            </param>
            <param index="1">
              <value>
                <![CDATA[saucelabs]]>
              </value>
            </param>
            <param index="2">
              <value>
                <![CDATA[Windows]]>
              </value>
            </param>
            <param index="3">
              <value>
                <![CDATA[10]]>
              </value>
            </param>
            <param index="4">
              <value>
                <![CDATA[firefox]]>
              </value>
            </param>
            <param index="5">
              <value>
                <![CDATA[53.0]]>
              </value>
            </param>
            <param index="6">
              <value>
                <![CDATA[https://www.alibaba.com]]>
              </value>
            </param>
          </params>
          <reporter-output>
          </reporter-output>
        </test-method> <!-- setUp -->
        <test-method status="PASS" signature="startExtent(java.lang.reflect.Method)[pri:0, instance:components.Components@2669b199]" name="startExtent" is-config="true" duration-ms="1" started-at="2017-05-27T23:32:40Z" finished-at="2017-05-27T23:32:40Z">
          <params>
            <param index="0">
              <value>
                <![CDATA[public void components.Components.componentsCategories() throws java.lang.InterruptedException]]>
              </value>
            </param>
          </params>
          <reporter-output>
          </reporter-output>
        </test-method> <!-- startExtent -->
        <test-method status="PASS" signature="componentsCategories()[pri:0, instance:components.Components@2669b199]" name="componentsCategories" duration-ms="4431" started-at="2017-05-27T23:32:40Z" finished-at="2017-05-27T23:32:45Z">
          <reporter-output>
            <line>
              <![CDATA[Epic: Metro AC:1,2 <a https://peoplentch.atlassian.net/browse/GREEN-7> GREEN-7 </a>]]>
            </line>
            <line>
              <![CDATA[Launch local browser Instance]]>
            </line>
            <line>
              <![CDATA[Epic: Categories AC:1,2 <a https://peoplentch.atlassian.net/browse/GREEN-7> GREEN-7 </a>]]>
            </line>
            <line>
              <![CDATA[Launch local browser Instance]]>
            </line>
            <line>
              <![CDATA[HomePage: click On Categories Tab]]>
            </line>
            <line>
              <![CDATA[HomePage: see Categories Options]]>
            </line>
            <line>
              <![CDATA[ComponentsPage: components Page Categories]]>
            </line>
            <line>
              <![CDATA[HomePage: click On Categories Components Tab]]>
            </line>
            <line>
              <![CDATA[HomePage: see Categories Components Options]]>
            </line>
          </reporter-output>
        </test-method> <!-- componentsCategories -->
        <test-method status="PASS" signature="afterEachTestMethod(org.testng.ITestResult)[pri:0, instance:components.Components@2669b199]" name="afterEachTestMethod" is-config="true" duration-ms="1645" started-at="2017-05-27T23:32:45Z" finished-at="2017-05-27T23:32:46Z">
          <params>
            <param index="0">
              <value>
                <![CDATA[[TestResult name=componentsCategories status=SUCCESS method=Components.componentsCategories()[pri:0, instance:components.Components@2669b199] output=Epic: Metro AC:1,2 <a https://peoplentch.atlassian.net/browse/GREEN-7> GREEN-7 </a>]]]>
              </value>
            </param>
          </params>
          <reporter-output>
          </reporter-output>
        </test-method> <!-- afterEachTestMethod -->
        <test-method status="PASS" signature="cleanUp()[pri:0, instance:components.Components@2669b199]" name="cleanUp" is-config="true" duration-ms="0" started-at="2017-05-27T23:32:46Z" finished-at="2017-05-27T23:32:46Z">
          <reporter-output>
          </reporter-output>
        </test-method> <!-- cleanUp -->
      </class> <!-- components.Components -->
      <class name="machinery.Machinery">
        <test-method status="PASS" signature="setUp(boolean, java.lang.String, java.lang.String, java.lang.String, java.lang.String, java.lang.String, java.lang.String)[pri:0, instance:machinery.Machinery@3dd3bcd]" name="setUp" is-config="true" duration-ms="12440" started-at="2017-05-27T23:26:17Z" finished-at="2017-05-27T23:26:29Z">
          <params>
            <param index="0">
              <value>
                <![CDATA[false]]>
              </value>
            </param>
            <param index="1">
              <value>
                <![CDATA[saucelabs]]>
              </value>
            </param>
            <param index="2">
              <value>
                <![CDATA[Windows]]>
              </value>
            </param>
            <param index="3">
              <value>
                <![CDATA[10]]>
              </value>
            </param>
            <param index="4">
              <value>
                <![CDATA[firefox]]>
              </value>
            </param>
            <param index="5">
              <value>
                <![CDATA[53.0]]>
              </value>
            </param>
            <param index="6">
              <value>
                <![CDATA[https://www.alibaba.com]]>
              </value>
            </param>
          </params>
          <reporter-output>
          </reporter-output>
        </test-method> <!-- setUp -->
        <test-method status="PASS" signature="startExtent(java.lang.reflect.Method)[pri:0, instance:machinery.Machinery@3dd3bcd]" name="startExtent" is-config="true" duration-ms="1" started-at="2017-05-27T23:26:29Z" finished-at="2017-05-27T23:26:29Z">
          <params>
            <param index="0">
              <value>
                <![CDATA[public void machinery.Machinery.machineryCategories() throws java.lang.InterruptedException]]>
              </value>
            </param>
          </params>
          <reporter-output>
          </reporter-output>
        </test-method> <!-- startExtent -->
        <test-method status="PASS" signature="machineryCategories()[pri:0, instance:machinery.Machinery@3dd3bcd]" name="machineryCategories" duration-ms="4619" started-at="2017-05-27T23:26:29Z" finished-at="2017-05-27T23:26:34Z">
          <reporter-output>
            <line>
              <![CDATA[Epic: Machinery AC:1,2 <a https://peoplentch.atlassian.net/browse/GREEN-7> GREEN-7 </a>]]>
            </line>
            <line>
              <![CDATA[Launch local browser Instance]]>
            </line>
            <line>
              <![CDATA[Epic: Categories AC:1,2 <a https://peoplentch.atlassian.net/browse/GREEN-7> GREEN-7 </a>]]>
            </line>
            <line>
              <![CDATA[Launch local browser Instance]]>
            </line>
            <line>
              <![CDATA[HomePage: click On Categories Tab]]>
            </line>
            <line>
              <![CDATA[HomePage: see Categories Options]]>
            </line>
            <line>
              <![CDATA[MachineryPage: machinery Page Categories]]>
            </line>
            <line>
              <![CDATA[HomePage: click On Categories Machinery Tab]]>
            </line>
            <line>
              <![CDATA[HomePage: see Categories Machinery Options]]>
            </line>
          </reporter-output>
        </test-method> <!-- machineryCategories -->
        <test-method status="PASS" signature="afterEachTestMethod(org.testng.ITestResult)[pri:0, instance:machinery.Machinery@3dd3bcd]" name="afterEachTestMethod" is-config="true" duration-ms="2342" started-at="2017-05-27T23:26:34Z" finished-at="2017-05-27T23:26:36Z">
          <params>
            <param index="0">
              <value>
                <![CDATA[[TestResult name=machineryCategories status=SUCCESS method=Machinery.machineryCategories()[pri:0, instance:machinery.Machinery@3dd3bcd] output=Epic: Machinery AC:1,2 <a https://peoplentch.atlassian.net/browse/GREEN-7> GREEN-7 </a>]]]>
              </value>
            </param>
          </params>
          <reporter-output>
          </reporter-output>
        </test-method> <!-- afterEachTestMethod -->
        <test-method status="PASS" signature="cleanUp()[pri:0, instance:machinery.Machinery@3dd3bcd]" name="cleanUp" is-config="true" duration-ms="1" started-at="2017-05-27T23:26:36Z" finished-at="2017-05-27T23:26:36Z">
          <reporter-output>
          </reporter-output>
        </test-method> <!-- cleanUp -->
      </class> <!-- machinery.Machinery -->
      <class name="lights.Lights">
        <test-method status="PASS" signature="setUp(boolean, java.lang.String, java.lang.String, java.lang.String, java.lang.String, java.lang.String, java.lang.String)[pri:0, instance:lights.Lights@5cc7c2a6]" name="setUp" is-config="true" duration-ms="10895" started-at="2017-05-27T23:30:47Z" finished-at="2017-05-27T23:30:57Z">
          <params>
            <param index="0">
              <value>
                <![CDATA[false]]>
              </value>
            </param>
            <param index="1">
              <value>
                <![CDATA[saucelabs]]>
              </value>
            </param>
            <param index="2">
              <value>
                <![CDATA[Windows]]>
              </value>
            </param>
            <param index="3">
              <value>
                <![CDATA[10]]>
              </value>
            </param>
            <param index="4">
              <value>
                <![CDATA[firefox]]>
              </value>
            </param>
            <param index="5">
              <value>
                <![CDATA[53.0]]>
              </value>
            </param>
            <param index="6">
              <value>
                <![CDATA[https://www.alibaba.com]]>
              </value>
            </param>
          </params>
          <reporter-output>
          </reporter-output>
        </test-method> <!-- setUp -->
        <test-method status="PASS" signature="startExtent(java.lang.reflect.Method)[pri:0, instance:lights.Lights@5cc7c2a6]" name="startExtent" is-config="true" duration-ms="1" started-at="2017-05-27T23:30:57Z" finished-at="2017-05-27T23:30:57Z">
          <params>
            <param index="0">
              <value>
                <![CDATA[public void lights.Lights.lightsCategories() throws java.lang.InterruptedException]]>
              </value>
            </param>
          </params>
          <reporter-output>
          </reporter-output>
        </test-method> <!-- startExtent -->
        <test-method status="PASS" signature="lightsCategories()[pri:0, instance:lights.Lights@5cc7c2a6]" name="lightsCategories" duration-ms="4545" started-at="2017-05-27T23:30:57Z" finished-at="2017-05-27T23:31:02Z">
          <reporter-output>
            <line>
              <![CDATA[Epic: Metro AC:1,2 <a https://peoplentch.atlassian.net/browse/GREEN-7> GREEN-7 </a>]]>
            </line>
            <line>
              <![CDATA[Launch local browser Instance]]>
            </line>
            <line>
              <![CDATA[Epic: Categories AC:1,2 <a https://peoplentch.atlassian.net/browse/GREEN-7> GREEN-7 </a>]]>
            </line>
            <line>
              <![CDATA[Launch local browser Instance]]>
            </line>
            <line>
              <![CDATA[HomePage: click On Categories Tab]]>
            </line>
            <line>
              <![CDATA[HomePage: see Categories Options]]>
            </line>
            <line>
              <![CDATA[LightsPage: lights Page Categories]]>
            </line>
            <line>
              <![CDATA[HomePage: click On Categories Lights Tab]]>
            </line>
            <line>
              <![CDATA[HomePage: see Categories Lights Options]]>
            </line>
          </reporter-output>
        </test-method> <!-- lightsCategories -->
        <test-method status="PASS" signature="afterEachTestMethod(org.testng.ITestResult)[pri:0, instance:lights.Lights@5cc7c2a6]" name="afterEachTestMethod" is-config="true" duration-ms="1298" started-at="2017-05-27T23:31:02Z" finished-at="2017-05-27T23:31:03Z">
          <params>
            <param index="0">
              <value>
                <![CDATA[[TestResult name=lightsCategories status=SUCCESS method=Lights.lightsCategories()[pri:0, instance:lights.Lights@5cc7c2a6] output=Epic: Metro AC:1,2 <a https://peoplentch.atlassian.net/browse/GREEN-7> GREEN-7 </a>]]]>
              </value>
            </param>
          </params>
          <reporter-output>
          </reporter-output>
        </test-method> <!-- afterEachTestMethod -->
        <test-method status="PASS" signature="cleanUp()[pri:0, instance:lights.Lights@5cc7c2a6]" name="cleanUp" is-config="true" duration-ms="0" started-at="2017-05-27T23:31:03Z" finished-at="2017-05-27T23:31:03Z">
          <reporter-output>
          </reporter-output>
        </test-method> <!-- cleanUp -->
      </class> <!-- lights.Lights -->
      <class name="construction.Constructions">
        <test-method status="PASS" signature="setUp(boolean, java.lang.String, java.lang.String, java.lang.String, java.lang.String, java.lang.String, java.lang.String)[pri:0, instance:construction.Constructions@3c09711b]" name="setUp" is-config="true" duration-ms="10679" started-at="2017-05-27T23:30:30Z" finished-at="2017-05-27T23:30:40Z">
          <params>
            <param index="0">
              <value>
                <![CDATA[false]]>
              </value>
            </param>
            <param index="1">
              <value>
                <![CDATA[saucelabs]]>
              </value>
            </param>
            <param index="2">
              <value>
                <![CDATA[Windows]]>
              </value>
            </param>
            <param index="3">
              <value>
                <![CDATA[10]]>
              </value>
            </param>
            <param index="4">
              <value>
                <![CDATA[firefox]]>
              </value>
            </param>
            <param index="5">
              <value>
                <![CDATA[53.0]]>
              </value>
            </param>
            <param index="6">
              <value>
                <![CDATA[https://www.alibaba.com]]>
              </value>
            </param>
          </params>
          <reporter-output>
          </reporter-output>
        </test-method> <!-- setUp -->
        <test-method status="PASS" signature="startExtent(java.lang.reflect.Method)[pri:0, instance:construction.Constructions@3c09711b]" name="startExtent" is-config="true" duration-ms="1" started-at="2017-05-27T23:30:40Z" finished-at="2017-05-27T23:30:40Z">
          <params>
            <param index="0">
              <value>
                <![CDATA[public void construction.Constructions.constructionCategories() throws java.lang.InterruptedException]]>
              </value>
            </param>
          </params>
          <reporter-output>
          </reporter-output>
        </test-method> <!-- startExtent -->
        <test-method status="PASS" signature="constructionCategories()[pri:0, instance:construction.Constructions@3c09711b]" name="constructionCategories" duration-ms="4620" started-at="2017-05-27T23:30:40Z" finished-at="2017-05-27T23:30:45Z">
          <reporter-output>
            <line>
              <![CDATA[Epic: Construction AC:1,2 <a https://peoplentch.atlassian.net/browse/GREEN-7> GREEN-7 </a>]]>
            </line>
            <line>
              <![CDATA[Launch local browser Instance]]>
            </line>
            <line>
              <![CDATA[Epic: Categories AC:1,2 <a https://peoplentch.atlassian.net/browse/GREEN-7> GREEN-7 </a>]]>
            </line>
            <line>
              <![CDATA[Launch local browser Instance]]>
            </line>
            <line>
              <![CDATA[HomePage: click On Categories Tab]]>
            </line>
            <line>
              <![CDATA[HomePage: see Categories Options]]>
            </line>
            <line>
              <![CDATA[ConstructionPage: construction Page Categories]]>
            </line>
            <line>
              <![CDATA[HomePage: click On Categories Construction Tab]]>
            </line>
            <line>
              <![CDATA[HomePage: see Categories Construction Options]]>
            </line>
          </reporter-output>
        </test-method> <!-- constructionCategories -->
        <test-method status="PASS" signature="afterEachTestMethod(org.testng.ITestResult)[pri:0, instance:construction.Constructions@3c09711b]" name="afterEachTestMethod" is-config="true" duration-ms="1671" started-at="2017-05-27T23:30:45Z" finished-at="2017-05-27T23:30:47Z">
          <params>
            <param index="0">
              <value>
                <![CDATA[[TestResult name=constructionCategories status=SUCCESS method=Constructions.constructionCategories()[pri:0, instance:construction.Constructions@3c09711b] output=Epic: Construction AC:1,2 <a https://peoplentch.atlassian.net/browse/GREEN-7> GREEN-7 </a>]]]>
              </value>
            </param>
          </params>
          <reporter-output>
          </reporter-output>
        </test-method> <!-- afterEachTestMethod -->
        <test-method status="PASS" signature="cleanUp()[pri:0, instance:construction.Constructions@3c09711b]" name="cleanUp" is-config="true" duration-ms="1" started-at="2017-05-27T23:30:47Z" finished-at="2017-05-27T23:30:47Z">
          <reporter-output>
          </reporter-output>
        </test-method> <!-- cleanUp -->
      </class> <!-- construction.Constructions -->
      <class name="apparel.Apparel">
        <test-method status="PASS" signature="setUp(boolean, java.lang.String, java.lang.String, java.lang.String, java.lang.String, java.lang.String, java.lang.String)[pri:0, instance:apparel.Apparel@59e84876]" name="setUp" is-config="true" duration-ms="14678" started-at="2017-05-27T23:28:58Z" finished-at="2017-05-27T23:29:12Z">
          <params>
            <param index="0">
              <value>
                <![CDATA[false]]>
              </value>
            </param>
            <param index="1">
              <value>
                <![CDATA[saucelabs]]>
              </value>
            </param>
            <param index="2">
              <value>
                <![CDATA[Windows]]>
              </value>
            </param>
            <param index="3">
              <value>
                <![CDATA[10]]>
              </value>
            </param>
            <param index="4">
              <value>
                <![CDATA[firefox]]>
              </value>
            </param>
            <param index="5">
              <value>
                <![CDATA[53.0]]>
              </value>
            </param>
            <param index="6">
              <value>
                <![CDATA[https://www.alibaba.com]]>
              </value>
            </param>
          </params>
          <reporter-output>
          </reporter-output>
        </test-method> <!-- setUp -->
        <test-method status="PASS" signature="startExtent(java.lang.reflect.Method)[pri:0, instance:apparel.Apparel@59e84876]" name="startExtent" is-config="true" duration-ms="1" started-at="2017-05-27T23:29:12Z" finished-at="2017-05-27T23:29:12Z">
          <params>
            <param index="0">
              <value>
                <![CDATA[public void apparel.Apparel.apparelCategories() throws java.lang.InterruptedException]]>
              </value>
            </param>
          </params>
          <reporter-output>
          </reporter-output>
        </test-method> <!-- startExtent -->
        <test-method status="PASS" signature="apparelCategories()[pri:0, instance:apparel.Apparel@59e84876]" name="apparelCategories" duration-ms="4490" started-at="2017-05-27T23:29:12Z" finished-at="2017-05-27T23:29:17Z">
          <reporter-output>
            <line>
              <![CDATA[Epic: Apparel AC:1,2 <a https://peoplentch.atlassian.net/browse/GREEN-7> GREEN-7 </a>]]>
            </line>
            <line>
              <![CDATA[Launch local browser Instance]]>
            </line>
            <line>
              <![CDATA[Epic: Categories AC:1,2 <a https://peoplentch.atlassian.net/browse/GREEN-7> GREEN-7 </a>]]>
            </line>
            <line>
              <![CDATA[Launch local browser Instance]]>
            </line>
            <line>
              <![CDATA[HomePage: click On Categories Tab]]>
            </line>
            <line>
              <![CDATA[HomePage: see Categories Options]]>
            </line>
            <line>
              <![CDATA[ApparelPage: apparel Page Categories]]>
            </line>
            <line>
              <![CDATA[HomePage: click On Categories Apparel Tab]]>
            </line>
            <line>
              <![CDATA[HomePage: see Categories Apparel Options]]>
            </line>
          </reporter-output>
        </test-method> <!-- apparelCategories -->
        <test-method status="PASS" signature="afterEachTestMethod(org.testng.ITestResult)[pri:0, instance:apparel.Apparel@59e84876]" name="afterEachTestMethod" is-config="true" duration-ms="1569" started-at="2017-05-27T23:29:17Z" finished-at="2017-05-27T23:29:18Z">
          <params>
            <param index="0">
              <value>
                <![CDATA[[TestResult name=apparelCategories status=SUCCESS method=Apparel.apparelCategories()[pri:0, instance:apparel.Apparel@59e84876] output=Epic: Apparel AC:1,2 <a https://peoplentch.atlassian.net/browse/GREEN-7> GREEN-7 </a>]]]>
              </value>
            </param>
          </params>
          <reporter-output>
          </reporter-output>
        </test-method> <!-- afterEachTestMethod -->
        <test-method status="PASS" signature="cleanUp()[pri:0, instance:apparel.Apparel@59e84876]" name="cleanUp" is-config="true" duration-ms="1" started-at="2017-05-27T23:29:18Z" finished-at="2017-05-27T23:29:18Z">
          <reporter-output>
          </reporter-output>
        </test-method> <!-- cleanUp -->
      </class> <!-- apparel.Apparel -->
      <class name="transportation.Transportation">
        <test-method status="PASS" signature="setUp(boolean, java.lang.String, java.lang.String, java.lang.String, java.lang.String, java.lang.String, java.lang.String)[pri:0, instance:transportation.Transportation@337d0578]" name="setUp" is-config="true" duration-ms="12870" started-at="2017-05-27T23:28:38Z" finished-at="2017-05-27T23:28:51Z">
          <params>
            <param index="0">
              <value>
                <![CDATA[false]]>
              </value>
            </param>
            <param index="1">
              <value>
                <![CDATA[saucelabs]]>
              </value>
            </param>
            <param index="2">
              <value>
                <![CDATA[Windows]]>
              </value>
            </param>
            <param index="3">
              <value>
                <![CDATA[10]]>
              </value>
            </param>
            <param index="4">
              <value>
                <![CDATA[firefox]]>
              </value>
            </param>
            <param index="5">
              <value>
                <![CDATA[53.0]]>
              </value>
            </param>
            <param index="6">
              <value>
                <![CDATA[https://www.alibaba.com]]>
              </value>
            </param>
          </params>
          <reporter-output>
          </reporter-output>
        </test-method> <!-- setUp -->
        <test-method status="PASS" signature="transportationCategories()[pri:0, instance:transportation.Transportation@337d0578]" name="transportationCategories" duration-ms="4436" started-at="2017-05-27T23:28:51Z" finished-at="2017-05-27T23:28:55Z">
          <reporter-output>
            <line>
              <![CDATA[Epic: Metro AC:1,2 <a https://peoplentch.atlassian.net/browse/GREEN-7> GREEN-7 </a>]]>
            </line>
            <line>
              <![CDATA[Launch local browser Instance]]>
            </line>
            <line>
              <![CDATA[Epic: Categories AC:1,2 <a https://peoplentch.atlassian.net/browse/GREEN-7> GREEN-7 </a>]]>
            </line>
            <line>
              <![CDATA[Launch local browser Instance]]>
            </line>
            <line>
              <![CDATA[HomePage: click On Categories Tab]]>
            </line>
            <line>
              <![CDATA[HomePage: see Categories Options]]>
            </line>
            <line>
              <![CDATA[TransportationPage: transportation Page Categories]]>
            </line>
            <line>
              <![CDATA[HomePage: click On Categories Transportation Tab]]>
            </line>
            <line>
              <![CDATA[HomePage: see Categories Transportation Options]]>
            </line>
          </reporter-output>
        </test-method> <!-- transportationCategories -->
        <test-method status="PASS" signature="startExtent(java.lang.reflect.Method)[pri:0, instance:transportation.Transportation@337d0578]" name="startExtent" is-config="true" duration-ms="0" started-at="2017-05-27T23:28:51Z" finished-at="2017-05-27T23:28:51Z">
          <params>
            <param index="0">
              <value>
                <![CDATA[public void transportation.Transportation.transportationCategories() throws java.lang.InterruptedException]]>
              </value>
            </param>
          </params>
          <reporter-output>
          </reporter-output>
        </test-method> <!-- startExtent -->
        <test-method status="PASS" signature="afterEachTestMethod(org.testng.ITestResult)[pri:0, instance:transportation.Transportation@337d0578]" name="afterEachTestMethod" is-config="true" duration-ms="2158" started-at="2017-05-27T23:28:55Z" finished-at="2017-05-27T23:28:58Z">
          <params>
            <param index="0">
              <value>
                <![CDATA[[TestResult name=transportationCategories status=SUCCESS method=Transportation.transportationCategories()[pri:0, instance:transportation.Transportation@337d0578] output=Epic: Metro AC:1,2 <a https://peoplentch.atlassian.net/browse/GREEN-7> GREEN-7 </a>]]]>
              </value>
            </param>
          </params>
          <reporter-output>
          </reporter-output>
        </test-method> <!-- afterEachTestMethod -->
        <test-method status="PASS" signature="cleanUp()[pri:0, instance:transportation.Transportation@337d0578]" name="cleanUp" is-config="true" duration-ms="1" started-at="2017-05-27T23:28:58Z" finished-at="2017-05-27T23:28:58Z">
          <reporter-output>
          </reporter-output>
        </test-method> <!-- cleanUp -->
      </class> <!-- transportation.Transportation -->
      <class name="homeappliance.HomeAppliance">
        <test-method status="PASS" signature="setUp(boolean, java.lang.String, java.lang.String, java.lang.String, java.lang.String, java.lang.String, java.lang.String)[pri:0, instance:homeappliance.HomeAppliance@69d9c55]" name="setUp" is-config="true" duration-ms="10891" started-at="2017-05-27T23:27:48Z" finished-at="2017-05-27T23:27:59Z">
          <params>
            <param index="0">
              <value>
                <![CDATA[false]]>
              </value>
            </param>
            <param index="1">
              <value>
                <![CDATA[saucelabs]]>
              </value>
            </param>
            <param index="2">
              <value>
                <![CDATA[Windows]]>
              </value>
            </param>
            <param index="3">
              <value>
                <![CDATA[10]]>
              </value>
            </param>
            <param index="4">
              <value>
                <![CDATA[firefox]]>
              </value>
            </param>
            <param index="5">
              <value>
                <![CDATA[53.0]]>
              </value>
            </param>
            <param index="6">
              <value>
                <![CDATA[https://www.alibaba.com]]>
              </value>
            </param>
          </params>
          <reporter-output>
          </reporter-output>
        </test-method> <!-- setUp -->
        <test-method status="PASS" signature="startExtent(java.lang.reflect.Method)[pri:0, instance:homeappliance.HomeAppliance@69d9c55]" name="startExtent" is-config="true" duration-ms="2" started-at="2017-05-27T23:27:59Z" finished-at="2017-05-27T23:27:59Z">
          <params>
            <param index="0">
              <value>
                <![CDATA[public void homeappliance.HomeAppliance.homeApplianceCategories() throws java.lang.InterruptedException]]>
              </value>
            </param>
          </params>
          <reporter-output>
          </reporter-output>
        </test-method> <!-- startExtent -->
        <test-method status="FAIL" signature="homeApplianceCategories()[pri:0, instance:homeappliance.HomeAppliance@69d9c55]" name="homeApplianceCategories" duration-ms="3249" started-at="2017-05-27T23:27:59Z" finished-at="2017-05-27T23:28:02Z">
          <exception class="org.openqa.selenium.ElementNotInteractableException">
            <message>
              <![CDATA[
Build info: version: '3.4.0', revision: 'unknown', time: 'unknown'
System info: host: 'KANGSTA', ip: '192.168.45.1', os.name: 'Windows 10', os.arch: 'amd64', os.version: '10.0', java.version: '1.8.0_121'
Driver info: org.openqa.selenium.firefox.FirefoxDriver
Capabilities [{moz:profile=C:\Users\saadi\AppData\Local\Temp\rust_mozprofile.bN17pWIdAjJX, rotatable=false, timeouts={implicit=0.0, pageLoad=300000.0, script=30000.0}, pageLoadStrategy=normal, platform=ANY, specificationLevel=0.0, moz:accessibilityChecks=false, acceptInsecureCerts=false, browserVersion=53.0.3, platformVersion=10.0, moz:processID=2548.0, browserName=firefox, javascriptEnabled=true, platformName=windows_nt}]
Session ID: 41393b46-b176-4678-bdd7-82afc1f37450]]>
            </message>
            <full-stacktrace>
              <![CDATA[org.openqa.selenium.ElementNotInteractableException: 
Build info: version: '3.4.0', revision: 'unknown', time: 'unknown'
System info: host: 'KANGSTA', ip: '192.168.45.1', os.name: 'Windows 10', os.arch: 'amd64', os.version: '10.0', java.version: '1.8.0_121'
Driver info: org.openqa.selenium.firefox.FirefoxDriver
Capabilities [{moz:profile=C:\Users\saadi\AppData\Local\Temp\rust_mozprofile.bN17pWIdAjJX, rotatable=false, timeouts={implicit=0.0, pageLoad=300000.0, script=30000.0}, pageLoadStrategy=normal, platform=ANY, specificationLevel=0.0, moz:accessibilityChecks=false, acceptInsecureCerts=false, browserVersion=53.0.3, platformVersion=10.0, moz:processID=2548.0, browserName=firefox, javascriptEnabled=true, platformName=windows_nt}]
Session ID: 41393b46-b176-4678-bdd7-82afc1f37450
	at sun.reflect.NativeConstructorAccessorImpl.newInstance0(Native Method)
	at sun.reflect.NativeConstructorAccessorImpl.newInstance(NativeConstructorAccessorImpl.java:62)
	at sun.reflect.DelegatingConstructorAccessorImpl.newInstance(DelegatingConstructorAccessorImpl.java:45)
	at java.lang.reflect.Constructor.newInstance(Constructor.java:423)
	at org.openqa.selenium.remote.http.W3CHttpResponseCodec.createException(W3CHttpResponseCodec.java:150)
	at org.openqa.selenium.remote.http.W3CHttpResponseCodec.decode(W3CHttpResponseCodec.java:115)
	at org.openqa.selenium.remote.http.W3CHttpResponseCodec.decode(W3CHttpResponseCodec.java:45)
	at org.openqa.selenium.remote.HttpCommandExecutor.execute(HttpCommandExecutor.java:164)
	at org.openqa.selenium.remote.service.DriverCommandExecutor.execute(DriverCommandExecutor.java:82)
	at org.openqa.selenium.remote.RemoteWebDriver.execute(RemoteWebDriver.java:637)
	at org.openqa.selenium.remote.RemoteWebElement.execute(RemoteWebElement.java:272)
	at org.openqa.selenium.remote.RemoteWebElement.click(RemoteWebElement.java:82)
	at sun.reflect.NativeMethodAccessorImpl.invoke0(Native Method)
	at sun.reflect.NativeMethodAccessorImpl.invoke(NativeMethodAccessorImpl.java:62)
	at sun.reflect.DelegatingMethodAccessorImpl.invoke(DelegatingMethodAccessorImpl.java:43)
	at java.lang.reflect.Method.invoke(Method.java:498)
	at org.openqa.selenium.support.pagefactory.internal.LocatingElementHandler.invoke(LocatingElementHandler.java:51)
	at com.sun.proxy.$Proxy9.click(Unknown Source)
	at homepage.HomePage.seeCategoriesHomeAppliancesOptions(HomePage.java:293)
	at homepage.HomePage.clickOnCategoriesHomeAppliancesTab(HomePage.java:437)
	at homeappliance.HomeAppliancesPage.homeAppliancesPageCategories(HomeAppliancesPage.java:16)
	at homeappliance.HomeAppliance.homeApplianceCategories(HomeAppliance.java:20)
	at sun.reflect.NativeMethodAccessorImpl.invoke0(Native Method)
	at sun.reflect.NativeMethodAccessorImpl.invoke(NativeMethodAccessorImpl.java:62)
	at sun.reflect.DelegatingMethodAccessorImpl.invoke(DelegatingMethodAccessorImpl.java:43)
	at java.lang.reflect.Method.invoke(Method.java:498)
	at org.testng.internal.MethodInvocationHelper.invokeMethod(MethodInvocationHelper.java:108)
	at org.testng.internal.Invoker.invokeMethod(Invoker.java:661)
	at org.testng.internal.Invoker.invokeTestMethod(Invoker.java:869)
	at org.testng.internal.Invoker.invokeTestMethods(Invoker.java:1193)
	at org.testng.internal.TestMethodWorker.invokeTestMethods(TestMethodWorker.java:126)
	at org.testng.internal.TestMethodWorker.run(TestMethodWorker.java:109)
	at org.testng.TestRunner.privateRun(TestRunner.java:744)
	at org.testng.TestRunner.run(TestRunner.java:602)
	at org.testng.SuiteRunner.runTest(SuiteRunner.java:380)
	at org.testng.SuiteRunner.access$000(SuiteRunner.java:39)
	at org.testng.SuiteRunner$SuiteWorker.run(SuiteRunner.java:414)
	at org.testng.internal.thread.ThreadUtil$1.call(ThreadUtil.java:52)
	at java.util.concurrent.FutureTask.run(FutureTask.java:266)
	at java.util.concurrent.ThreadPoolExecutor.runWorker(ThreadPoolExecutor.java:1142)
	at java.util.concurrent.ThreadPoolExecutor$Worker.run(ThreadPoolExecutor.java:617)
	at java.lang.Thread.run(Thread.java:745)
]]>
            </full-stacktrace>
          </exception> <!-- org.openqa.selenium.ElementNotInteractableException -->
          <reporter-output>
            <line>
              <![CDATA[Epic: HomeAppliance AC:1,2 <a https://peoplentch.atlassian.net/browse/GREEN-7> GREEN-7 </a>]]>
            </line>
            <line>
              <![CDATA[Launch local browser Instance]]>
            </line>
            <line>
              <![CDATA[Epic: Categories AC:1,2 <a https://peoplentch.atlassian.net/browse/GREEN-7> GREEN-7 </a>]]>
            </line>
            <line>
              <![CDATA[Launch local browser Instance]]>
            </line>
            <line>
              <![CDATA[HomePage: click On Categories Tab]]>
            </line>
            <line>
              <![CDATA[HomePage: see Categories Options]]>
            </line>
            <line>
              <![CDATA[HomeAppliancesPage: home Appliances Page Categories]]>
            </line>
            <line>
              <![CDATA[HomePage: click On Categories Home Appliances Tab]]>
            </line>
            <line>
              <![CDATA[HomePage: see Categories Home Appliances Options]]>
            </line>
          </reporter-output>
        </test-method> <!-- homeApplianceCategories -->
        <test-method status="PASS" signature="afterEachTestMethod(org.testng.ITestResult)[pri:0, instance:homeappliance.HomeAppliance@69d9c55]" name="afterEachTestMethod" is-config="true" duration-ms="1471" started-at="2017-05-27T23:28:02Z" finished-at="2017-05-27T23:28:04Z">
          <params>
            <param index="0">
              <value>
                <![CDATA[[TestResult name=homeApplianceCategories status=FAILURE method=HomeAppliance.homeApplianceCategories()[pri:0, instance:homeappliance.HomeAppliance@69d9c55] output=Epic: HomeAppliance AC:1,2 <a https://peoplentch.atlassian.net/browse/GREEN-7> GREEN-7 </a>]]]>
              </value>
            </param>
          </params>
          <reporter-output>
          </reporter-output>
        </test-method> <!-- afterEachTestMethod -->
        <test-method status="PASS" signature="cleanUp()[pri:0, instance:homeappliance.HomeAppliance@69d9c55]" name="cleanUp" is-config="true" duration-ms="1" started-at="2017-05-27T23:28:04Z" finished-at="2017-05-27T23:28:04Z">
          <reporter-output>
          </reporter-output>
        </test-method> <!-- cleanUp -->
      </class> <!-- homeappliance.HomeAppliance -->
      <class name="hardware.Hardware">
        <test-method status="PASS" signature="setUp(boolean, java.lang.String, java.lang.String, java.lang.String, java.lang.String, java.lang.String, java.lang.String)[pri:0, instance:hardware.Hardware@153f5a29]" name="setUp" is-config="true" duration-ms="11821" started-at="2017-05-27T23:27:12Z" finished-at="2017-05-27T23:27:24Z">
          <params>
            <param index="0">
              <value>
                <![CDATA[false]]>
              </value>
            </param>
            <param index="1">
              <value>
                <![CDATA[saucelabs]]>
              </value>
            </param>
            <param index="2">
              <value>
                <![CDATA[Windows]]>
              </value>
            </param>
            <param index="3">
              <value>
                <![CDATA[10]]>
              </value>
            </param>
            <param index="4">
              <value>
                <![CDATA[firefox]]>
              </value>
            </param>
            <param index="5">
              <value>
                <![CDATA[53.0]]>
              </value>
            </param>
            <param index="6">
              <value>
                <![CDATA[https://www.alibaba.com]]>
              </value>
            </param>
          </params>
          <reporter-output>
          </reporter-output>
        </test-method> <!-- setUp -->
        <test-method status="PASS" signature="startExtent(java.lang.reflect.Method)[pri:0, instance:hardware.Hardware@153f5a29]" name="startExtent" is-config="true" duration-ms="0" started-at="2017-05-27T23:27:24Z" finished-at="2017-05-27T23:27:24Z">
          <params>
            <param index="0">
              <value>
                <![CDATA[public void hardware.Hardware.hardwareCategories() throws java.lang.InterruptedException]]>
              </value>
            </param>
          </params>
          <reporter-output>
          </reporter-output>
        </test-method> <!-- startExtent -->
        <test-method status="PASS" signature="hardwareCategories()[pri:0, instance:hardware.Hardware@153f5a29]" name="hardwareCategories" duration-ms="4809" started-at="2017-05-27T23:27:24Z" finished-at="2017-05-27T23:27:29Z">
          <reporter-output>
            <line>
              <![CDATA[Epic: Hardware AC:1,2 <a https://peoplentch.atlassian.net/browse/GREEN-7> GREEN-7 </a>]]>
            </line>
            <line>
              <![CDATA[Launch local browser Instance]]>
            </line>
            <line>
              <![CDATA[Epic: Categories AC:1,2 <a https://peoplentch.atlassian.net/browse/GREEN-7> GREEN-7 </a>]]>
            </line>
            <line>
              <![CDATA[Launch local browser Instance]]>
            </line>
            <line>
              <![CDATA[HomePage: click On Categories Tab]]>
            </line>
            <line>
              <![CDATA[HomePage: see Categories Options]]>
            </line>
            <line>
              <![CDATA[HardwarePage: hardware Page Categories]]>
            </line>
            <line>
              <![CDATA[HomePage: click On Categories Hardware Tab]]>
            </line>
            <line>
              <![CDATA[HomePage: see Categories Hardware Options]]>
            </line>
          </reporter-output>
        </test-method> <!-- hardwareCategories -->
        <test-method status="PASS" signature="afterEachTestMethod(org.testng.ITestResult)[pri:0, instance:hardware.Hardware@153f5a29]" name="afterEachTestMethod" is-config="true" duration-ms="2218" started-at="2017-05-27T23:27:29Z" finished-at="2017-05-27T23:27:31Z">
          <params>
            <param index="0">
              <value>
                <![CDATA[[TestResult name=hardwareCategories status=SUCCESS method=Hardware.hardwareCategories()[pri:0, instance:hardware.Hardware@153f5a29] output=Epic: Hardware AC:1,2 <a https://peoplentch.atlassian.net/browse/GREEN-7> GREEN-7 </a>]]]>
              </value>
            </param>
          </params>
          <reporter-output>
          </reporter-output>
        </test-method> <!-- afterEachTestMethod -->
        <test-method status="PASS" signature="cleanUp()[pri:0, instance:hardware.Hardware@153f5a29]" name="cleanUp" is-config="true" duration-ms="1" started-at="2017-05-27T23:27:31Z" finished-at="2017-05-27T23:27:31Z">
          <reporter-output>
          </reporter-output>
        </test-method> <!-- cleanUp -->
      </class> <!-- hardware.Hardware -->
      <class name="homeandgarden.HomeAndGarden">
        <test-method status="PASS" signature="setUp(boolean, java.lang.String, java.lang.String, java.lang.String, java.lang.String, java.lang.String, java.lang.String)[pri:0, instance:homeandgarden.HomeAndGarden@7946e1f4]" name="setUp" is-config="true" duration-ms="10791" started-at="2017-05-27T23:30:12Z" finished-at="2017-05-27T23:30:23Z">
          <params>
            <param index="0">
              <value>
                <![CDATA[false]]>
              </value>
            </param>
            <param index="1">
              <value>
                <![CDATA[saucelabs]]>
              </value>
            </param>
            <param index="2">
              <value>
                <![CDATA[Windows]]>
              </value>
            </param>
            <param index="3">
              <value>
                <![CDATA[10]]>
              </value>
            </param>
            <param index="4">
              <value>
                <![CDATA[firefox]]>
              </value>
            </param>
            <param index="5">
              <value>
                <![CDATA[53.0]]>
              </value>
            </param>
            <param index="6">
              <value>
                <![CDATA[https://www.alibaba.com]]>
              </value>
            </param>
          </params>
          <reporter-output>
          </reporter-output>
        </test-method> <!-- setUp -->
        <test-method status="PASS" signature="homeAndGardenCategories()[pri:0, instance:homeandgarden.HomeAndGarden@7946e1f4]" name="homeAndGardenCategories" duration-ms="4641" started-at="2017-05-27T23:30:23Z" finished-at="2017-05-27T23:30:28Z">
          <reporter-output>
            <line>
              <![CDATA[Epic: HomeAndGarden AC:1,2 <a https://peoplentch.atlassian.net/browse/GREEN-7> GREEN-7 </a>]]>
            </line>
            <line>
              <![CDATA[Launch local browser Instance]]>
            </line>
            <line>
              <![CDATA[Epic: Categories AC:1,2 <a https://peoplentch.atlassian.net/browse/GREEN-7> GREEN-7 </a>]]>
            </line>
            <line>
              <![CDATA[Launch local browser Instance]]>
            </line>
            <line>
              <![CDATA[HomePage: click On Categories Tab]]>
            </line>
            <line>
              <![CDATA[HomePage: see Categories Options]]>
            </line>
            <line>
              <![CDATA[HomeAndGardenPage: home And Garden Page Categories]]>
            </line>
            <line>
              <![CDATA[HomePage: click On Categories Home And Garden Tab]]>
            </line>
            <line>
              <![CDATA[HomePage: see Categories Home And Garden Options]]>
            </line>
          </reporter-output>
        </test-method> <!-- homeAndGardenCategories -->
        <test-method status="PASS" signature="startExtent(java.lang.reflect.Method)[pri:0, instance:homeandgarden.HomeAndGarden@7946e1f4]" name="startExtent" is-config="true" duration-ms="0" started-at="2017-05-27T23:30:23Z" finished-at="2017-05-27T23:30:23Z">
          <params>
            <param index="0">
              <value>
                <![CDATA[public void homeandgarden.HomeAndGarden.homeAndGardenCategories() throws java.lang.InterruptedException]]>
              </value>
            </param>
          </params>
          <reporter-output>
          </reporter-output>
        </test-method> <!-- startExtent -->
        <test-method status="PASS" signature="afterEachTestMethod(org.testng.ITestResult)[pri:0, instance:homeandgarden.HomeAndGarden@7946e1f4]" name="afterEachTestMethod" is-config="true" duration-ms="1740" started-at="2017-05-27T23:30:28Z" finished-at="2017-05-27T23:30:30Z">
          <params>
            <param index="0">
              <value>
                <![CDATA[[TestResult name=homeAndGardenCategories status=SUCCESS method=HomeAndGarden.homeAndGardenCategories()[pri:0, instance:homeandgarden.HomeAndGarden@7946e1f4] output=Epic: HomeAndGarden AC:1,2 <a https://peoplentch.atlassian.net/browse/GREEN-7> GREEN-7 </a>]]]>
              </value>
            </param>
          </params>
          <reporter-output>
          </reporter-output>
        </test-method> <!-- afterEachTestMethod -->
        <test-method status="PASS" signature="cleanUp()[pri:0, instance:homeandgarden.HomeAndGarden@7946e1f4]" name="cleanUp" is-config="true" duration-ms="0" started-at="2017-05-27T23:30:30Z" finished-at="2017-05-27T23:30:30Z">
          <reporter-output>
          </reporter-output>
        </test-method> <!-- cleanUp -->
      </class> <!-- homeandgarden.HomeAndGarden -->
      <class name="plastics.Plastics">
        <test-method status="PASS" signature="setUp(boolean, java.lang.String, java.lang.String, java.lang.String, java.lang.String, java.lang.String, java.lang.String)[pri:0, instance:plastics.Plastics@174d20a]" name="setUp" is-config="true" duration-ms="10520" started-at="2017-05-27T23:34:30Z" finished-at="2017-05-27T23:34:40Z">
          <params>
            <param index="0">
              <value>
                <![CDATA[false]]>
              </value>
            </param>
            <param index="1">
              <value>
                <![CDATA[saucelabs]]>
              </value>
            </param>
            <param index="2">
              <value>
                <![CDATA[Windows]]>
              </value>
            </param>
            <param index="3">
              <value>
                <![CDATA[10]]>
              </value>
            </param>
            <param index="4">
              <value>
                <![CDATA[firefox]]>
              </value>
            </param>
            <param index="5">
              <value>
                <![CDATA[53.0]]>
              </value>
            </param>
            <param index="6">
              <value>
                <![CDATA[https://www.alibaba.com]]>
              </value>
            </param>
          </params>
          <reporter-output>
          </reporter-output>
        </test-method> <!-- setUp -->
        <test-method status="PASS" signature="plasticsCategories()[pri:0, instance:plastics.Plastics@174d20a]" name="plasticsCategories" duration-ms="4732" started-at="2017-05-27T23:34:40Z" finished-at="2017-05-27T23:34:45Z">
          <reporter-output>
            <line>
              <![CDATA[Epic: Plastics AC:1,2 <a https://peoplentch.atlassian.net/browse/GREEN-7> GREEN-7 </a>]]>
            </line>
            <line>
              <![CDATA[Launch local browser Instance]]>
            </line>
            <line>
              <![CDATA[Epic: Categories AC:1,2 <a https://peoplentch.atlassian.net/browse/GREEN-7> GREEN-7 </a>]]>
            </line>
            <line>
              <![CDATA[Launch local browser Instance]]>
            </line>
            <line>
              <![CDATA[HomePage: click On Categories Tab]]>
            </line>
            <line>
              <![CDATA[HomePage: see Categories Options]]>
            </line>
            <line>
              <![CDATA[PlasticsPage: plastics Page Categories]]>
            </line>
            <line>
              <![CDATA[HomePage: click On Categories Plastics Tab]]>
            </line>
            <line>
              <![CDATA[HomePage: see Categories Plastics Options]]>
            </line>
          </reporter-output>
        </test-method> <!-- plasticsCategories -->
        <test-method status="PASS" signature="startExtent(java.lang.reflect.Method)[pri:0, instance:plastics.Plastics@174d20a]" name="startExtent" is-config="true" duration-ms="0" started-at="2017-05-27T23:34:40Z" finished-at="2017-05-27T23:34:40Z">
          <params>
            <param index="0">
              <value>
                <![CDATA[public void plastics.Plastics.plasticsCategories() throws java.lang.InterruptedException]]>
              </value>
            </param>
          </params>
          <reporter-output>
          </reporter-output>
        </test-method> <!-- startExtent -->
        <test-method status="PASS" signature="afterEachTestMethod(org.testng.ITestResult)[pri:0, instance:plastics.Plastics@174d20a]" name="afterEachTestMethod" is-config="true" duration-ms="1645" started-at="2017-05-27T23:34:45Z" finished-at="2017-05-27T23:34:47Z">
          <params>
            <param index="0">
              <value>
                <![CDATA[[TestResult name=plasticsCategories status=SUCCESS method=Plastics.plasticsCategories()[pri:0, instance:plastics.Plastics@174d20a] output=Epic: Plastics AC:1,2 <a https://peoplentch.atlassian.net/browse/GREEN-7> GREEN-7 </a>]]]>
              </value>
            </param>
          </params>
          <reporter-output>
          </reporter-output>
        </test-method> <!-- afterEachTestMethod -->
        <test-method status="PASS" signature="cleanUp()[pri:0, instance:plastics.Plastics@174d20a]" name="cleanUp" is-config="true" duration-ms="0" started-at="2017-05-27T23:34:47Z" finished-at="2017-05-27T23:34:47Z">
          <reporter-output>
          </reporter-output>
        </test-method> <!-- cleanUp -->
      </class> <!-- plastics.Plastics -->
      <class name="energy.Energy">
        <test-method status="PASS" signature="setUp(boolean, java.lang.String, java.lang.String, java.lang.String, java.lang.String, java.lang.String, java.lang.String)[pri:0, instance:energy.Energy@66d2e7d9]" name="setUp" is-config="true" duration-ms="11974" started-at="2017-05-27T23:34:47Z" finished-at="2017-05-27T23:34:59Z">
          <params>
            <param index="0">
              <value>
                <![CDATA[false]]>
              </value>
            </param>
            <param index="1">
              <value>
                <![CDATA[saucelabs]]>
              </value>
            </param>
            <param index="2">
              <value>
                <![CDATA[Windows]]>
              </value>
            </param>
            <param index="3">
[...]
          <params>
            <param index="0">
              <value>
                <![CDATA[[TestResult name=chemicalsCategories status=SUCCESS method=Chemicals.chemicalsCategories()[pri:0, instance:chemicals.Chemicals@7921b0a2] output=Epic: Metro AC:1,2 <a https://peoplentch.atlassian.net/browse/GREEN-7> GREEN-7 </a>]]]>
              </value>
            </param>
          </params>
          <reporter-output>
          </reporter-output>
        </test-method> <!-- afterEachTestMethod -->
        <test-method status="PASS" signature="cleanUp()[pri:0, instance:chemicals.Chemicals@7921b0a2]" name="cleanUp" is-config="true" duration-ms="0" started-at="2017-05-27T23:34:30Z" finished-at="2017-05-27T23:34:30Z">
          <reporter-output>
          </reporter-output>
        </test-method> <!-- cleanUp -->
      </class> <!-- chemicals.Chemicals -->
      <class name="furniture.Furniture">
        <test-method status="PASS" signature="setUp(boolean, java.lang.String, java.lang.String, java.lang.String, java.lang.String, java.lang.String, java.lang.String)[pri:0, instance:furniture.Furniture@b97c004]" name="setUp" is-config="true" duration-ms="10624" started-at="2017-05-27T23:31:03Z" finished-at="2017-05-27T23:31:14Z">
          <params>
            <param index="0">
              <value>
                <![CDATA[false]]>
              </value>
            </param>
            <param index="1">
              <value>
                <![CDATA[saucelabs]]>
              </value>
            </param>
            <param index="2">
              <value>
                <![CDATA[Windows]]>
              </value>
            </param>
            <param index="3">
              <value>
                <![CDATA[10]]>
              </value>
            </param>
            <param index="4">
              <value>
                <![CDATA[firefox]]>
              </value>
            </param>
            <param index="5">
              <value>
                <![CDATA[53.0]]>
              </value>
            </param>
            <param index="6">
              <value>
                <![CDATA[https://www.alibaba.com]]>
              </value>
            </param>
          </params>
          <reporter-output>
          </reporter-output>
        </test-method> <!-- setUp -->
        <test-method status="PASS" signature="furnitureCategories()[pri:0, instance:furniture.Furniture@b97c004]" name="furnitureCategories" duration-ms="4662" started-at="2017-05-27T23:31:14Z" finished-at="2017-05-27T23:31:19Z">
          <reporter-output>
            <line>
              <![CDATA[Epic: Furniture AC:1,2 <a https://peoplentch.atlassian.net/browse/GREEN-7> GREEN-7 </a>]]>
            </line>
            <line>
              <![CDATA[Launch local browser Instance]]>
            </line>
            <line>
              <![CDATA[Epic: Categories AC:1,2 <a https://peoplentch.atlassian.net/browse/GREEN-7> GREEN-7 </a>]]>
            </line>
            <line>
              <![CDATA[Launch local browser Instance]]>
            </line>
            <line>
              <![CDATA[HomePage: click On Categories Tab]]>
            </line>
            <line>
              <![CDATA[HomePage: see Categories Options]]>
            </line>
            <line>
              <![CDATA[FurniturePage: furniture Page Categories]]>
            </line>
            <line>
              <![CDATA[HomePage: click On Categories Furniture Tab]]>
            </line>
            <line>
              <![CDATA[HomePage: see Categories Furniture Options]]>
            </line>
          </reporter-output>
        </test-method> <!-- furnitureCategories -->
        <test-method status="PASS" signature="startExtent(java.lang.reflect.Method)[pri:0, instance:furniture.Furniture@b97c004]" name="startExtent" is-config="true" duration-ms="0" started-at="2017-05-27T23:31:14Z" finished-at="2017-05-27T23:31:14Z">
          <params>
            <param index="0">
              <value>
                <![CDATA[public void furniture.Furniture.furnitureCategories() throws java.lang.InterruptedException]]>
              </value>
            </param>
          </params>
          <reporter-output>
          </reporter-output>
        </test-method> <!-- startExtent -->
        <test-method status="PASS" signature="afterEachTestMethod(org.testng.ITestResult)[pri:0, instance:furniture.Furniture@b97c004]" name="afterEachTestMethod" is-config="true" duration-ms="758" started-at="2017-05-27T23:31:19Z" finished-at="2017-05-27T23:31:19Z">
          <params>
            <param index="0">
              <value>
                <![CDATA[[TestResult name=furnitureCategories status=SUCCESS method=Furniture.furnitureCategories()[pri:0, instance:furniture.Furniture@b97c004] output=Epic: Furniture AC:1,2 <a https://peoplentch.atlassian.net/browse/GREEN-7> GREEN-7 </a>]]]>
              </value>
            </param>
          </params>
          <reporter-output>
          </reporter-output>
        </test-method> <!-- afterEachTestMethod -->
        <test-method status="PASS" signature="cleanUp()[pri:0, instance:furniture.Furniture@b97c004]" name="cleanUp" is-config="true" duration-ms="1" started-at="2017-05-27T23:31:19Z" finished-at="2017-05-27T23:31:19Z">
          <reporter-output>
          </reporter-output>
        </test-method> <!-- cleanUp -->
      </class> <!-- furniture.Furniture -->
      <class name="telecoms.Telecoms">
        <test-method status="PASS" signature="setUp(boolean, java.lang.String, java.lang.String, java.lang.String, java.lang.String, java.lang.String, java.lang.String)[pri:0, instance:telecoms.Telecoms@2344fc66]" name="setUp" is-config="true" duration-ms="11437" started-at="2017-05-27T23:32:46Z" finished-at="2017-05-27T23:32:58Z">
          <params>
            <param index="0">
              <value>
                <![CDATA[false]]>
              </value>
            </param>
            <param index="1">
              <value>
                <![CDATA[saucelabs]]>
              </value>
            </param>
            <param index="2">
              <value>
                <![CDATA[Windows]]>
              </value>
            </param>
            <param index="3">
              <value>
                <![CDATA[10]]>
              </value>
            </param>
            <param index="4">
              <value>
                <![CDATA[firefox]]>
              </value>
            </param>
            <param index="5">
              <value>
                <![CDATA[53.0]]>
              </value>
            </param>
            <param index="6">
              <value>
                <![CDATA[https://www.alibaba.com]]>
              </value>
            </param>
          </params>
          <reporter-output>
          </reporter-output>
        </test-method> <!-- setUp -->
        <test-method status="PASS" signature="startExtent(java.lang.reflect.Method)[pri:0, instance:telecoms.Telecoms@2344fc66]" name="startExtent" is-config="true" duration-ms="0" started-at="2017-05-27T23:32:58Z" finished-at="2017-05-27T23:32:58Z">
          <params>
            <param index="0">
              <value>
                <![CDATA[public void telecoms.Telecoms.telecomsCategories() throws java.lang.InterruptedException]]>
              </value>
            </param>
          </params>
          <reporter-output>
          </reporter-output>
        </test-method> <!-- startExtent -->
        <test-method status="PASS" signature="telecomsCategories()[pri:0, instance:telecoms.Telecoms@2344fc66]" name="telecomsCategories" duration-ms="4538" started-at="2017-05-27T23:32:58Z" finished-at="2017-05-27T23:33:02Z">
          <reporter-output>
            <line>
              <![CDATA[Epic: Telecoms AC:1,2 <a https://peoplentch.atlassian.net/browse/GREEN-7> GREEN-7 </a>]]>
            </line>
            <line>
              <![CDATA[Launch local browser Instance]]>
            </line>
            <line>
              <![CDATA[Epic: Categories AC:1,2 <a https://peoplentch.atlassian.net/browse/GREEN-7> GREEN-7 </a>]]>
            </line>
            <line>
              <![CDATA[Launch local browser Instance]]>
            </line>
            <line>
              <![CDATA[HomePage: click On Categories Tab]]>
            </line>
            <line>
              <![CDATA[HomePage: see Categories Options]]>
            </line>
            <line>
              <![CDATA[TelecomsPage: telecoms Page Categories]]>
            </line>
            <line>
              <![CDATA[HomePage: click On Categories Telecoms Tab]]>
            </line>
            <line>
              <![CDATA[HomePage: see Categories Telecoms Options]]>
            </line>
          </reporter-output>
        </test-method> <!-- telecomsCategories -->
        <test-method status="PASS" signature="afterEachTestMethod(org.testng.ITestResult)[pri:0, instance:telecoms.Telecoms@2344fc66]" name="afterEachTestMethod" is-config="true" duration-ms="1572" started-at="2017-05-27T23:33:02Z" finished-at="2017-05-27T23:33:04Z">
          <params>
            <param index="0">
              <value>
                <![CDATA[[TestResult name=telecomsCategories status=SUCCESS method=Telecoms.telecomsCategories()[pri:0, instance:telecoms.Telecoms@2344fc66] output=Epic: Telecoms AC:1,2 <a https://peoplentch.atlassian.net/browse/GREEN-7> GREEN-7 </a>]]]>
              </value>
            </param>
          </params>
          <reporter-output>
          </reporter-output>
        </test-method> <!-- afterEachTestMethod -->
        <test-method status="PASS" signature="cleanUp()[pri:0, instance:telecoms.Telecoms@2344fc66]" name="cleanUp" is-config="true" duration-ms="0" started-at="2017-05-27T23:33:04Z" finished-at="2017-05-27T23:33:04Z">
          <reporter-output>
          </reporter-output>
        </test-method> <!-- cleanUp -->
      </class> <!-- telecoms.Telecoms -->
      <class name="electricalequipment.ElectricalEquipment">
        <test-method status="PASS" signature="setUp(boolean, java.lang.String, java.lang.String, java.lang.String, java.lang.String, java.lang.String, java.lang.String)[pri:0, instance:electricalequipment.ElectricalEquipment@6574b225]" name="setUp" is-config="true" duration-ms="10483" started-at="2017-05-27T23:32:12Z" finished-at="2017-05-27T23:32:23Z">
          <params>
            <param index="0">
              <value>
                <![CDATA[false]]>
              </value>
            </param>
            <param index="1">
              <value>
                <![CDATA[saucelabs]]>
              </value>
            </param>
            <param index="2">
              <value>
                <![CDATA[Windows]]>
              </value>
            </param>
            <param index="3">
              <value>
                <![CDATA[10]]>
              </value>
            </param>
            <param index="4">
              <value>
                <![CDATA[firefox]]>
              </value>
            </param>
            <param index="5">
              <value>
                <![CDATA[53.0]]>
              </value>
            </param>
            <param index="6">
              <value>
                <![CDATA[https://www.alibaba.com]]>
              </value>
            </param>
          </params>
          <reporter-output>
          </reporter-output>
        </test-method> <!-- setUp -->
        <test-method status="PASS" signature="startExtent(java.lang.reflect.Method)[pri:0, instance:electricalequipment.ElectricalEquipment@6574b225]" name="startExtent" is-config="true" duration-ms="1" started-at="2017-05-27T23:32:23Z" finished-at="2017-05-27T23:32:23Z">
          <params>
            <param index="0">
              <value>
                <![CDATA[public void electricalequipment.ElectricalEquipment.electricalEquipmentCategories() throws java.lang.InterruptedException]]>
              </value>
            </param>
          </params>
          <reporter-output>
          </reporter-output>
        </test-method> <!-- startExtent -->
        <test-method status="PASS" signature="electricalEquipmentCategories()[pri:0, instance:electricalequipment.ElectricalEquipment@6574b225]" name="electricalEquipmentCategories" duration-ms="4829" started-at="2017-05-27T23:32:23Z" finished-at="2017-05-27T23:32:28Z">
          <reporter-output>
            <line>
              <![CDATA[Epic: Metro AC:1,2 <a https://peoplentch.atlassian.net/browse/GREEN-7> GREEN-7 </a>]]>
            </line>
            <line>
              <![CDATA[Launch local browser Instance]]>
            </line>
            <line>
              <![CDATA[Epic: Categories AC:1,2 <a https://peoplentch.atlassian.net/browse/GREEN-7> GREEN-7 </a>]]>
            </line>
            <line>
              <![CDATA[Launch local browser Instance]]>
            </line>
            <line>
              <![CDATA[HomePage: click On Categories Tab]]>
            </line>
            <line>
              <![CDATA[HomePage: see Categories Options]]>
            </line>
            <line>
              <![CDATA[ElectricalEquipmentPage: electrical Equipment Page Categories]]>
            </line>
            <line>
              <![CDATA[HomePage: click On Categories Electrical Equipment Tab]]>
            </line>
            <line>
              <![CDATA[HomePage: see Categories Electrical Equipment Options]]>
            </line>
          </reporter-output>
        </test-method> <!-- electricalEquipmentCategories -->
        <test-method status="PASS" signature="afterEachTestMethod(org.testng.ITestResult)[pri:0, instance:electricalequipment.ElectricalEquipment@6574b225]" name="afterEachTestMethod" is-config="true" duration-ms="1287" started-at="2017-05-27T23:32:28Z" finished-at="2017-05-27T23:32:29Z">
          <params>
            <param index="0">
              <value>
                <![CDATA[[TestResult name=electricalEquipmentCategories status=SUCCESS method=ElectricalEquipment.electricalEquipmentCategories()[pri:0, instance:electricalequipment.ElectricalEquipment@6574b225] output=Epic: Metro AC:1,2 <a https://peoplentch.atlassian.net/browse/GREEN-7> GREEN-7 </a>]]]>
              </value>
            </param>
          </params>
          <reporter-output>
          </reporter-output>
        </test-method> <!-- afterEachTestMethod -->
        <test-method status="PASS" signature="cleanUp()[pri:0, instance:electricalequipment.ElectricalEquipment@6574b225]" name="cleanUp" is-config="true" duration-ms="0" started-at="2017-05-27T23:32:29Z" finished-at="2017-05-27T23:32:29Z">
          <reporter-output>
          </reporter-output>
        </test-method> <!-- cleanUp -->
      </class> <!-- electricalequipment.ElectricalEquipment -->
      <class name="categories.Categories">
        <test-method status="PASS" signature="extentSetup(org.testng.ITestContext)[pri:0, instance:categories.Categories@12843fce]" name="extentSetup" is-config="true" duration-ms="575" started-at="2017-05-27T23:25:57Z" finished-at="2017-05-27T23:25:58Z">
          <params>
            <param index="0">
              <value>
                <![CDATA[org.testng.TestRunner@731f8236]]>
              </value>
            </param>
          </params>
          <reporter-output>
            <line>
              <![CDATA[Extent Report directory: C:\Users\saadi\workspace\FromGitHub\Git-Saved-For-Later\WebAutomation\AliBaba\target\surefire-reports\html]]>
            </line>
          </reporter-output>
        </test-method> <!-- extentSetup -->
        <test-method status="PASS" signature="setUp(boolean, java.lang.String, java.lang.String, java.lang.String, java.lang.String, java.lang.String, java.lang.String)[pri:0, instance:categories.Categories@12843fce]" name="setUp" is-config="true" duration-ms="14398" started-at="2017-05-27T23:25:58Z" finished-at="2017-05-27T23:26:12Z">
          <params>
            <param index="0">
              <value>
                <![CDATA[false]]>
              </value>
            </param>
            <param index="1">
              <value>
                <![CDATA[saucelabs]]>
              </value>
            </param>
            <param index="2">
              <value>
                <![CDATA[Windows]]>
              </value>
            </param>
            <param index="3">
              <value>
                <![CDATA[10]]>
              </value>
            </param>
            <param index="4">
              <value>
                <![CDATA[firefox]]>
              </value>
            </param>
            <param index="5">
              <value>
                <![CDATA[53.0]]>
              </value>
            </param>
            <param index="6">
              <value>
                <![CDATA[https://www.alibaba.com]]>
              </value>
            </param>
          </params>
          <reporter-output>
          </reporter-output>
        </test-method> <!-- setUp -->
        <test-method status="PASS" signature="startExtent(java.lang.reflect.Method)[pri:0, instance:categories.Categories@12843fce]" name="startExtent" is-config="true" duration-ms="12" started-at="2017-05-27T23:26:12Z" finished-at="2017-05-27T23:26:12Z">
          <params>
            <param index="0">
              <value>
                <![CDATA[public void categories.Categories.categories() throws java.lang.InterruptedException]]>
              </value>
            </param>
          </params>
          <reporter-output>
          </reporter-output>
        </test-method> <!-- startExtent -->
        <test-method status="PASS" signature="categories()[pri:0, instance:categories.Categories@12843fce]" name="categories" duration-ms="3300" started-at="2017-05-27T23:26:12Z" finished-at="2017-05-27T23:26:15Z">
          <reporter-output>
            <line>
              <![CDATA[Epic: Categories AC:1,2 <a https://peoplentch.atlassian.net/browse/GREEN-7> GREEN-7 </a>]]>
            </line>
            <line>
              <![CDATA[Launch local browser Instance]]>
            </line>
            <line>
              <![CDATA[HomePage: click On Categories Tab]]>
            </line>
            <line>
              <![CDATA[HomePage: see Categories Options]]>
            </line>
          </reporter-output>
        </test-method> <!-- categories -->
        <test-method status="PASS" signature="afterEachTestMethod(org.testng.ITestResult)[pri:0, instance:categories.Categories@12843fce]" name="afterEachTestMethod" is-config="true" duration-ms="1645" started-at="2017-05-27T23:26:15Z" finished-at="2017-05-27T23:26:17Z">
          <params>
            <param index="0">
              <value>
                <![CDATA[[TestResult name=categories status=SUCCESS method=Categories.categories()[pri:0, instance:categories.Categories@12843fce] output=Epic: Categories AC:1,2 <a https://peoplentch.atlassian.net/browse/GREEN-7> GREEN-7 </a>]]]>
              </value>
            </param>
          </params>
          <reporter-output>
          </reporter-output>
        </test-method> <!-- afterEachTestMethod -->
        <test-method status="PASS" signature="cleanUp()[pri:0, instance:categories.Categories@12843fce]" name="cleanUp" is-config="true" duration-ms="1" started-at="2017-05-27T23:26:17Z" finished-at="2017-05-27T23:26:17Z">
          <reporter-output>
          </reporter-output>
        </test-method> <!-- cleanUp -->
        <test-method status="PASS" signature="generateReport()[pri:0, instance:categories.Categories@12843fce]" name="generateReport" is-config="true" duration-ms="87" started-at="2017-05-27T23:36:11Z" finished-at="2017-05-27T23:36:11Z">
          <reporter-output>
          </reporter-output>
        </test-method> <!-- generateReport -->
      </class> <!-- categories.Categories -->
    </test> <!-- AliBaba Home -->
  </suite> <!-- AliBaba -->
</testng-results>
