<?xml version="1.0" encoding="UTF-8" ?>
<testsuite tests="1" failures="1" name="home.TestLogin" time="20.193" errors="0" skipped="0">
  <properties>
[...]
</properties>
  <testcase classname="home.TestLogin" name="login" time="20.193">
    <failure message="Unable to locate element: *[name=&apos;email&apos;]
For documentation on this error, please visit: http://seleniumhq.org/exceptions/no_such_element.html
Build info: version: &apos;3.4.0&apos;, revision: &apos;unknown&apos;, time: &apos;unknown&apos;
System info: host: &apos;PEOPLENTECH_NYA&apos;, ip: &apos;10.11.11.31&apos;, os.name: &apos;Windows 10&apos;, os.arch: &apos;amd64&apos;, os.version: &apos;10.0&apos;, java.version: &apos;1.8.0_111&apos;
Driver info: org.openqa.selenium.firefox.FirefoxDriver
Capabilities [{moz:profile=C:\Users\PIIT_NYA\AppData\Local\Temp\rust_mozprofile.QOAaUlh7eBay, rotatable=false, timeouts={implicit=0.0, pageLoad=300000.0, script=30000.0}, pageLoadStrategy=normal, platform=ANY, specificationLevel=0.0, moz:accessibilityChecks=false, acceptInsecureCerts=false, browserVersion=53.0.2, platformVersion=10.0, moz:processID=8608.0, browserName=firefox, javascriptEnabled=true, platformName=windows_nt}]
Session ID: 8b8f9f05-11c1-481f-9a96-8f336df5d901
*** Element info: {Using=name, value=email}" type="org.openqa.selenium.NoSuchElementException">org.openqa.selenium.NoSuchElementException: Unable to locate element: *[name=&apos;email&apos;]
For documentation on this error, please visit: http://seleniumhq.org/exceptions/no_such_element.html
Build info: version: &apos;3.4.0&apos;, revision: &apos;unknown&apos;, time: &apos;unknown&apos;
System info: host: &apos;PEOPLENTECH_NYA&apos;, ip: &apos;10.11.11.31&apos;, os.name: &apos;Windows 10&apos;, os.arch: &apos;amd64&apos;, os.version: &apos;10.0&apos;, java.version: &apos;1.8.0_111&apos;
Driver info: org.openqa.selenium.firefox.FirefoxDriver
Capabilities [{moz:profile=C:\Users\PIIT_NYA\AppData\Local\Temp\rust_mozprofile.QOAaUlh7eBay, rotatable=false, timeouts={implicit=0.0, pageLoad=300000.0, script=30000.0}, pageLoadStrategy=normal, platform=ANY, specificationLevel=0.0, moz:accessibilityChecks=false, acceptInsecureCerts=false, browserVersion=53.0.2, platformVersion=10.0, moz:processID=8608.0, browserName=firefox, javascriptEnabled=true, platformName=windows_nt}]
Session ID: 8b8f9f05-11c1-481f-9a96-8f336df5d901
*** Element info: {Using=name, value=email}
	at sun.reflect.NativeConstructorAccessorImpl.newInstance0(Native Method)
	at sun.reflect.NativeConstructorAccessorImpl.newInstance(NativeConstructorAccessorImpl.java:62)
	at sun.reflect.DelegatingConstructorAccessorImpl.newInstance(DelegatingConstructorAccessorImpl.java:45)
	at java.lang.reflect.Constructor.newInstance(Constructor.java:423)
	at org.openqa.selenium.remote.http.W3CHttpResponseCodec.createException(W3CHttpResponseCodec.java:150)
	at org.openqa.selenium.remote.http.W3CHttpResponseCodec.decode(W3CHttpResponseCodec.java:115)
	at org.openqa.selenium.remote.http.W3CHttpResponseCodec.decode(W3CHttpResponseCodec.java:45)
	at org.openqa.selenium.remote.HttpCommandExecutor.execute(HttpCommandExecutor.java:164)
	at org.openqa.selenium.remote.service.DriverCommandExecutor.execute(DriverCommandExecutor.java:82)
	at org.openqa.selenium.remote.RemoteWebDriver.execute(RemoteWebDriver.java:637)
	at org.openqa.selenium.remote.RemoteWebDriver.findElement(RemoteWebDriver.java:410)
	at org.openqa.selenium.remote.RemoteWebDriver.findElementByName(RemoteWebDriver.java:485)
	at org.openqa.selenium.By$ByName.findElement(By.java:303)
	at org.openqa.selenium.remote.RemoteWebDriver.findElement(RemoteWebDriver.java:402)
	at home.TestLogin.login(TestLogin.java:13)
</failure>
    <system-out>Configuring TestNG with: org.apache.maven.surefire.testng.conf.TestNG652Configurator@1e81f4dc
</system-out>
    <system-err>1494183066630	geckodriver	INFO	Listening on 127.0.0.1:21889
1494183067402	geckodriver::marionette	INFO	Starting browser \\?\C:\Program Files (x86)\Mozilla Firefox\firefox.exe with args [&quot;-marionette&quot;]
1494183067J65avaScr2i	pta dedrornosr.:m arneasgoeru	rEcReR:O/R/	gsrtea/rmtoudpu lfeasi/lAeddd:o n[MEaxncaegpetri.ojns... &quot;Component returned failure code: 0x80070m057 (NS_ERROR_ILLEGAL_VALUE) [nsIFile.create]&quot;  nsresult: &quot;0x80070057 (NS_ERROR_ILLEGAL_VALUE)&quot;  location: &quot;JS frame :: resource://gre/modules/FileUtils.jsm :: FileUtils_getDir :: line 70&quot;  data: no] Stack trace,:  lFiilneeU t1i6l5s_ge7t:D iNrS()@resource:_/E/RgRrOeR/_mNoOTdules/FileUtils.jsm:70 &lt; FileUtils_getFile()@resource://gre/modules/FileUtils.jsm:42 &lt; validateBlocklist()@resource://gre/modules/AddonManager.jsm:671 &lt; startup()@resource://gre/modules/AddonManager.jsm:834 &lt; startup()@resource://gre/modules/AddonManager.jsm:3129 &lt; observe()@resource://gre/components/addonManager.js:65
_INITIALIZED: AddonManager is not initialized
1494183070190	Marionette	INFO	Listening on port 50521
JavaScript error: resource://gre/modules/AddonManager.jsm, line 2570: NS_ERROR_NOT_INITIALIZED: AddonManager is not initialized
May 07, 2017 2:51:10 PM org.openqa.selenium.remote.ProtocolHandshake createSession
INFO: Detected dialect: W3C
</system-err>
  </testcase>
</testsuite>